CRITICAL - 2024-05-21 07:14:57 --> Call to undefined method App\Models\Users_model::get_details_with_salary_term
in SYSTEMPATH\Model.php on line 838.
 1 APPPATH\Controllers\Team_members.php(316): CodeIgniter\Model->__call('get_details_with_salary_term', [...])
 2 SYSTEMPATH\CodeIgniter.php(932): App\Controllers\Team_members->list_data()
 3 SYSTEMPATH\CodeIgniter.php(497): CodeIgniter\CodeIgniter->runController(Object(App\Controllers\Team_members))
 4 SYSTEMPATH\CodeIgniter.php(366): CodeIgniter\CodeIgniter->handleRequest(null, Object(Config\Cache), false)
 5 FCPATH\index.php(80): CodeIgniter\CodeIgniter->run()
CRITICAL - 2024-05-21 07:17:16 --> Call to undefined method App\Models\Users_model::get_details_with_salary_term
in SYSTEMPATH\Model.php on line 838.
 1 APPPATH\Controllers\Team_members.php(316): CodeIgniter\Model->__call('get_details_with_salary_term', [...])
 2 SYSTEMPATH\CodeIgniter.php(932): App\Controllers\Team_members->list_data()
 3 SYSTEMPATH\CodeIgniter.php(497): CodeIgniter\CodeIgniter->runController(Object(App\Controllers\Team_members))
 4 SYSTEMPATH\CodeIgniter.php(366): CodeIgniter\CodeIgniter->handleRequest(null, Object(Config\Cache), false)
 5 FCPATH\index.php(80): CodeIgniter\CodeIgniter->run()
ERROR - 2024-05-21 07:24:23 --> mysqli_sql_exception: Table 'rise.rise_rise_team_member_job_info' doesn't exist in C:\xamppp\htdocs\ownshop-main\system\Database\MySQLi\Connection.php:295
Stack trace:
#0 C:\xamppp\htdocs\ownshop-main\system\Database\MySQLi\Connection.php(295): mysqli->query('SELECT rise_cus...', 0)
#1 C:\xamppp\htdocs\ownshop-main\system\Database\BaseConnection.php(692): CodeIgniter\Database\MySQLi\Connection->execute('SELECT rise_cus...')
#2 C:\xamppp\htdocs\ownshop-main\system\Database\BaseConnection.php(606): CodeIgniter\Database\BaseConnection->simpleQuery('SELECT rise_cus...')
#3 C:\xamppp\htdocs\ownshop-main\app\Models\Custom_fields_model.php(193): CodeIgniter\Database\BaseConnection->query('SELECT rise_cus...')
#4 C:\xamppp\htdocs\ownshop-main\app\Models\Custom_fields_model.php(135): App\Models\Custom_fields_model->get_available_fields_for_table('team_members', '1', 'staff')
#5 C:\xamppp\htdocs\ownshop-main\app\Controllers\Team_members.php(94): App\Models\Custom_fields_model->get_custom_field_headers_for_table('team_members', '1', 'staff')
#6 C:\xamppp\htdocs\ownshop-main\system\CodeIgniter.php(932): App\Controllers\Team_members->index()
#7 C:\xamppp\htdocs\ownshop-main\system\CodeIgniter.php(497): CodeIgniter\CodeIgniter->runController(Object(App\Controllers\Team_members))
#8 C:\xamppp\htdocs\ownshop-main\system\CodeIgniter.php(366): CodeIgniter\CodeIgniter->handleRequest(NULL, Object(Config\Cache), false)
#9 C:\xamppp\htdocs\ownshop-main\index.php(80): CodeIgniter\CodeIgniter->run()
#10 {main}
CRITICAL - 2024-05-21 07:24:23 --> Call to a member function getResult() on bool
in APPPATH\Models\Custom_fields_model.php on line 193.
 1 APPPATH\Models\Custom_fields_model.php(135): App\Models\Custom_fields_model->get_available_fields_for_table('team_members', '1', 'staff')
 2 APPPATH\Controllers\Team_members.php(94): App\Models\Custom_fields_model->get_custom_field_headers_for_table('team_members', '1', 'staff')
 3 SYSTEMPATH\CodeIgniter.php(932): App\Controllers\Team_members->index()
 4 SYSTEMPATH\CodeIgniter.php(497): CodeIgniter\CodeIgniter->runController(Object(App\Controllers\Team_members))
 5 SYSTEMPATH\CodeIgniter.php(366): CodeIgniter\CodeIgniter->handleRequest(null, Object(Config\Cache), false)
 6 FCPATH\index.php(80): CodeIgniter\CodeIgniter->run()
ERROR - 2024-05-21 07:24:26 --> mysqli_sql_exception: Table 'rise.rise_rise_team_member_job_info' doesn't exist in C:\xamppp\htdocs\ownshop-main\system\Database\MySQLi\Connection.php:295
Stack trace:
#0 C:\xamppp\htdocs\ownshop-main\system\Database\MySQLi\Connection.php(295): mysqli->query('SELECT rise_cus...', 0)
#1 C:\xamppp\htdocs\ownshop-main\system\Database\BaseConnection.php(692): CodeIgniter\Database\MySQLi\Connection->execute('SELECT rise_cus...')
#2 C:\xamppp\htdocs\ownshop-main\system\Database\BaseConnection.php(606): CodeIgniter\Database\BaseConnection->simpleQuery('SELECT rise_cus...')
#3 C:\xamppp\htdocs\ownshop-main\app\Models\Custom_fields_model.php(193): CodeIgniter\Database\BaseConnection->query('SELECT rise_cus...')
#4 C:\xamppp\htdocs\ownshop-main\app\Models\Custom_fields_model.php(135): App\Models\Custom_fields_model->get_available_fields_for_table('team_members', '1', 'staff')
#5 C:\xamppp\htdocs\ownshop-main\app\Controllers\Team_members.php(94): App\Models\Custom_fields_model->get_custom_field_headers_for_table('team_members', '1', 'staff')
#6 C:\xamppp\htdocs\ownshop-main\system\CodeIgniter.php(932): App\Controllers\Team_members->index()
#7 C:\xamppp\htdocs\ownshop-main\system\CodeIgniter.php(497): CodeIgniter\CodeIgniter->runController(Object(App\Controllers\Team_members))
#8 C:\xamppp\htdocs\ownshop-main\system\CodeIgniter.php(366): CodeIgniter\CodeIgniter->handleRequest(NULL, Object(Config\Cache), false)
#9 C:\xamppp\htdocs\ownshop-main\index.php(80): CodeIgniter\CodeIgniter->run()
#10 {main}
CRITICAL - 2024-05-21 07:24:26 --> Call to a member function getResult() on bool
in APPPATH\Models\Custom_fields_model.php on line 193.
 1 APPPATH\Models\Custom_fields_model.php(135): App\Models\Custom_fields_model->get_available_fields_for_table('team_members', '1', 'staff')
 2 APPPATH\Controllers\Team_members.php(94): App\Models\Custom_fields_model->get_custom_field_headers_for_table('team_members', '1', 'staff')
 3 SYSTEMPATH\CodeIgniter.php(932): App\Controllers\Team_members->index()
 4 SYSTEMPATH\CodeIgniter.php(497): CodeIgniter\CodeIgniter->runController(Object(App\Controllers\Team_members))
 5 SYSTEMPATH\CodeIgniter.php(366): CodeIgniter\CodeIgniter->handleRequest(null, Object(Config\Cache), false)
 6 FCPATH\index.php(80): CodeIgniter\CodeIgniter->run()
ERROR - 2024-05-21 07:24:33 --> mysqli_sql_exception: Table 'rise.rise_rise_team_member_job_info' doesn't exist in C:\xamppp\htdocs\ownshop-main\system\Database\MySQLi\Connection.php:295
Stack trace:
#0 C:\xamppp\htdocs\ownshop-main\system\Database\MySQLi\Connection.php(295): mysqli->query('SELECT rise_cus...', 0)
#1 C:\xamppp\htdocs\ownshop-main\system\Database\BaseConnection.php(692): CodeIgniter\Database\MySQLi\Connection->execute('SELECT rise_cus...')
#2 C:\xamppp\htdocs\ownshop-main\system\Database\BaseConnection.php(606): CodeIgniter\Database\BaseConnection->simpleQuery('SELECT rise_cus...')
#3 C:\xamppp\htdocs\ownshop-main\app\Models\Custom_fields_model.php(193): CodeIgniter\Database\BaseConnection->query('SELECT rise_cus...')
#4 C:\xamppp\htdocs\ownshop-main\app\Models\Custom_fields_model.php(135): App\Models\Custom_fields_model->get_available_fields_for_table('team_members', '1', 'staff')
#5 C:\xamppp\htdocs\ownshop-main\app\Controllers\Team_members.php(94): App\Models\Custom_fields_model->get_custom_field_headers_for_table('team_members', '1', 'staff')
#6 C:\xamppp\htdocs\ownshop-main\system\CodeIgniter.php(932): App\Controllers\Team_members->index()
#7 C:\xamppp\htdocs\ownshop-main\system\CodeIgniter.php(497): CodeIgniter\CodeIgniter->runController(Object(App\Controllers\Team_members))
#8 C:\xamppp\htdocs\ownshop-main\system\CodeIgniter.php(366): CodeIgniter\CodeIgniter->handleRequest(NULL, Object(Config\Cache), false)
#9 C:\xamppp\htdocs\ownshop-main\index.php(80): CodeIgniter\CodeIgniter->run()
#10 {main}
CRITICAL - 2024-05-21 07:24:33 --> Call to a member function getResult() on bool
in APPPATH\Models\Custom_fields_model.php on line 193.
 1 APPPATH\Models\Custom_fields_model.php(135): App\Models\Custom_fields_model->get_available_fields_for_table('team_members', '1', 'staff')
 2 APPPATH\Controllers\Team_members.php(94): App\Models\Custom_fields_model->get_custom_field_headers_for_table('team_members', '1', 'staff')
 3 SYSTEMPATH\CodeIgniter.php(932): App\Controllers\Team_members->index()
 4 SYSTEMPATH\CodeIgniter.php(497): CodeIgniter\CodeIgniter->runController(Object(App\Controllers\Team_members))
 5 SYSTEMPATH\CodeIgniter.php(366): CodeIgniter\CodeIgniter->handleRequest(null, Object(Config\Cache), false)
 6 FCPATH\index.php(80): CodeIgniter\CodeIgniter->run()
ERROR - 2024-05-21 07:24:34 --> mysqli_sql_exception: Table 'rise.rise_rise_team_member_job_info' doesn't exist in C:\xamppp\htdocs\ownshop-main\system\Database\MySQLi\Connection.php:295
Stack trace:
#0 C:\xamppp\htdocs\ownshop-main\system\Database\MySQLi\Connection.php(295): mysqli->query('SELECT rise_cus...', 0)
#1 C:\xamppp\htdocs\ownshop-main\system\Database\BaseConnection.php(692): CodeIgniter\Database\MySQLi\Connection->execute('SELECT rise_cus...')
#2 C:\xamppp\htdocs\ownshop-main\system\Database\BaseConnection.php(606): CodeIgniter\Database\BaseConnection->simpleQuery('SELECT rise_cus...')
#3 C:\xamppp\htdocs\ownshop-main\app\Models\Custom_fields_model.php(193): CodeIgniter\Database\BaseConnection->query('SELECT rise_cus...')
#4 C:\xamppp\htdocs\ownshop-main\app\Models\Custom_fields_model.php(135): App\Models\Custom_fields_model->get_available_fields_for_table('team_members', '1', 'staff')
#5 C:\xamppp\htdocs\ownshop-main\app\Controllers\Team_members.php(94): App\Models\Custom_fields_model->get_custom_field_headers_for_table('team_members', '1', 'staff')
#6 C:\xamppp\htdocs\ownshop-main\system\CodeIgniter.php(932): App\Controllers\Team_members->index()
#7 C:\xamppp\htdocs\ownshop-main\system\CodeIgniter.php(497): CodeIgniter\CodeIgniter->runController(Object(App\Controllers\Team_members))
#8 C:\xamppp\htdocs\ownshop-main\system\CodeIgniter.php(366): CodeIgniter\CodeIgniter->handleRequest(NULL, Object(Config\Cache), false)
#9 C:\xamppp\htdocs\ownshop-main\index.php(80): CodeIgniter\CodeIgniter->run()
#10 {main}
CRITICAL - 2024-05-21 07:24:34 --> Call to a member function getResult() on bool
in APPPATH\Models\Custom_fields_model.php on line 193.
 1 APPPATH\Models\Custom_fields_model.php(135): App\Models\Custom_fields_model->get_available_fields_for_table('team_members', '1', 'staff')
 2 APPPATH\Controllers\Team_members.php(94): App\Models\Custom_fields_model->get_custom_field_headers_for_table('team_members', '1', 'staff')
 3 SYSTEMPATH\CodeIgniter.php(932): App\Controllers\Team_members->index()
 4 SYSTEMPATH\CodeIgniter.php(497): CodeIgniter\CodeIgniter->runController(Object(App\Controllers\Team_members))
 5 SYSTEMPATH\CodeIgniter.php(366): CodeIgniter\CodeIgniter->handleRequest(null, Object(Config\Cache), false)
 6 FCPATH\index.php(80): CodeIgniter\CodeIgniter->run()
ERROR - 2024-05-21 07:25:24 --> mysqli_sql_exception: Table 'rise.rise_rise_team_member_job_info' doesn't exist in C:\xamppp\htdocs\ownshop-main\system\Database\MySQLi\Connection.php:295
Stack trace:
#0 C:\xamppp\htdocs\ownshop-main\system\Database\MySQLi\Connection.php(295): mysqli->query('SELECT rise_cus...', 0)
#1 C:\xamppp\htdocs\ownshop-main\system\Database\BaseConnection.php(692): CodeIgniter\Database\MySQLi\Connection->execute('SELECT rise_cus...')
#2 C:\xamppp\htdocs\ownshop-main\system\Database\BaseConnection.php(606): CodeIgniter\Database\BaseConnection->simpleQuery('SELECT rise_cus...')
#3 C:\xamppp\htdocs\ownshop-main\app\Models\Custom_fields_model.php(193): CodeIgniter\Database\BaseConnection->query('SELECT rise_cus...')
#4 C:\xamppp\htdocs\ownshop-main\app\Models\Custom_fields_model.php(135): App\Models\Custom_fields_model->get_available_fields_for_table('team_members', '1', 'staff')
#5 C:\xamppp\htdocs\ownshop-main\app\Controllers\Team_members.php(94): App\Models\Custom_fields_model->get_custom_field_headers_for_table('team_members', '1', 'staff')
#6 C:\xamppp\htdocs\ownshop-main\system\CodeIgniter.php(932): App\Controllers\Team_members->index()
#7 C:\xamppp\htdocs\ownshop-main\system\CodeIgniter.php(497): CodeIgniter\CodeIgniter->runController(Object(App\Controllers\Team_members))
#8 C:\xamppp\htdocs\ownshop-main\system\CodeIgniter.php(366): CodeIgniter\CodeIgniter->handleRequest(NULL, Object(Config\Cache), false)
#9 C:\xamppp\htdocs\ownshop-main\index.php(80): CodeIgniter\CodeIgniter->run()
#10 {main}
CRITICAL - 2024-05-21 07:25:24 --> Call to a member function getResult() on bool
in APPPATH\Models\Custom_fields_model.php on line 193.
 1 APPPATH\Models\Custom_fields_model.php(135): App\Models\Custom_fields_model->get_available_fields_for_table('team_members', '1', 'staff')
 2 APPPATH\Controllers\Team_members.php(94): App\Models\Custom_fields_model->get_custom_field_headers_for_table('team_members', '1', 'staff')
 3 SYSTEMPATH\CodeIgniter.php(932): App\Controllers\Team_members->index()
 4 SYSTEMPATH\CodeIgniter.php(497): CodeIgniter\CodeIgniter->runController(Object(App\Controllers\Team_members))
 5 SYSTEMPATH\CodeIgniter.php(366): CodeIgniter\CodeIgniter->handleRequest(null, Object(Config\Cache), false)
 6 FCPATH\index.php(80): CodeIgniter\CodeIgniter->run()
ERROR - 2024-05-21 07:28:43 --> mysqli_sql_exception: Table 'rise.rise_rise_team_member_job_info' doesn't exist in C:\xamppp\htdocs\ownshop-main\system\Database\MySQLi\Connection.php:295
Stack trace:
#0 C:\xamppp\htdocs\ownshop-main\system\Database\MySQLi\Connection.php(295): mysqli->query('SELECT rise_cus...', 0)
#1 C:\xamppp\htdocs\ownshop-main\system\Database\BaseConnection.php(692): CodeIgniter\Database\MySQLi\Connection->execute('SELECT rise_cus...')
#2 C:\xamppp\htdocs\ownshop-main\system\Database\BaseConnection.php(606): CodeIgniter\Database\BaseConnection->simpleQuery('SELECT rise_cus...')
#3 C:\xamppp\htdocs\ownshop-main\app\Models\Custom_fields_model.php(193): CodeIgniter\Database\BaseConnection->query('SELECT rise_cus...')
#4 C:\xamppp\htdocs\ownshop-main\app\Models\Custom_fields_model.php(135): App\Models\Custom_fields_model->get_available_fields_for_table('team_members', '1', 'staff')
#5 C:\xamppp\htdocs\ownshop-main\app\Controllers\Team_members.php(94): App\Models\Custom_fields_model->get_custom_field_headers_for_table('team_members', '1', 'staff')
#6 C:\xamppp\htdocs\ownshop-main\system\CodeIgniter.php(932): App\Controllers\Team_members->index()
#7 C:\xamppp\htdocs\ownshop-main\system\CodeIgniter.php(497): CodeIgniter\CodeIgniter->runController(Object(App\Controllers\Team_members))
#8 C:\xamppp\htdocs\ownshop-main\system\CodeIgniter.php(366): CodeIgniter\CodeIgniter->handleRequest(NULL, Object(Config\Cache), false)
#9 C:\xamppp\htdocs\ownshop-main\index.php(80): CodeIgniter\CodeIgniter->run()
#10 {main}
CRITICAL - 2024-05-21 07:28:43 --> Call to a member function getResult() on bool
in APPPATH\Models\Custom_fields_model.php on line 193.
 1 APPPATH\Models\Custom_fields_model.php(135): App\Models\Custom_fields_model->get_available_fields_for_table('team_members', '1', 'staff')
 2 APPPATH\Controllers\Team_members.php(94): App\Models\Custom_fields_model->get_custom_field_headers_for_table('team_members', '1', 'staff')
 3 SYSTEMPATH\CodeIgniter.php(932): App\Controllers\Team_members->index()
 4 SYSTEMPATH\CodeIgniter.php(497): CodeIgniter\CodeIgniter->runController(Object(App\Controllers\Team_members))
 5 SYSTEMPATH\CodeIgniter.php(366): CodeIgniter\CodeIgniter->handleRequest(null, Object(Config\Cache), false)
 6 FCPATH\index.php(80): CodeIgniter\CodeIgniter->run()
ERROR - 2024-05-21 07:28:45 --> mysqli_sql_exception: Table 'rise.rise_rise_team_member_job_info' doesn't exist in C:\xamppp\htdocs\ownshop-main\system\Database\MySQLi\Connection.php:295
Stack trace:
#0 C:\xamppp\htdocs\ownshop-main\system\Database\MySQLi\Connection.php(295): mysqli->query('SELECT rise_cus...', 0)
#1 C:\xamppp\htdocs\ownshop-main\system\Database\BaseConnection.php(692): CodeIgniter\Database\MySQLi\Connection->execute('SELECT rise_cus...')
#2 C:\xamppp\htdocs\ownshop-main\system\Database\BaseConnection.php(606): CodeIgniter\Database\BaseConnection->simpleQuery('SELECT rise_cus...')
#3 C:\xamppp\htdocs\ownshop-main\app\Models\Custom_fields_model.php(193): CodeIgniter\Database\BaseConnection->query('SELECT rise_cus...')
#4 C:\xamppp\htdocs\ownshop-main\app\Models\Custom_fields_model.php(135): App\Models\Custom_fields_model->get_available_fields_for_table('team_members', '1', 'staff')
#5 C:\xamppp\htdocs\ownshop-main\app\Controllers\Team_members.php(94): App\Models\Custom_fields_model->get_custom_field_headers_for_table('team_members', '1', 'staff')
#6 C:\xamppp\htdocs\ownshop-main\system\CodeIgniter.php(932): App\Controllers\Team_members->index()
#7 C:\xamppp\htdocs\ownshop-main\system\CodeIgniter.php(497): CodeIgniter\CodeIgniter->runController(Object(App\Controllers\Team_members))
#8 C:\xamppp\htdocs\ownshop-main\system\CodeIgniter.php(366): CodeIgniter\CodeIgniter->handleRequest(NULL, Object(Config\Cache), false)
#9 C:\xamppp\htdocs\ownshop-main\index.php(80): CodeIgniter\CodeIgniter->run()
#10 {main}
CRITICAL - 2024-05-21 07:28:45 --> Call to a member function getResult() on bool
in APPPATH\Models\Custom_fields_model.php on line 193.
 1 APPPATH\Models\Custom_fields_model.php(135): App\Models\Custom_fields_model->get_available_fields_for_table('team_members', '1', 'staff')
 2 APPPATH\Controllers\Team_members.php(94): App\Models\Custom_fields_model->get_custom_field_headers_for_table('team_members', '1', 'staff')
 3 SYSTEMPATH\CodeIgniter.php(932): App\Controllers\Team_members->index()
 4 SYSTEMPATH\CodeIgniter.php(497): CodeIgniter\CodeIgniter->runController(Object(App\Controllers\Team_members))
 5 SYSTEMPATH\CodeIgniter.php(366): CodeIgniter\CodeIgniter->handleRequest(null, Object(Config\Cache), false)
 6 FCPATH\index.php(80): CodeIgniter\CodeIgniter->run()
ERROR - 2024-05-21 07:29:00 --> mysqli_sql_exception: Table 'rise.rise_rise_team_member_job_info' doesn't exist in C:\xamppp\htdocs\ownshop-main\system\Database\MySQLi\Connection.php:295
Stack trace:
#0 C:\xamppp\htdocs\ownshop-main\system\Database\MySQLi\Connection.php(295): mysqli->query('SELECT rise_cus...', 0)
#1 C:\xamppp\htdocs\ownshop-main\system\Database\BaseConnection.php(692): CodeIgniter\Database\MySQLi\Connection->execute('SELECT rise_cus...')
#2 C:\xamppp\htdocs\ownshop-main\system\Database\BaseConnection.php(606): CodeIgniter\Database\BaseConnection->simpleQuery('SELECT rise_cus...')
#3 C:\xamppp\htdocs\ownshop-main\app\Models\Custom_fields_model.php(193): CodeIgniter\Database\BaseConnection->query('SELECT rise_cus...')
#4 C:\xamppp\htdocs\ownshop-main\app\Models\Custom_fields_model.php(135): App\Models\Custom_fields_model->get_available_fields_for_table('team_members', '1', 'staff')
#5 C:\xamppp\htdocs\ownshop-main\app\Controllers\Team_members.php(94): App\Models\Custom_fields_model->get_custom_field_headers_for_table('team_members', '1', 'staff')
#6 C:\xamppp\htdocs\ownshop-main\system\CodeIgniter.php(932): App\Controllers\Team_members->index()
#7 C:\xamppp\htdocs\ownshop-main\system\CodeIgniter.php(497): CodeIgniter\CodeIgniter->runController(Object(App\Controllers\Team_members))
#8 C:\xamppp\htdocs\ownshop-main\system\CodeIgniter.php(366): CodeIgniter\CodeIgniter->handleRequest(NULL, Object(Config\Cache), false)
#9 C:\xamppp\htdocs\ownshop-main\index.php(80): CodeIgniter\CodeIgniter->run()
#10 {main}
CRITICAL - 2024-05-21 07:29:00 --> Call to a member function getResult() on bool
in APPPATH\Models\Custom_fields_model.php on line 193.
 1 APPPATH\Models\Custom_fields_model.php(135): App\Models\Custom_fields_model->get_available_fields_for_table('team_members', '1', 'staff')
 2 APPPATH\Controllers\Team_members.php(94): App\Models\Custom_fields_model->get_custom_field_headers_for_table('team_members', '1', 'staff')
 3 SYSTEMPATH\CodeIgniter.php(932): App\Controllers\Team_members->index()
 4 SYSTEMPATH\CodeIgniter.php(497): CodeIgniter\CodeIgniter->runController(Object(App\Controllers\Team_members))
 5 SYSTEMPATH\CodeIgniter.php(366): CodeIgniter\CodeIgniter->handleRequest(null, Object(Config\Cache), false)
 6 FCPATH\index.php(80): CodeIgniter\CodeIgniter->run()
ERROR - 2024-05-21 07:32:16 --> mysqli_sql_exception: Table 'rise.rise_rise_team_member_job_info' doesn't exist in C:\xamppp\htdocs\ownshop-main\system\Database\MySQLi\Connection.php:295
Stack trace:
#0 C:\xamppp\htdocs\ownshop-main\system\Database\MySQLi\Connection.php(295): mysqli->query('SELECT \n       ...', 0)
#1 C:\xamppp\htdocs\ownshop-main\system\Database\BaseConnection.php(692): CodeIgniter\Database\MySQLi\Connection->execute('SELECT \n       ...')
#2 C:\xamppp\htdocs\ownshop-main\system\Database\BaseConnection.php(606): CodeIgniter\Database\BaseConnection->simpleQuery('SELECT \n       ...')
#3 C:\xamppp\htdocs\ownshop-main\app\Models\Custom_fields_model.php(205): CodeIgniter\Database\BaseConnection->query('SELECT \n       ...')
#4 C:\xamppp\htdocs\ownshop-main\app\Models\Custom_fields_model.php(135): App\Models\Custom_fields_model->get_available_fields_for_table('team_members', '1', 'staff')
#5 C:\xamppp\htdocs\ownshop-main\app\Controllers\Team_members.php(94): App\Models\Custom_fields_model->get_custom_field_headers_for_table('team_members', '1', 'staff')
#6 C:\xamppp\htdocs\ownshop-main\system\CodeIgniter.php(932): App\Controllers\Team_members->index()
#7 C:\xamppp\htdocs\ownshop-main\system\CodeIgniter.php(497): CodeIgniter\CodeIgniter->runController(Object(App\Controllers\Team_members))
#8 C:\xamppp\htdocs\ownshop-main\system\CodeIgniter.php(366): CodeIgniter\CodeIgniter->handleRequest(NULL, Object(Config\Cache), false)
#9 C:\xamppp\htdocs\ownshop-main\index.php(80): CodeIgniter\CodeIgniter->run()
#10 {main}
CRITICAL - 2024-05-21 07:32:16 --> Call to a member function getResult() on bool
in APPPATH\Models\Custom_fields_model.php on line 205.
 1 APPPATH\Models\Custom_fields_model.php(135): App\Models\Custom_fields_model->get_available_fields_for_table('team_members', '1', 'staff')
 2 APPPATH\Controllers\Team_members.php(94): App\Models\Custom_fields_model->get_custom_field_headers_for_table('team_members', '1', 'staff')
 3 SYSTEMPATH\CodeIgniter.php(932): App\Controllers\Team_members->index()
 4 SYSTEMPATH\CodeIgniter.php(497): CodeIgniter\CodeIgniter->runController(Object(App\Controllers\Team_members))
 5 SYSTEMPATH\CodeIgniter.php(366): CodeIgniter\CodeIgniter->handleRequest(null, Object(Config\Cache), false)
 6 FCPATH\index.php(80): CodeIgniter\CodeIgniter->run()
ERROR - 2024-05-21 07:33:00 --> mysqli_sql_exception: Table 'rise.rise_rise_team_member_job_info' doesn't exist in C:\xamppp\htdocs\ownshop-main\system\Database\MySQLi\Connection.php:295
Stack trace:
#0 C:\xamppp\htdocs\ownshop-main\system\Database\MySQLi\Connection.php(295): mysqli->query('SELECT \n       ...', 0)
#1 C:\xamppp\htdocs\ownshop-main\system\Database\BaseConnection.php(692): CodeIgniter\Database\MySQLi\Connection->execute('SELECT \n       ...')
#2 C:\xamppp\htdocs\ownshop-main\system\Database\BaseConnection.php(606): CodeIgniter\Database\BaseConnection->simpleQuery('SELECT \n       ...')
#3 C:\xamppp\htdocs\ownshop-main\app\Models\Custom_fields_model.php(205): CodeIgniter\Database\BaseConnection->query('SELECT \n       ...')
#4 C:\xamppp\htdocs\ownshop-main\app\Models\Custom_fields_model.php(135): App\Models\Custom_fields_model->get_available_fields_for_table('team_members', '1', 'staff')
#5 C:\xamppp\htdocs\ownshop-main\app\Controllers\Team_members.php(94): App\Models\Custom_fields_model->get_custom_field_headers_for_table('team_members', '1', 'staff')
#6 C:\xamppp\htdocs\ownshop-main\system\CodeIgniter.php(932): App\Controllers\Team_members->index()
#7 C:\xamppp\htdocs\ownshop-main\system\CodeIgniter.php(497): CodeIgniter\CodeIgniter->runController(Object(App\Controllers\Team_members))
#8 C:\xamppp\htdocs\ownshop-main\system\CodeIgniter.php(366): CodeIgniter\CodeIgniter->handleRequest(NULL, Object(Config\Cache), false)
#9 C:\xamppp\htdocs\ownshop-main\index.php(80): CodeIgniter\CodeIgniter->run()
#10 {main}
CRITICAL - 2024-05-21 07:33:00 --> Call to a member function getResult() on bool
in APPPATH\Models\Custom_fields_model.php on line 205.
 1 APPPATH\Models\Custom_fields_model.php(135): App\Models\Custom_fields_model->get_available_fields_for_table('team_members', '1', 'staff')
 2 APPPATH\Controllers\Team_members.php(94): App\Models\Custom_fields_model->get_custom_field_headers_for_table('team_members', '1', 'staff')
 3 SYSTEMPATH\CodeIgniter.php(932): App\Controllers\Team_members->index()
 4 SYSTEMPATH\CodeIgniter.php(497): CodeIgniter\CodeIgniter->runController(Object(App\Controllers\Team_members))
 5 SYSTEMPATH\CodeIgniter.php(366): CodeIgniter\CodeIgniter->handleRequest(null, Object(Config\Cache), false)
 6 FCPATH\index.php(80): CodeIgniter\CodeIgniter->run()
ERROR - 2024-05-21 07:43:45 --> mysqli_sql_exception: Table 'rise.rise_rise_team_member_job_info' doesn't exist in C:\xamppp\htdocs\ownshop-main\system\Database\MySQLi\Connection.php:295
Stack trace:
#0 C:\xamppp\htdocs\ownshop-main\system\Database\MySQLi\Connection.php(295): mysqli->query('SELECT \n       ...', 0)
#1 C:\xamppp\htdocs\ownshop-main\system\Database\BaseConnection.php(692): CodeIgniter\Database\MySQLi\Connection->execute('SELECT \n       ...')
#2 C:\xamppp\htdocs\ownshop-main\system\Database\BaseConnection.php(606): CodeIgniter\Database\BaseConnection->simpleQuery('SELECT \n       ...')
#3 C:\xamppp\htdocs\ownshop-main\app\Models\Custom_fields_model.php(205): CodeIgniter\Database\BaseConnection->query('SELECT \n       ...')
#4 C:\xamppp\htdocs\ownshop-main\app\Models\Custom_fields_model.php(135): App\Models\Custom_fields_model->get_available_fields_for_table('team_members', '1', 'staff')
#5 C:\xamppp\htdocs\ownshop-main\app\Controllers\Team_members.php(94): App\Models\Custom_fields_model->get_custom_field_headers_for_table('team_members', '1', 'staff')
#6 C:\xamppp\htdocs\ownshop-main\system\CodeIgniter.php(932): App\Controllers\Team_members->index()
#7 C:\xamppp\htdocs\ownshop-main\system\CodeIgniter.php(497): CodeIgniter\CodeIgniter->runController(Object(App\Controllers\Team_members))
#8 C:\xamppp\htdocs\ownshop-main\system\CodeIgniter.php(366): CodeIgniter\CodeIgniter->handleRequest(NULL, Object(Config\Cache), false)
#9 C:\xamppp\htdocs\ownshop-main\index.php(80): CodeIgniter\CodeIgniter->run()
#10 {main}
CRITICAL - 2024-05-21 07:43:45 --> Call to a member function getResult() on bool
in APPPATH\Models\Custom_fields_model.php on line 205.
 1 APPPATH\Models\Custom_fields_model.php(135): App\Models\Custom_fields_model->get_available_fields_for_table('team_members', '1', 'staff')
 2 APPPATH\Controllers\Team_members.php(94): App\Models\Custom_fields_model->get_custom_field_headers_for_table('team_members', '1', 'staff')
 3 SYSTEMPATH\CodeIgniter.php(932): App\Controllers\Team_members->index()
 4 SYSTEMPATH\CodeIgniter.php(497): CodeIgniter\CodeIgniter->runController(Object(App\Controllers\Team_members))
 5 SYSTEMPATH\CodeIgniter.php(366): CodeIgniter\CodeIgniter->handleRequest(null, Object(Config\Cache), false)
 6 FCPATH\index.php(80): CodeIgniter\CodeIgniter->run()
ERROR - 2024-05-21 08:29:46 --> mysqli_sql_exception: The used SELECT statements have a different number of columns in C:\xamppp\htdocs\ownshop-main\system\Database\MySQLi\Connection.php:295
Stack trace:
#0 C:\xamppp\htdocs\ownshop-main\system\Database\MySQLi\Connection.php(295): mysqli->query('SELECT \n       ...', 0)
#1 C:\xamppp\htdocs\ownshop-main\system\Database\BaseConnection.php(692): CodeIgniter\Database\MySQLi\Connection->execute('SELECT \n       ...')
#2 C:\xamppp\htdocs\ownshop-main\system\Database\BaseConnection.php(606): CodeIgniter\Database\BaseConnection->simpleQuery('SELECT \n       ...')
#3 C:\xamppp\htdocs\ownshop-main\app\Models\Custom_fields_model.php(200): CodeIgniter\Database\BaseConnection->query('SELECT \n       ...')
#4 C:\xamppp\htdocs\ownshop-main\app\Models\Custom_fields_model.php(135): App\Models\Custom_fields_model->get_available_fields_for_table('team_members', '1', 'staff')
#5 C:\xamppp\htdocs\ownshop-main\app\Controllers\Team_members.php(94): App\Models\Custom_fields_model->get_custom_field_headers_for_table('team_members', '1', 'staff')
#6 C:\xamppp\htdocs\ownshop-main\system\CodeIgniter.php(932): App\Controllers\Team_members->index()
#7 C:\xamppp\htdocs\ownshop-main\system\CodeIgniter.php(497): CodeIgniter\CodeIgniter->runController(Object(App\Controllers\Team_members))
#8 C:\xamppp\htdocs\ownshop-main\system\CodeIgniter.php(366): CodeIgniter\CodeIgniter->handleRequest(NULL, Object(Config\Cache), false)
#9 C:\xamppp\htdocs\ownshop-main\index.php(80): CodeIgniter\CodeIgniter->run()
#10 {main}
CRITICAL - 2024-05-21 08:29:46 --> Call to a member function getResult() on bool
in APPPATH\Models\Custom_fields_model.php on line 200.
 1 APPPATH\Models\Custom_fields_model.php(135): App\Models\Custom_fields_model->get_available_fields_for_table('team_members', '1', 'staff')
 2 APPPATH\Controllers\Team_members.php(94): App\Models\Custom_fields_model->get_custom_field_headers_for_table('team_members', '1', 'staff')
 3 SYSTEMPATH\CodeIgniter.php(932): App\Controllers\Team_members->index()
 4 SYSTEMPATH\CodeIgniter.php(497): CodeIgniter\CodeIgniter->runController(Object(App\Controllers\Team_members))
 5 SYSTEMPATH\CodeIgniter.php(366): CodeIgniter\CodeIgniter->handleRequest(null, Object(Config\Cache), false)
 6 FCPATH\index.php(80): CodeIgniter\CodeIgniter->run()
ERROR - 2024-05-21 08:29:58 --> mysqli_sql_exception: The used SELECT statements have a different number of columns in C:\xamppp\htdocs\ownshop-main\system\Database\MySQLi\Connection.php:295
Stack trace:
#0 C:\xamppp\htdocs\ownshop-main\system\Database\MySQLi\Connection.php(295): mysqli->query('SELECT \n       ...', 0)
#1 C:\xamppp\htdocs\ownshop-main\system\Database\BaseConnection.php(692): CodeIgniter\Database\MySQLi\Connection->execute('SELECT \n       ...')
#2 C:\xamppp\htdocs\ownshop-main\system\Database\BaseConnection.php(606): CodeIgniter\Database\BaseConnection->simpleQuery('SELECT \n       ...')
#3 C:\xamppp\htdocs\ownshop-main\app\Models\Custom_fields_model.php(200): CodeIgniter\Database\BaseConnection->query('SELECT \n       ...')
#4 C:\xamppp\htdocs\ownshop-main\app\Models\Custom_fields_model.php(135): App\Models\Custom_fields_model->get_available_fields_for_table('team_members', '1', 'staff')
#5 C:\xamppp\htdocs\ownshop-main\app\Controllers\Team_members.php(94): App\Models\Custom_fields_model->get_custom_field_headers_for_table('team_members', '1', 'staff')
#6 C:\xamppp\htdocs\ownshop-main\system\CodeIgniter.php(932): App\Controllers\Team_members->index()
#7 C:\xamppp\htdocs\ownshop-main\system\CodeIgniter.php(497): CodeIgniter\CodeIgniter->runController(Object(App\Controllers\Team_members))
#8 C:\xamppp\htdocs\ownshop-main\system\CodeIgniter.php(366): CodeIgniter\CodeIgniter->handleRequest(NULL, Object(Config\Cache), false)
#9 C:\xamppp\htdocs\ownshop-main\index.php(80): CodeIgniter\CodeIgniter->run()
#10 {main}
CRITICAL - 2024-05-21 08:29:58 --> Call to a member function getResult() on bool
in APPPATH\Models\Custom_fields_model.php on line 200.
 1 APPPATH\Models\Custom_fields_model.php(135): App\Models\Custom_fields_model->get_available_fields_for_table('team_members', '1', 'staff')
 2 APPPATH\Controllers\Team_members.php(94): App\Models\Custom_fields_model->get_custom_field_headers_for_table('team_members', '1', 'staff')
 3 SYSTEMPATH\CodeIgniter.php(932): App\Controllers\Team_members->index()
 4 SYSTEMPATH\CodeIgniter.php(497): CodeIgniter\CodeIgniter->runController(Object(App\Controllers\Team_members))
 5 SYSTEMPATH\CodeIgniter.php(366): CodeIgniter\CodeIgniter->handleRequest(null, Object(Config\Cache), false)
 6 FCPATH\index.php(80): CodeIgniter\CodeIgniter->run()
ERROR - 2024-05-21 08:36:26 --> mysqli_sql_exception: You have an error in your SQL syntax; check the manual that corresponds to your MariaDB server version for the right syntax to use near 'UNION ALL
                SELECT 
                    'date_of_hire' AS id, 
...' at line 15 in C:\xamppp\htdocs\ownshop-main\system\Database\MySQLi\Connection.php:295
Stack trace:
#0 C:\xamppp\htdocs\ownshop-main\system\Database\MySQLi\Connection.php(295): mysqli->query('SELECT \n       ...', 0)
#1 C:\xamppp\htdocs\ownshop-main\system\Database\BaseConnection.php(692): CodeIgniter\Database\MySQLi\Connection->execute('SELECT \n       ...')
#2 C:\xamppp\htdocs\ownshop-main\system\Database\BaseConnection.php(606): CodeIgniter\Database\BaseConnection->simpleQuery('SELECT \n       ...')
#3 C:\xamppp\htdocs\ownshop-main\app\Models\Custom_fields_model.php(209): CodeIgniter\Database\BaseConnection->query('SELECT \n       ...')
#4 C:\xamppp\htdocs\ownshop-main\app\Models\Custom_fields_model.php(135): App\Models\Custom_fields_model->get_available_fields_for_table('team_members', '1', 'staff')
#5 C:\xamppp\htdocs\ownshop-main\app\Controllers\Team_members.php(94): App\Models\Custom_fields_model->get_custom_field_headers_for_table('team_members', '1', 'staff')
#6 C:\xamppp\htdocs\ownshop-main\system\CodeIgniter.php(932): App\Controllers\Team_members->index()
#7 C:\xamppp\htdocs\ownshop-main\system\CodeIgniter.php(497): CodeIgniter\CodeIgniter->runController(Object(App\Controllers\Team_members))
#8 C:\xamppp\htdocs\ownshop-main\system\CodeIgniter.php(366): CodeIgniter\CodeIgniter->handleRequest(NULL, Object(Config\Cache), false)
#9 C:\xamppp\htdocs\ownshop-main\index.php(80): CodeIgniter\CodeIgniter->run()
#10 {main}
CRITICAL - 2024-05-21 08:36:26 --> Call to a member function getResult() on bool
in APPPATH\Models\Custom_fields_model.php on line 209.
 1 APPPATH\Models\Custom_fields_model.php(135): App\Models\Custom_fields_model->get_available_fields_for_table('team_members', '1', 'staff')
 2 APPPATH\Controllers\Team_members.php(94): App\Models\Custom_fields_model->get_custom_field_headers_for_table('team_members', '1', 'staff')
 3 SYSTEMPATH\CodeIgniter.php(932): App\Controllers\Team_members->index()
 4 SYSTEMPATH\CodeIgniter.php(497): CodeIgniter\CodeIgniter->runController(Object(App\Controllers\Team_members))
 5 SYSTEMPATH\CodeIgniter.php(366): CodeIgniter\CodeIgniter->handleRequest(null, Object(Config\Cache), false)
 6 FCPATH\index.php(80): CodeIgniter\CodeIgniter->run()
WARNING - 2024-05-21 09:46:10 --> [DEPRECATED] strtotime(): Passing null to parameter #1 ($datetime) of type string is deprecated in APPPATH\Controllers\Team_members.php on line 374.
 1 APPPATH\Controllers\Team_members.php(374): strtotime(null)
 2 SYSTEMPATH\CodeIgniter.php(932): App\Controllers\Team_members->list_data()
 3 SYSTEMPATH\CodeIgniter.php(497): CodeIgniter\CodeIgniter->runController(Object(App\Controllers\Team_members))
 4 SYSTEMPATH\CodeIgniter.php(366): CodeIgniter\CodeIgniter->handleRequest(null, Object(Config\Cache), false)
 5 FCPATH\index.php(80): CodeIgniter\CodeIgniter->run()
WARNING - 2024-05-21 09:46:12 --> [DEPRECATED] strtotime(): Passing null to parameter #1 ($datetime) of type string is deprecated in APPPATH\Controllers\Team_members.php on line 374.
 1 APPPATH\Controllers\Team_members.php(374): strtotime(null)
 2 SYSTEMPATH\CodeIgniter.php(932): App\Controllers\Team_members->list_data()
 3 SYSTEMPATH\CodeIgniter.php(497): CodeIgniter\CodeIgniter->runController(Object(App\Controllers\Team_members))
 4 SYSTEMPATH\CodeIgniter.php(366): CodeIgniter\CodeIgniter->handleRequest(null, Object(Config\Cache), false)
 5 FCPATH\index.php(80): CodeIgniter\CodeIgniter->run()
WARNING - 2024-05-21 09:46:12 --> [DEPRECATED] strtotime(): Passing null to parameter #1 ($datetime) of type string is deprecated in APPPATH\Controllers\Team_members.php on line 374.
 1 APPPATH\Controllers\Team_members.php(374): strtotime(null)
 2 SYSTEMPATH\CodeIgniter.php(932): App\Controllers\Team_members->list_data()
 3 SYSTEMPATH\CodeIgniter.php(497): CodeIgniter\CodeIgniter->runController(Object(App\Controllers\Team_members))
 4 SYSTEMPATH\CodeIgniter.php(366): CodeIgniter\CodeIgniter->handleRequest(null, Object(Config\Cache), false)
 5 FCPATH\index.php(80): CodeIgniter\CodeIgniter->run()
ERROR - 2024-05-21 10:59:51 --> mysqli_sql_exception: Unknown column 'salary_term' in 'on clause' in C:\xamppp\htdocs\ownshop-main\system\Database\MySQLi\Connection.php:295
Stack trace:
#0 C:\xamppp\htdocs\ownshop-main\system\Database\MySQLi\Connection.php(295): mysqli->query('SELECT SQL_CALC...', 0)
#1 C:\xamppp\htdocs\ownshop-main\system\Database\BaseConnection.php(692): CodeIgniter\Database\MySQLi\Connection->execute('SELECT SQL_CALC...')
#2 C:\xamppp\htdocs\ownshop-main\system\Database\BaseConnection.php(606): CodeIgniter\Database\BaseConnection->simpleQuery('SELECT SQL_CALC...')
#3 C:\xamppp\htdocs\ownshop-main\app\Models\Clients_model.php(184): CodeIgniter\Database\BaseConnection->query('SELECT SQL_CALC...')
#4 C:\xamppp\htdocs\ownshop-main\app\Controllers\Clients.php(259): App\Models\Clients_model->get_details(Array)
#5 C:\xamppp\htdocs\ownshop-main\app\Controllers\Clients.php(186): App\Controllers\Clients->_row_data(11)
#6 C:\xamppp\htdocs\ownshop-main\system\CodeIgniter.php(932): App\Controllers\Clients->save()
#7 C:\xamppp\htdocs\ownshop-main\system\CodeIgniter.php(497): CodeIgniter\CodeIgniter->runController(Object(App\Controllers\Clients))
#8 C:\xamppp\htdocs\ownshop-main\system\CodeIgniter.php(366): CodeIgniter\CodeIgniter->handleRequest(NULL, Object(Config\Cache), false)
#9 C:\xamppp\htdocs\ownshop-main\index.php(80): CodeIgniter\CodeIgniter->run()
#10 {main}
CRITICAL - 2024-05-21 10:59:51 --> Call to a member function getRow() on bool
in APPPATH\Controllers\Clients.php on line 259.
 1 APPPATH\Controllers\Clients.php(186): App\Controllers\Clients->_row_data(11)
 2 SYSTEMPATH\CodeIgniter.php(932): App\Controllers\Clients->save()
 3 SYSTEMPATH\CodeIgniter.php(497): CodeIgniter\CodeIgniter->runController(Object(App\Controllers\Clients))
 4 SYSTEMPATH\CodeIgniter.php(366): CodeIgniter\CodeIgniter->handleRequest(null, Object(Config\Cache), false)
 5 FCPATH\index.php(80): CodeIgniter\CodeIgniter->run()
ERROR - 2024-05-21 11:00:29 --> mysqli_sql_exception: Unknown column 'salary_term' in 'on clause' in C:\xamppp\htdocs\ownshop-main\system\Database\MySQLi\Connection.php:295
Stack trace:
#0 C:\xamppp\htdocs\ownshop-main\system\Database\MySQLi\Connection.php(295): mysqli->query('SELECT SQL_CALC...', 0)
#1 C:\xamppp\htdocs\ownshop-main\system\Database\BaseConnection.php(692): CodeIgniter\Database\MySQLi\Connection->execute('SELECT SQL_CALC...')
#2 C:\xamppp\htdocs\ownshop-main\system\Database\BaseConnection.php(606): CodeIgniter\Database\BaseConnection->simpleQuery('SELECT SQL_CALC...')
#3 C:\xamppp\htdocs\ownshop-main\app\Models\Clients_model.php(184): CodeIgniter\Database\BaseConnection->query('SELECT SQL_CALC...')
#4 C:\xamppp\htdocs\ownshop-main\app\Controllers\Clients.php(259): App\Models\Clients_model->get_details(Array)
#5 C:\xamppp\htdocs\ownshop-main\app\Controllers\Clients.php(186): App\Controllers\Clients->_row_data(12)
#6 C:\xamppp\htdocs\ownshop-main\system\CodeIgniter.php(932): App\Controllers\Clients->save()
#7 C:\xamppp\htdocs\ownshop-main\system\CodeIgniter.php(497): CodeIgniter\CodeIgniter->runController(Object(App\Controllers\Clients))
#8 C:\xamppp\htdocs\ownshop-main\system\CodeIgniter.php(366): CodeIgniter\CodeIgniter->handleRequest(NULL, Object(Config\Cache), false)
#9 C:\xamppp\htdocs\ownshop-main\index.php(80): CodeIgniter\CodeIgniter->run()
#10 {main}
CRITICAL - 2024-05-21 11:00:29 --> Call to a member function getRow() on bool
in APPPATH\Controllers\Clients.php on line 259.
 1 APPPATH\Controllers\Clients.php(186): App\Controllers\Clients->_row_data(12)
 2 SYSTEMPATH\CodeIgniter.php(932): App\Controllers\Clients->save()
 3 SYSTEMPATH\CodeIgniter.php(497): CodeIgniter\CodeIgniter->runController(Object(App\Controllers\Clients))
 4 SYSTEMPATH\CodeIgniter.php(366): CodeIgniter\CodeIgniter->handleRequest(null, Object(Config\Cache), false)
 5 FCPATH\index.php(80): CodeIgniter\CodeIgniter->run()
ERROR - 2024-05-21 11:01:10 --> mysqli_sql_exception: Unknown column 'salary_term' in 'on clause' in C:\xamppp\htdocs\ownshop-main\system\Database\MySQLi\Connection.php:295
Stack trace:
#0 C:\xamppp\htdocs\ownshop-main\system\Database\MySQLi\Connection.php(295): mysqli->query('SELECT SQL_CALC...', 0)
#1 C:\xamppp\htdocs\ownshop-main\system\Database\BaseConnection.php(692): CodeIgniter\Database\MySQLi\Connection->execute('SELECT SQL_CALC...')
#2 C:\xamppp\htdocs\ownshop-main\system\Database\BaseConnection.php(606): CodeIgniter\Database\BaseConnection->simpleQuery('SELECT SQL_CALC...')
#3 C:\xamppp\htdocs\ownshop-main\app\Models\Clients_model.php(184): CodeIgniter\Database\BaseConnection->query('SELECT SQL_CALC...')
#4 C:\xamppp\htdocs\ownshop-main\app\Controllers\User.php(247): App\Models\Clients_model->get_details(Array)
#5 C:\xamppp\htdocs\ownshop-main\app\Controllers\User.php(177): App\Controllers\User->_row_data(13)
#6 C:\xamppp\htdocs\ownshop-main\system\CodeIgniter.php(932): App\Controllers\User->save()
#7 C:\xamppp\htdocs\ownshop-main\system\CodeIgniter.php(497): CodeIgniter\CodeIgniter->runController(Object(App\Controllers\User))
#8 C:\xamppp\htdocs\ownshop-main\system\CodeIgniter.php(366): CodeIgniter\CodeIgniter->handleRequest(NULL, Object(Config\Cache), false)
#9 C:\xamppp\htdocs\ownshop-main\index.php(80): CodeIgniter\CodeIgniter->run()
#10 {main}
CRITICAL - 2024-05-21 11:01:10 --> Call to a member function getRow() on bool
in APPPATH\Controllers\User.php on line 247.
 1 APPPATH\Controllers\User.php(177): App\Controllers\User->_row_data(13)
 2 SYSTEMPATH\CodeIgniter.php(932): App\Controllers\User->save()
 3 SYSTEMPATH\CodeIgniter.php(497): CodeIgniter\CodeIgniter->runController(Object(App\Controllers\User))
 4 SYSTEMPATH\CodeIgniter.php(366): CodeIgniter\CodeIgniter->handleRequest(null, Object(Config\Cache), false)
 5 FCPATH\index.php(80): CodeIgniter\CodeIgniter->run()
ERROR - 2024-05-21 11:03:13 --> mysqli_sql_exception: Unknown column 'salary_term' in 'on clause' in C:\xamppp\htdocs\ownshop-main\system\Database\MySQLi\Connection.php:295
Stack trace:
#0 C:\xamppp\htdocs\ownshop-main\system\Database\MySQLi\Connection.php(295): mysqli->query('SELECT SQL_CALC...', 0)
#1 C:\xamppp\htdocs\ownshop-main\system\Database\BaseConnection.php(692): CodeIgniter\Database\MySQLi\Connection->execute('SELECT SQL_CALC...')
#2 C:\xamppp\htdocs\ownshop-main\system\Database\BaseConnection.php(606): CodeIgniter\Database\BaseConnection->simpleQuery('SELECT SQL_CALC...')
#3 C:\xamppp\htdocs\ownshop-main\app\Models\Clients_model.php(184): CodeIgniter\Database\BaseConnection->query('SELECT SQL_CALC...')
#4 C:\xamppp\htdocs\ownshop-main\app\Controllers\Clients.php(259): App\Models\Clients_model->get_details(Array)
#5 C:\xamppp\htdocs\ownshop-main\app\Controllers\Clients.php(186): App\Controllers\Clients->_row_data(14)
#6 C:\xamppp\htdocs\ownshop-main\system\CodeIgniter.php(932): App\Controllers\Clients->save()
#7 C:\xamppp\htdocs\ownshop-main\system\CodeIgniter.php(497): CodeIgniter\CodeIgniter->runController(Object(App\Controllers\Clients))
#8 C:\xamppp\htdocs\ownshop-main\system\CodeIgniter.php(366): CodeIgniter\CodeIgniter->handleRequest(NULL, Object(Config\Cache), false)
#9 C:\xamppp\htdocs\ownshop-main\index.php(80): CodeIgniter\CodeIgniter->run()
#10 {main}
CRITICAL - 2024-05-21 11:03:13 --> Call to a member function getRow() on bool
in APPPATH\Controllers\Clients.php on line 259.
 1 APPPATH\Controllers\Clients.php(186): App\Controllers\Clients->_row_data(14)
 2 SYSTEMPATH\CodeIgniter.php(932): App\Controllers\Clients->save()
 3 SYSTEMPATH\CodeIgniter.php(497): CodeIgniter\CodeIgniter->runController(Object(App\Controllers\Clients))
 4 SYSTEMPATH\CodeIgniter.php(366): CodeIgniter\CodeIgniter->handleRequest(null, Object(Config\Cache), false)
 5 FCPATH\index.php(80): CodeIgniter\CodeIgniter->run()
ERROR - 2024-05-21 11:11:09 --> mysqli_sql_exception: Unknown column 'salary_term' in 'on clause' in C:\xamppp\htdocs\ownshop-main\system\Database\MySQLi\Connection.php:295
Stack trace:
#0 C:\xamppp\htdocs\ownshop-main\system\Database\MySQLi\Connection.php(295): mysqli->query('SELECT SQL_CALC...', 0)
#1 C:\xamppp\htdocs\ownshop-main\system\Database\BaseConnection.php(692): CodeIgniter\Database\MySQLi\Connection->execute('SELECT SQL_CALC...')
#2 C:\xamppp\htdocs\ownshop-main\system\Database\BaseConnection.php(606): CodeIgniter\Database\BaseConnection->simpleQuery('SELECT SQL_CALC...')
#3 C:\xamppp\htdocs\ownshop-main\app\Models\Tasks_model.php(440): CodeIgniter\Database\BaseConnection->query('SELECT SQL_CALC...')
#4 C:\xamppp\htdocs\ownshop-main\app\Controllers\Tasks.php(3419): App\Models\Tasks_model->get_details(Array)
#5 C:\xamppp\htdocs\ownshop-main\system\CodeIgniter.php(932): App\Controllers\Tasks->all_tasks_list_data('1')
#6 C:\xamppp\htdocs\ownshop-main\system\CodeIgniter.php(497): CodeIgniter\CodeIgniter->runController(Object(App\Controllers\Tasks))
#7 C:\xamppp\htdocs\ownshop-main\system\CodeIgniter.php(366): CodeIgniter\CodeIgniter->handleRequest(NULL, Object(Config\Cache), false)
#8 C:\xamppp\htdocs\ownshop-main\index.php(80): CodeIgniter\CodeIgniter->run()
#9 {main}
CRITICAL - 2024-05-21 11:11:09 --> Call to a member function getResult() on bool
in APPPATH\Controllers\Tasks.php on line 3427.
 1 SYSTEMPATH\CodeIgniter.php(932): App\Controllers\Tasks->all_tasks_list_data('1')
 2 SYSTEMPATH\CodeIgniter.php(497): CodeIgniter\CodeIgniter->runController(Object(App\Controllers\Tasks))
 3 SYSTEMPATH\CodeIgniter.php(366): CodeIgniter\CodeIgniter->handleRequest(null, Object(Config\Cache), false)
 4 FCPATH\index.php(80): CodeIgniter\CodeIgniter->run()
ERROR - 2024-05-21 11:11:14 --> mysqli_sql_exception: Unknown column 'salary_term' in 'on clause' in C:\xamppp\htdocs\ownshop-main\system\Database\MySQLi\Connection.php:295
Stack trace:
#0 C:\xamppp\htdocs\ownshop-main\system\Database\MySQLi\Connection.php(295): mysqli->query('SELECT SQL_CALC...', 0)
#1 C:\xamppp\htdocs\ownshop-main\system\Database\BaseConnection.php(692): CodeIgniter\Database\MySQLi\Connection->execute('SELECT SQL_CALC...')
#2 C:\xamppp\htdocs\ownshop-main\system\Database\BaseConnection.php(606): CodeIgniter\Database\BaseConnection->simpleQuery('SELECT SQL_CALC...')
#3 C:\xamppp\htdocs\ownshop-main\app\Models\Tasks_model.php(440): CodeIgniter\Database\BaseConnection->query('SELECT SQL_CALC...')
#4 C:\xamppp\htdocs\ownshop-main\app\Controllers\Tasks.php(3419): App\Models\Tasks_model->get_details(Array)
#5 C:\xamppp\htdocs\ownshop-main\system\CodeIgniter.php(932): App\Controllers\Tasks->all_tasks_list_data('1')
#6 C:\xamppp\htdocs\ownshop-main\system\CodeIgniter.php(497): CodeIgniter\CodeIgniter->runController(Object(App\Controllers\Tasks))
#7 C:\xamppp\htdocs\ownshop-main\system\CodeIgniter.php(366): CodeIgniter\CodeIgniter->handleRequest(NULL, Object(Config\Cache), false)
#8 C:\xamppp\htdocs\ownshop-main\index.php(80): CodeIgniter\CodeIgniter->run()
#9 {main}
CRITICAL - 2024-05-21 11:11:14 --> Call to a member function getResult() on bool
in APPPATH\Controllers\Tasks.php on line 3427.
 1 SYSTEMPATH\CodeIgniter.php(932): App\Controllers\Tasks->all_tasks_list_data('1')
 2 SYSTEMPATH\CodeIgniter.php(497): CodeIgniter\CodeIgniter->runController(Object(App\Controllers\Tasks))
 3 SYSTEMPATH\CodeIgniter.php(366): CodeIgniter\CodeIgniter->handleRequest(null, Object(Config\Cache), false)
 4 FCPATH\index.php(80): CodeIgniter\CodeIgniter->run()
ERROR - 2024-05-21 11:12:54 --> mysqli_sql_exception: Unknown column 'salary_term' in 'on clause' in C:\xamppp\htdocs\ownshop-main\system\Database\MySQLi\Connection.php:295
Stack trace:
#0 C:\xamppp\htdocs\ownshop-main\system\Database\MySQLi\Connection.php(295): mysqli->query('SELECT SQL_CALC...', 0)
#1 C:\xamppp\htdocs\ownshop-main\system\Database\BaseConnection.php(692): CodeIgniter\Database\MySQLi\Connection->execute('SELECT SQL_CALC...')
#2 C:\xamppp\htdocs\ownshop-main\system\Database\BaseConnection.php(606): CodeIgniter\Database\BaseConnection->simpleQuery('SELECT SQL_CALC...')
#3 C:\xamppp\htdocs\ownshop-main\app\Models\Tasks_model.php(440): CodeIgniter\Database\BaseConnection->query('SELECT SQL_CALC...')
#4 C:\xamppp\htdocs\ownshop-main\app\Controllers\Tasks.php(3419): App\Models\Tasks_model->get_details(Array)
#5 C:\xamppp\htdocs\ownshop-main\system\CodeIgniter.php(932): App\Controllers\Tasks->all_tasks_list_data('1')
#6 C:\xamppp\htdocs\ownshop-main\system\CodeIgniter.php(497): CodeIgniter\CodeIgniter->runController(Object(App\Controllers\Tasks))
#7 C:\xamppp\htdocs\ownshop-main\system\CodeIgniter.php(366): CodeIgniter\CodeIgniter->handleRequest(NULL, Object(Config\Cache), false)
#8 C:\xamppp\htdocs\ownshop-main\index.php(80): CodeIgniter\CodeIgniter->run()
#9 {main}
CRITICAL - 2024-05-21 11:12:54 --> Call to a member function getResult() on bool
in APPPATH\Controllers\Tasks.php on line 3427.
 1 SYSTEMPATH\CodeIgniter.php(932): App\Controllers\Tasks->all_tasks_list_data('1')
 2 SYSTEMPATH\CodeIgniter.php(497): CodeIgniter\CodeIgniter->runController(Object(App\Controllers\Tasks))
 3 SYSTEMPATH\CodeIgniter.php(366): CodeIgniter\CodeIgniter->handleRequest(null, Object(Config\Cache), false)
 4 FCPATH\index.php(80): CodeIgniter\CodeIgniter->run()
ERROR - 2024-05-21 11:13:19 --> mysqli_sql_exception: Unknown column 'salary_term' in 'on clause' in C:\xamppp\htdocs\ownshop-main\system\Database\MySQLi\Connection.php:295
Stack trace:
#0 C:\xamppp\htdocs\ownshop-main\system\Database\MySQLi\Connection.php(295): mysqli->query('SELECT SQL_CALC...', 0)
#1 C:\xamppp\htdocs\ownshop-main\system\Database\BaseConnection.php(692): CodeIgniter\Database\MySQLi\Connection->execute('SELECT SQL_CALC...')
#2 C:\xamppp\htdocs\ownshop-main\system\Database\BaseConnection.php(606): CodeIgniter\Database\BaseConnection->simpleQuery('SELECT SQL_CALC...')
#3 C:\xamppp\htdocs\ownshop-main\app\Models\Tasks_model.php(440): CodeIgniter\Database\BaseConnection->query('SELECT SQL_CALC...')
#4 C:\xamppp\htdocs\ownshop-main\app\Controllers\Tasks.php(3419): App\Models\Tasks_model->get_details(Array)
#5 C:\xamppp\htdocs\ownshop-main\system\CodeIgniter.php(932): App\Controllers\Tasks->all_tasks_list_data()
#6 C:\xamppp\htdocs\ownshop-main\system\CodeIgniter.php(497): CodeIgniter\CodeIgniter->runController(Object(App\Controllers\Tasks))
#7 C:\xamppp\htdocs\ownshop-main\system\CodeIgniter.php(366): CodeIgniter\CodeIgniter->handleRequest(NULL, Object(Config\Cache), false)
#8 C:\xamppp\htdocs\ownshop-main\index.php(80): CodeIgniter\CodeIgniter->run()
#9 {main}
CRITICAL - 2024-05-21 11:13:19 --> Call to a member function getResult() on bool
in APPPATH\Models\Tasks_model.php on line 446.
 1 APPPATH\Controllers\Tasks.php(3419): App\Models\Tasks_model->get_details([...])
 2 SYSTEMPATH\CodeIgniter.php(932): App\Controllers\Tasks->all_tasks_list_data()
 3 SYSTEMPATH\CodeIgniter.php(497): CodeIgniter\CodeIgniter->runController(Object(App\Controllers\Tasks))
 4 SYSTEMPATH\CodeIgniter.php(366): CodeIgniter\CodeIgniter->handleRequest(null, Object(Config\Cache), false)
 5 FCPATH\index.php(80): CodeIgniter\CodeIgniter->run()
ERROR - 2024-05-21 11:13:27 --> mysqli_sql_exception: Unknown column 'salary_term' in 'on clause' in C:\xamppp\htdocs\ownshop-main\system\Database\MySQLi\Connection.php:295
Stack trace:
#0 C:\xamppp\htdocs\ownshop-main\system\Database\MySQLi\Connection.php(295): mysqli->query('SELECT SQL_CALC...', 0)
#1 C:\xamppp\htdocs\ownshop-main\system\Database\BaseConnection.php(692): CodeIgniter\Database\MySQLi\Connection->execute('SELECT SQL_CALC...')
#2 C:\xamppp\htdocs\ownshop-main\system\Database\BaseConnection.php(606): CodeIgniter\Database\BaseConnection->simpleQuery('SELECT SQL_CALC...')
#3 C:\xamppp\htdocs\ownshop-main\app\Models\Tasks_model.php(440): CodeIgniter\Database\BaseConnection->query('SELECT SQL_CALC...')
#4 C:\xamppp\htdocs\ownshop-main\app\Controllers\Tasks.php(3419): App\Models\Tasks_model->get_details(Array)
#5 C:\xamppp\htdocs\ownshop-main\system\CodeIgniter.php(932): App\Controllers\Tasks->all_tasks_list_data('1')
#6 C:\xamppp\htdocs\ownshop-main\system\CodeIgniter.php(497): CodeIgniter\CodeIgniter->runController(Object(App\Controllers\Tasks))
#7 C:\xamppp\htdocs\ownshop-main\system\CodeIgniter.php(366): CodeIgniter\CodeIgniter->handleRequest(NULL, Object(Config\Cache), false)
#8 C:\xamppp\htdocs\ownshop-main\index.php(80): CodeIgniter\CodeIgniter->run()
#9 {main}
CRITICAL - 2024-05-21 11:13:27 --> Call to a member function getResult() on bool
in APPPATH\Controllers\Tasks.php on line 3427.
 1 SYSTEMPATH\CodeIgniter.php(932): App\Controllers\Tasks->all_tasks_list_data('1')
 2 SYSTEMPATH\CodeIgniter.php(497): CodeIgniter\CodeIgniter->runController(Object(App\Controllers\Tasks))
 3 SYSTEMPATH\CodeIgniter.php(366): CodeIgniter\CodeIgniter->handleRequest(null, Object(Config\Cache), false)
 4 FCPATH\index.php(80): CodeIgniter\CodeIgniter->run()
ERROR - 2024-05-21 11:14:31 --> mysqli_sql_exception: Unknown column 'salary_term' in 'on clause' in C:\xamppp\htdocs\ownshop-main\system\Database\MySQLi\Connection.php:295
Stack trace:
#0 C:\xamppp\htdocs\ownshop-main\system\Database\MySQLi\Connection.php(295): mysqli->query('SELECT SQL_CALC...', 0)
#1 C:\xamppp\htdocs\ownshop-main\system\Database\BaseConnection.php(692): CodeIgniter\Database\MySQLi\Connection->execute('SELECT SQL_CALC...')
#2 C:\xamppp\htdocs\ownshop-main\system\Database\BaseConnection.php(606): CodeIgniter\Database\BaseConnection->simpleQuery('SELECT SQL_CALC...')
#3 C:\xamppp\htdocs\ownshop-main\app\Models\Tasks_model.php(440): CodeIgniter\Database\BaseConnection->query('SELECT SQL_CALC...')
#4 C:\xamppp\htdocs\ownshop-main\app\Controllers\Tasks.php(3419): App\Models\Tasks_model->get_details(Array)
#5 C:\xamppp\htdocs\ownshop-main\system\CodeIgniter.php(932): App\Controllers\Tasks->all_tasks_list_data('1')
#6 C:\xamppp\htdocs\ownshop-main\system\CodeIgniter.php(497): CodeIgniter\CodeIgniter->runController(Object(App\Controllers\Tasks))
#7 C:\xamppp\htdocs\ownshop-main\system\CodeIgniter.php(366): CodeIgniter\CodeIgniter->handleRequest(NULL, Object(Config\Cache), false)
#8 C:\xamppp\htdocs\ownshop-main\index.php(80): CodeIgniter\CodeIgniter->run()
#9 {main}
CRITICAL - 2024-05-21 11:14:31 --> Call to a member function getResult() on bool
in APPPATH\Controllers\Tasks.php on line 3427.
 1 SYSTEMPATH\CodeIgniter.php(932): App\Controllers\Tasks->all_tasks_list_data('1')
 2 SYSTEMPATH\CodeIgniter.php(497): CodeIgniter\CodeIgniter->runController(Object(App\Controllers\Tasks))
 3 SYSTEMPATH\CodeIgniter.php(366): CodeIgniter\CodeIgniter->handleRequest(null, Object(Config\Cache), false)
 4 FCPATH\index.php(80): CodeIgniter\CodeIgniter->run()
CRITICAL - 2024-05-21 12:48:08 --> Undefined property: stdClass::$projects
in APPPATH\Controllers\User.php on line 271.
 1 APPPATH\Controllers\User.php(271): CodeIgniter\Debug\Exceptions->errorHandler(2, 'Undefined property: stdClass::$projects', 'C:\\xamppp\\htdocs\\ownshop-main\\app\\Controllers\\User.php', 271)
 2 SYSTEMPATH\CodeIgniter.php(932): App\Controllers\User->list_data()
 3 SYSTEMPATH\CodeIgniter.php(497): CodeIgniter\CodeIgniter->runController(Object(App\Controllers\User))
 4 SYSTEMPATH\CodeIgniter.php(366): CodeIgniter\CodeIgniter->handleRequest(null, Object(Config\Cache), false)
 5 FCPATH\index.php(80): CodeIgniter\CodeIgniter->run()
CRITICAL - 2024-05-21 12:48:45 --> Undefined variable $result_data
in APPPATH\Controllers\User.php on line 263.
 1 APPPATH\Controllers\User.php(263): CodeIgniter\Debug\Exceptions->errorHandler(2, 'Undefined variable $result_data', 'C:\\xamppp\\htdocs\\ownshop-main\\app\\Controllers\\User.php', 263)
 2 SYSTEMPATH\CodeIgniter.php(932): App\Controllers\User->list_data()
 3 SYSTEMPATH\CodeIgniter.php(497): CodeIgniter\CodeIgniter->runController(Object(App\Controllers\User))
 4 SYSTEMPATH\CodeIgniter.php(366): CodeIgniter\CodeIgniter->handleRequest(null, Object(Config\Cache), false)
 5 FCPATH\index.php(80): CodeIgniter\CodeIgniter->run()
