CRITICAL - 2024-05-22 09:04:14 --> Call to undefined function App\Controllers\get_current_week_dates()
in APPPATH\Controllers\Team_members.php on line 352.
 1 SYSTEMPATH\CodeIgniter.php(932): App\Controllers\Team_members->list_data()
 2 SYSTEMPATH\CodeIgniter.php(497): CodeIgniter\CodeIgniter->runController(Object(App\Controllers\Team_members))
 3 SYSTEMPATH\CodeIgniter.php(366): CodeIgniter\CodeIgniter->handleRequest(null, Object(Config\Cache), false)
 4 FCPATH\index.php(80): CodeIgniter\CodeIgniter->run()
CRITICAL - 2024-05-22 09:04:53 --> Call to undefined function App\Controllers\get_current_week_dates()
in APPPATH\Controllers\Team_members.php on line 352.
 1 SYSTEMPATH\CodeIgniter.php(932): App\Controllers\Team_members->list_data()
 2 SYSTEMPATH\CodeIgniter.php(497): CodeIgniter\CodeIgniter->runController(Object(App\Controllers\Team_members))
 3 SYSTEMPATH\CodeIgniter.php(366): CodeIgniter\CodeIgniter->handleRequest(null, Object(Config\Cache), false)
 4 FCPATH\index.php(80): CodeIgniter\CodeIgniter->run()
CRITICAL - 2024-05-22 09:05:01 --> Call to undefined function App\Controllers\get_current_week_dates()
in APPPATH\Controllers\Team_members.php on line 352.
 1 SYSTEMPATH\CodeIgniter.php(932): App\Controllers\Team_members->list_data()
 2 SYSTEMPATH\CodeIgniter.php(497): CodeIgniter\CodeIgniter->runController(Object(App\Controllers\Team_members))
 3 SYSTEMPATH\CodeIgniter.php(366): CodeIgniter\CodeIgniter->handleRequest(null, Object(Config\Cache), false)
 4 FCPATH\index.php(80): CodeIgniter\CodeIgniter->run()
CRITICAL - 2024-05-22 11:09:40 --> Undefined property: App\Controllers\Team_members::$input
in APPPATH\Controllers\Team_members.php on line 353.
 1 APPPATH\Controllers\Team_members.php(353): CodeIgniter\Debug\Exceptions->errorHandler(2, 'Undefined property: App\\Controllers\\Team_members::$input', 'C:\\xamppp\\htdocs\\ownshop-main\\app\\Controllers\\Team_members.php', 353)
 2 SYSTEMPATH\CodeIgniter.php(932): App\Controllers\Team_members->list_data()
 3 SYSTEMPATH\CodeIgniter.php(497): CodeIgniter\CodeIgniter->runController(Object(App\Controllers\Team_members))
 4 SYSTEMPATH\CodeIgniter.php(366): CodeIgniter\CodeIgniter->handleRequest(null, Object(Config\Cache), false)
 5 FCPATH\index.php(80): CodeIgniter\CodeIgniter->run()
CRITICAL - 2024-05-22 11:10:22 --> Undefined property: App\Controllers\Team_members::$input
in APPPATH\Controllers\Team_members.php on line 353.
 1 APPPATH\Controllers\Team_members.php(353): CodeIgniter\Debug\Exceptions->errorHandler(2, 'Undefined property: App\\Controllers\\Team_members::$input', 'C:\\xamppp\\htdocs\\ownshop-main\\app\\Controllers\\Team_members.php', 353)
 2 SYSTEMPATH\CodeIgniter.php(932): App\Controllers\Team_members->list_data()
 3 SYSTEMPATH\CodeIgniter.php(497): CodeIgniter\CodeIgniter->runController(Object(App\Controllers\Team_members))
 4 SYSTEMPATH\CodeIgniter.php(366): CodeIgniter\CodeIgniter->handleRequest(null, Object(Config\Cache), false)
 5 FCPATH\index.php(80): CodeIgniter\CodeIgniter->run()
CRITICAL - 2024-05-22 11:10:38 --> Undefined property: App\Controllers\Team_members::$input
in APPPATH\Controllers\Team_members.php on line 353.
 1 APPPATH\Controllers\Team_members.php(353): CodeIgniter\Debug\Exceptions->errorHandler(2, 'Undefined property: App\\Controllers\\Team_members::$input', 'C:\\xamppp\\htdocs\\ownshop-main\\app\\Controllers\\Team_members.php', 353)
 2 SYSTEMPATH\CodeIgniter.php(932): App\Controllers\Team_members->list_data()
 3 SYSTEMPATH\CodeIgniter.php(497): CodeIgniter\CodeIgniter->runController(Object(App\Controllers\Team_members))
 4 SYSTEMPATH\CodeIgniter.php(366): CodeIgniter\CodeIgniter->handleRequest(null, Object(Config\Cache), false)
 5 FCPATH\index.php(80): CodeIgniter\CodeIgniter->run()
CRITICAL - 2024-05-22 11:24:22 --> Undefined property: App\Controllers\Team_members::$db
in APPPATH\Controllers\Team_members.php on line 358.
 1 APPPATH\Controllers\Team_members.php(358): CodeIgniter\Debug\Exceptions->errorHandler(2, 'Undefined property: App\\Controllers\\Team_members::$db', 'C:\\xamppp\\htdocs\\ownshop-main\\app\\Controllers\\Team_members.php', 358)
 2 SYSTEMPATH\CodeIgniter.php(932): App\Controllers\Team_members->list_data()
 3 SYSTEMPATH\CodeIgniter.php(497): CodeIgniter\CodeIgniter->runController(Object(App\Controllers\Team_members))
 4 SYSTEMPATH\CodeIgniter.php(366): CodeIgniter\CodeIgniter->handleRequest(null, Object(Config\Cache), false)
 5 FCPATH\index.php(80): CodeIgniter\CodeIgniter->run()
CRITICAL - 2024-05-22 11:24:27 --> Undefined property: App\Controllers\Team_members::$db
in APPPATH\Controllers\Team_members.php on line 358.
 1 APPPATH\Controllers\Team_members.php(358): CodeIgniter\Debug\Exceptions->errorHandler(2, 'Undefined property: App\\Controllers\\Team_members::$db', 'C:\\xamppp\\htdocs\\ownshop-main\\app\\Controllers\\Team_members.php', 358)
 2 SYSTEMPATH\CodeIgniter.php(932): App\Controllers\Team_members->list_data()
 3 SYSTEMPATH\CodeIgniter.php(497): CodeIgniter\CodeIgniter->runController(Object(App\Controllers\Team_members))
 4 SYSTEMPATH\CodeIgniter.php(366): CodeIgniter\CodeIgniter->handleRequest(null, Object(Config\Cache), false)
 5 FCPATH\index.php(80): CodeIgniter\CodeIgniter->run()
CRITICAL - 2024-05-22 11:24:31 --> Undefined property: App\Controllers\Team_members::$db
in APPPATH\Controllers\Team_members.php on line 358.
 1 APPPATH\Controllers\Team_members.php(358): CodeIgniter\Debug\Exceptions->errorHandler(2, 'Undefined property: App\\Controllers\\Team_members::$db', 'C:\\xamppp\\htdocs\\ownshop-main\\app\\Controllers\\Team_members.php', 358)
 2 SYSTEMPATH\CodeIgniter.php(932): App\Controllers\Team_members->list_data()
 3 SYSTEMPATH\CodeIgniter.php(497): CodeIgniter\CodeIgniter->runController(Object(App\Controllers\Team_members))
 4 SYSTEMPATH\CodeIgniter.php(366): CodeIgniter\CodeIgniter->handleRequest(null, Object(Config\Cache), false)
 5 FCPATH\index.php(80): CodeIgniter\CodeIgniter->run()
CRITICAL - 2024-05-22 11:24:35 --> Undefined property: App\Controllers\Team_members::$db
in APPPATH\Controllers\Team_members.php on line 358.
 1 APPPATH\Controllers\Team_members.php(358): CodeIgniter\Debug\Exceptions->errorHandler(2, 'Undefined property: App\\Controllers\\Team_members::$db', 'C:\\xamppp\\htdocs\\ownshop-main\\app\\Controllers\\Team_members.php', 358)
 2 SYSTEMPATH\CodeIgniter.php(932): App\Controllers\Team_members->list_data()
 3 SYSTEMPATH\CodeIgniter.php(497): CodeIgniter\CodeIgniter->runController(Object(App\Controllers\Team_members))
 4 SYSTEMPATH\CodeIgniter.php(366): CodeIgniter\CodeIgniter->handleRequest(null, Object(Config\Cache), false)
 5 FCPATH\index.php(80): CodeIgniter\CodeIgniter->run()
CRITICAL - 2024-05-22 11:37:33 --> Undefined property: App\Controllers\Team_members::$db
in APPPATH\Controllers\Team_members.php on line 358.
 1 APPPATH\Controllers\Team_members.php(358): CodeIgniter\Debug\Exceptions->errorHandler(2, 'Undefined property: App\\Controllers\\Team_members::$db', 'C:\\xamppp\\htdocs\\ownshop-main\\app\\Controllers\\Team_members.php', 358)
 2 SYSTEMPATH\CodeIgniter.php(932): App\Controllers\Team_members->list_data()
 3 SYSTEMPATH\CodeIgniter.php(497): CodeIgniter\CodeIgniter->runController(Object(App\Controllers\Team_members))
 4 SYSTEMPATH\CodeIgniter.php(366): CodeIgniter\CodeIgniter->handleRequest(null, Object(Config\Cache), false)
 5 FCPATH\index.php(80): CodeIgniter\CodeIgniter->run()
CRITICAL - 2024-05-22 11:40:36 --> Undefined property: App\Controllers\Team_members::$input
in APPPATH\Controllers\Team_members.php on line 353.
 1 APPPATH\Controllers\Team_members.php(353): CodeIgniter\Debug\Exceptions->errorHandler(2, 'Undefined property: App\\Controllers\\Team_members::$input', 'C:\\xamppp\\htdocs\\ownshop-main\\app\\Controllers\\Team_members.php', 353)
 2 SYSTEMPATH\CodeIgniter.php(932): App\Controllers\Team_members->list_data()
 3 SYSTEMPATH\CodeIgniter.php(497): CodeIgniter\CodeIgniter->runController(Object(App\Controllers\Team_members))
 4 SYSTEMPATH\CodeIgniter.php(366): CodeIgniter\CodeIgniter->handleRequest(null, Object(Config\Cache), false)
 5 FCPATH\index.php(80): CodeIgniter\CodeIgniter->run()
ERROR - 2024-05-22 11:49:19 --> mysqli_sql_exception: Table 'rise.rise_phone' doesn't exist in C:\xamppp\htdocs\ownshop-main\system\Database\MySQLi\Connection.php:295
Stack trace:
#0 C:\xamppp\htdocs\ownshop-main\system\Database\MySQLi\Connection.php(295): mysqli->query('SELECT SQL_CALC...', 0)
#1 C:\xamppp\htdocs\ownshop-main\system\Database\BaseConnection.php(692): CodeIgniter\Database\MySQLi\Connection->execute('SELECT SQL_CALC...')
#2 C:\xamppp\htdocs\ownshop-main\system\Database\BaseConnection.php(606): CodeIgniter\Database\BaseConnection->simpleQuery('SELECT SQL_CALC...')
#3 C:\xamppp\htdocs\ownshop-main\app\Models\Clients_model.php(186): CodeIgniter\Database\BaseConnection->query('SELECT SQL_CALC...')
#4 C:\xamppp\htdocs\ownshop-main\app\Controllers\User.php(219): App\Models\Clients_model->get_details(Array)
#5 C:\xamppp\htdocs\ownshop-main\system\CodeIgniter.php(932): App\Controllers\User->list_data()
#6 C:\xamppp\htdocs\ownshop-main\system\CodeIgniter.php(497): CodeIgniter\CodeIgniter->runController(Object(App\Controllers\User))
#7 C:\xamppp\htdocs\ownshop-main\system\CodeIgniter.php(366): CodeIgniter\CodeIgniter->handleRequest(NULL, Object(Config\Cache), false)
#8 C:\xamppp\htdocs\ownshop-main\index.php(80): CodeIgniter\CodeIgniter->run()
#9 {main}
CRITICAL - 2024-05-22 11:49:19 --> Call to a member function getResult() on bool
in APPPATH\Models\Clients_model.php on line 192.
 1 APPPATH\Controllers\User.php(219): App\Models\Clients_model->get_details([...])
 2 SYSTEMPATH\CodeIgniter.php(932): App\Controllers\User->list_data()
 3 SYSTEMPATH\CodeIgniter.php(497): CodeIgniter\CodeIgniter->runController(Object(App\Controllers\User))
 4 SYSTEMPATH\CodeIgniter.php(366): CodeIgniter\CodeIgniter->handleRequest(null, Object(Config\Cache), false)
 5 FCPATH\index.php(80): CodeIgniter\CodeIgniter->run()
CRITICAL - 2024-05-22 11:53:20 --> Undefined property: stdClass::$name
in APPPATH\Controllers\User.php on line 235.
 1 APPPATH\Controllers\User.php(235): CodeIgniter\Debug\Exceptions->errorHandler(2, 'Undefined property: stdClass::$name', 'C:\\xamppp\\htdocs\\ownshop-main\\app\\Controllers\\User.php', 235)
 2 SYSTEMPATH\CodeIgniter.php(932): App\Controllers\User->list_data()
 3 SYSTEMPATH\CodeIgniter.php(497): CodeIgniter\CodeIgniter->runController(Object(App\Controllers\User))
 4 SYSTEMPATH\CodeIgniter.php(366): CodeIgniter\CodeIgniter->handleRequest(null, Object(Config\Cache), false)
 5 FCPATH\index.php(80): CodeIgniter\CodeIgniter->run()
CRITICAL - 2024-05-22 12:30:11 --> Invalid file: "/customers/index.php"
in SYSTEMPATH\Exceptions\FrameworkException.php on line 33.
 1 SYSTEMPATH\View\View.php(212): CodeIgniter\Exceptions\FrameworkException::forInvalidFile('/customers/index.php')
 2 SYSTEMPATH\Common.php(1180): CodeIgniter\View\View->render('/customers/index', [], true)
 3 APPPATH\Controllers\CustomerFetch.php(13): view('/customers/index')
 4 SYSTEMPATH\CodeIgniter.php(932): App\Controllers\CustomerFetch->index()
 5 SYSTEMPATH\CodeIgniter.php(497): CodeIgniter\CodeIgniter->runController(Object(App\Controllers\CustomerFetch))
 6 SYSTEMPATH\CodeIgniter.php(366): CodeIgniter\CodeIgniter->handleRequest(null, Object(Config\Cache), false)
 7 FCPATH\index.php(80): CodeIgniter\CodeIgniter->run()
CRITICAL - 2024-05-22 12:54:55 --> file_get_contents(): php_network_getaddresses: getaddrinfo for releases.fairsketch.com failed: No such host is known. 
in APPPATH\Controllers\Updates.php on line 70.
 1 [internal function]: CodeIgniter\Debug\Exceptions->errorHandler(2, 'file_get_contents(): php_network_getaddresses: getaddrinfo for releases.fairsketch.com failed: No such host is known. ', 'C:\\xamppp\\htdocs\\ownshop-main\\app\\Controllers\\Updates.php', 70)
 2 APPPATH\Controllers\Updates.php(70): file_get_contents('https://releases.fairsketch.com/rise/?code=Find in codecanyon item download section&domain=localhost')
 3 APPPATH\Controllers\Updates.php(107): App\Controllers\Updates->_get_release_contents('https://releases.fairsketch.com/rise/?code=Find in codecanyon item download section&domain=localhost')
 4 APPPATH\Controllers\Updates.php(14): App\Controllers\Updates->_get_updates_info()
 5 SYSTEMPATH\CodeIgniter.php(932): App\Controllers\Updates->index()
 6 SYSTEMPATH\CodeIgniter.php(497): CodeIgniter\CodeIgniter->runController(Object(App\Controllers\Updates))
 7 SYSTEMPATH\CodeIgniter.php(366): CodeIgniter\CodeIgniter->handleRequest(null, Object(Config\Cache), false)
 8 FCPATH\index.php(80): CodeIgniter\CodeIgniter->run()
CRITICAL - 2024-05-22 13:17:31 --> Unknown column 'status' in 'where clause'
in APPPATH\Views\projects\widgets\projects_overview_widget.php on line 21.
 1 APPPATH\Views\projects\widgets\projects_overview_widget.php(21): mysqli->query('SELECT COUNT(*) AS open_count FROM rise_team_member_job_info WHERE status = \'open\'')
 2 SYSTEMPATH\View\View.php(224): include('C:\\xamppp\\htdocs\\ownshop-main\\app\\Views\\projects\\widgets\\projects_overview_widget.php')
 3 SYSTEMPATH\View\View.php(227): CodeIgniter\View\View->CodeIgniter\View\{closure}()
 4 SYSTEMPATH\Common.php(1180): CodeIgniter\View\View->render('projects/widgets/projects_overview_widget', [], true)
 5 APPPATH\Libraries\Template.php(38): view('projects/widgets/projects_overview_widget', [...])
 6 APPPATH\Helpers\widget_helper.php(1466): App\Libraries\Template->view('projects/widgets/projects_overview_widget', [...])
 7 APPPATH\Controllers\Dashboard.php(1152): projects_overview_widget()
 8 APPPATH\Controllers\Dashboard.php(1048): App\Controllers\Dashboard->_get_widgets_for_staffs('projects_overview', [...])
 9 APPPATH\Controllers\Dashboard.php(1025): App\Controllers\Dashboard->_make_dashboard_widgets('projects_overview')
10 APPPATH\Controllers\Dashboard.php(38): App\Controllers\Dashboard->make_dashboard([...])
11 SYSTEMPATH\CodeIgniter.php(932): App\Controllers\Dashboard->index('1')
12 SYSTEMPATH\CodeIgniter.php(497): CodeIgniter\CodeIgniter->runController(Object(App\Controllers\Dashboard))
13 SYSTEMPATH\CodeIgniter.php(366): CodeIgniter\CodeIgniter->handleRequest(null, Object(Config\Cache), false)
14 FCPATH\index.php(80): CodeIgniter\CodeIgniter->run()
CRITICAL - 2024-05-22 13:18:36 --> Unknown column 'status' in 'where clause'
in APPPATH\Views\projects\widgets\projects_overview_widget.php on line 22.
 1 APPPATH\Views\projects\widgets\projects_overview_widget.php(22): mysqli->query('SELECT COUNT(*) AS completed_count FROM rise_team_member_job_info WHERE status = \'done\'')
 2 SYSTEMPATH\View\View.php(224): include('C:\\xamppp\\htdocs\\ownshop-main\\app\\Views\\projects\\widgets\\projects_overview_widget.php')
 3 SYSTEMPATH\View\View.php(227): CodeIgniter\View\View->CodeIgniter\View\{closure}()
 4 SYSTEMPATH\Common.php(1180): CodeIgniter\View\View->render('projects/widgets/projects_overview_widget', [], true)
 5 APPPATH\Libraries\Template.php(38): view('projects/widgets/projects_overview_widget', [...])
 6 APPPATH\Helpers\widget_helper.php(1466): App\Libraries\Template->view('projects/widgets/projects_overview_widget', [...])
 7 APPPATH\Controllers\Dashboard.php(1152): projects_overview_widget()
 8 APPPATH\Controllers\Dashboard.php(1048): App\Controllers\Dashboard->_get_widgets_for_staffs('projects_overview', [...])
 9 APPPATH\Controllers\Dashboard.php(1025): App\Controllers\Dashboard->_make_dashboard_widgets('projects_overview')
10 APPPATH\Controllers\Dashboard.php(38): App\Controllers\Dashboard->make_dashboard([...])
11 SYSTEMPATH\CodeIgniter.php(932): App\Controllers\Dashboard->index()
12 SYSTEMPATH\CodeIgniter.php(497): CodeIgniter\CodeIgniter->runController(Object(App\Controllers\Dashboard))
13 SYSTEMPATH\CodeIgniter.php(366): CodeIgniter\CodeIgniter->handleRequest(null, Object(Config\Cache), false)
14 FCPATH\index.php(80): CodeIgniter\CodeIgniter->run()
CRITICAL - 2024-05-22 13:18:38 --> Unknown column 'status' in 'where clause'
in APPPATH\Views\projects\widgets\projects_overview_widget.php on line 22.
 1 APPPATH\Views\projects\widgets\projects_overview_widget.php(22): mysqli->query('SELECT COUNT(*) AS completed_count FROM rise_team_member_job_info WHERE status = \'done\'')
 2 SYSTEMPATH\View\View.php(224): include('C:\\xamppp\\htdocs\\ownshop-main\\app\\Views\\projects\\widgets\\projects_overview_widget.php')
 3 SYSTEMPATH\View\View.php(227): CodeIgniter\View\View->CodeIgniter\View\{closure}()
 4 SYSTEMPATH\Common.php(1180): CodeIgniter\View\View->render('projects/widgets/projects_overview_widget', [], true)
 5 APPPATH\Libraries\Template.php(38): view('projects/widgets/projects_overview_widget', [...])
 6 APPPATH\Helpers\widget_helper.php(1466): App\Libraries\Template->view('projects/widgets/projects_overview_widget', [...])
 7 APPPATH\Controllers\Dashboard.php(1152): projects_overview_widget()
 8 APPPATH\Controllers\Dashboard.php(1048): App\Controllers\Dashboard->_get_widgets_for_staffs('projects_overview', [...])
 9 APPPATH\Controllers\Dashboard.php(1025): App\Controllers\Dashboard->_make_dashboard_widgets('projects_overview')
10 APPPATH\Controllers\Dashboard.php(38): App\Controllers\Dashboard->make_dashboard([...])
11 SYSTEMPATH\CodeIgniter.php(932): App\Controllers\Dashboard->index()
12 SYSTEMPATH\CodeIgniter.php(497): CodeIgniter\CodeIgniter->runController(Object(App\Controllers\Dashboard))
13 SYSTEMPATH\CodeIgniter.php(366): CodeIgniter\CodeIgniter->handleRequest(null, Object(Config\Cache), false)
14 FCPATH\index.php(80): CodeIgniter\CodeIgniter->run()
CRITICAL - 2024-05-22 13:19:05 --> Unknown column 'role' in 'where clause'
in APPPATH\Views\projects\widgets\projects_overview_widget.php on line 35.
 1 APPPATH\Views\projects\widgets\projects_overview_widget.php(35): mysqli->query('SELECT COUNT(*) AS franchise_done_count FROM rise_team_member_job_info WHERE salary_term = \'done\' AND role = \'franchise\'')
 2 SYSTEMPATH\View\View.php(224): include('C:\\xamppp\\htdocs\\ownshop-main\\app\\Views\\projects\\widgets\\projects_overview_widget.php')
 3 SYSTEMPATH\View\View.php(227): CodeIgniter\View\View->CodeIgniter\View\{closure}()
 4 SYSTEMPATH\Common.php(1180): CodeIgniter\View\View->render('projects/widgets/projects_overview_widget', [], true)
 5 APPPATH\Libraries\Template.php(38): view('projects/widgets/projects_overview_widget', [...])
 6 APPPATH\Helpers\widget_helper.php(1466): App\Libraries\Template->view('projects/widgets/projects_overview_widget', [...])
 7 APPPATH\Controllers\Dashboard.php(1152): projects_overview_widget()
 8 APPPATH\Controllers\Dashboard.php(1048): App\Controllers\Dashboard->_get_widgets_for_staffs('projects_overview', [...])
 9 APPPATH\Controllers\Dashboard.php(1025): App\Controllers\Dashboard->_make_dashboard_widgets('projects_overview')
10 APPPATH\Controllers\Dashboard.php(38): App\Controllers\Dashboard->make_dashboard([...])
11 SYSTEMPATH\CodeIgniter.php(932): App\Controllers\Dashboard->index()
12 SYSTEMPATH\CodeIgniter.php(497): CodeIgniter\CodeIgniter->runController(Object(App\Controllers\Dashboard))
13 SYSTEMPATH\CodeIgniter.php(366): CodeIgniter\CodeIgniter->handleRequest(null, Object(Config\Cache), false)
14 FCPATH\index.php(80): CodeIgniter\CodeIgniter->run()
CRITICAL - 2024-05-22 13:19:05 --> Unknown column 'role' in 'where clause'
in APPPATH\Views\projects\widgets\projects_overview_widget.php on line 35.
 1 APPPATH\Views\projects\widgets\projects_overview_widget.php(35): mysqli->query('SELECT COUNT(*) AS franchise_done_count FROM rise_team_member_job_info WHERE salary_term = \'done\' AND role = \'franchise\'')
 2 SYSTEMPATH\View\View.php(224): include('C:\\xamppp\\htdocs\\ownshop-main\\app\\Views\\projects\\widgets\\projects_overview_widget.php')
 3 SYSTEMPATH\View\View.php(227): CodeIgniter\View\View->CodeIgniter\View\{closure}()
 4 SYSTEMPATH\Common.php(1180): CodeIgniter\View\View->render('projects/widgets/projects_overview_widget', [], true)
 5 APPPATH\Libraries\Template.php(38): view('projects/widgets/projects_overview_widget', [...])
 6 APPPATH\Helpers\widget_helper.php(1466): App\Libraries\Template->view('projects/widgets/projects_overview_widget', [...])
 7 APPPATH\Controllers\Dashboard.php(1152): projects_overview_widget()
 8 APPPATH\Controllers\Dashboard.php(1048): App\Controllers\Dashboard->_get_widgets_for_staffs('projects_overview', [...])
 9 APPPATH\Controllers\Dashboard.php(1025): App\Controllers\Dashboard->_make_dashboard_widgets('projects_overview')
10 APPPATH\Controllers\Dashboard.php(38): App\Controllers\Dashboard->make_dashboard([...])
11 SYSTEMPATH\CodeIgniter.php(932): App\Controllers\Dashboard->index()
12 SYSTEMPATH\CodeIgniter.php(497): CodeIgniter\CodeIgniter->runController(Object(App\Controllers\Dashboard))
13 SYSTEMPATH\CodeIgniter.php(366): CodeIgniter\CodeIgniter->handleRequest(null, Object(Config\Cache), false)
14 FCPATH\index.php(80): CodeIgniter\CodeIgniter->run()
CRITICAL - 2024-05-22 13:19:48 --> Undefined variable $progress
in APPPATH\Views\projects\widgets\projects_overview_widget.php on line 75.
 1 APPPATH\Views\projects\widgets\projects_overview_widget.php(75): CodeIgniter\Debug\Exceptions->errorHandler(2, 'Undefined variable $progress', 'C:\\xamppp\\htdocs\\ownshop-main\\app\\Views\\projects\\widgets\\projects_overview_widget.php', 75)
 2 SYSTEMPATH\View\View.php(224): include('C:\\xamppp\\htdocs\\ownshop-main\\app\\Views\\projects\\widgets\\projects_overview_widget.php')
 3 SYSTEMPATH\View\View.php(227): CodeIgniter\View\View->CodeIgniter\View\{closure}()
 4 SYSTEMPATH\Common.php(1180): CodeIgniter\View\View->render('projects/widgets/projects_overview_widget', [], true)
 5 APPPATH\Libraries\Template.php(38): view('projects/widgets/projects_overview_widget', [...])
 6 APPPATH\Helpers\widget_helper.php(1466): App\Libraries\Template->view('projects/widgets/projects_overview_widget', [...])
 7 APPPATH\Controllers\Dashboard.php(1152): projects_overview_widget()
 8 APPPATH\Controllers\Dashboard.php(1048): App\Controllers\Dashboard->_get_widgets_for_staffs('projects_overview', [...])
 9 APPPATH\Controllers\Dashboard.php(1025): App\Controllers\Dashboard->_make_dashboard_widgets('projects_overview')
10 APPPATH\Controllers\Dashboard.php(38): App\Controllers\Dashboard->make_dashboard([...])
11 SYSTEMPATH\CodeIgniter.php(932): App\Controllers\Dashboard->index()
12 SYSTEMPATH\CodeIgniter.php(497): CodeIgniter\CodeIgniter->runController(Object(App\Controllers\Dashboard))
13 SYSTEMPATH\CodeIgniter.php(366): CodeIgniter\CodeIgniter->handleRequest(null, Object(Config\Cache), false)
14 FCPATH\index.php(80): CodeIgniter\CodeIgniter->run()
CRITICAL - 2024-05-22 13:19:49 --> Undefined variable $progress
in APPPATH\Views\projects\widgets\projects_overview_widget.php on line 75.
 1 APPPATH\Views\projects\widgets\projects_overview_widget.php(75): CodeIgniter\Debug\Exceptions->errorHandler(2, 'Undefined variable $progress', 'C:\\xamppp\\htdocs\\ownshop-main\\app\\Views\\projects\\widgets\\projects_overview_widget.php', 75)
 2 SYSTEMPATH\View\View.php(224): include('C:\\xamppp\\htdocs\\ownshop-main\\app\\Views\\projects\\widgets\\projects_overview_widget.php')
 3 SYSTEMPATH\View\View.php(227): CodeIgniter\View\View->CodeIgniter\View\{closure}()
 4 SYSTEMPATH\Common.php(1180): CodeIgniter\View\View->render('projects/widgets/projects_overview_widget', [], true)
 5 APPPATH\Libraries\Template.php(38): view('projects/widgets/projects_overview_widget', [...])
 6 APPPATH\Helpers\widget_helper.php(1466): App\Libraries\Template->view('projects/widgets/projects_overview_widget', [...])
 7 APPPATH\Controllers\Dashboard.php(1152): projects_overview_widget()
 8 APPPATH\Controllers\Dashboard.php(1048): App\Controllers\Dashboard->_get_widgets_for_staffs('projects_overview', [...])
 9 APPPATH\Controllers\Dashboard.php(1025): App\Controllers\Dashboard->_make_dashboard_widgets('projects_overview')
10 APPPATH\Controllers\Dashboard.php(38): App\Controllers\Dashboard->make_dashboard([...])
11 SYSTEMPATH\CodeIgniter.php(932): App\Controllers\Dashboard->index()
12 SYSTEMPATH\CodeIgniter.php(497): CodeIgniter\CodeIgniter->runController(Object(App\Controllers\Dashboard))
13 SYSTEMPATH\CodeIgniter.php(366): CodeIgniter\CodeIgniter->handleRequest(null, Object(Config\Cache), false)
14 FCPATH\index.php(80): CodeIgniter\CodeIgniter->run()
CRITICAL - 2024-05-22 13:19:55 --> Undefined variable $progress
in APPPATH\Views\projects\widgets\projects_overview_widget.php on line 75.
 1 APPPATH\Views\projects\widgets\projects_overview_widget.php(75): CodeIgniter\Debug\Exceptions->errorHandler(2, 'Undefined variable $progress', 'C:\\xamppp\\htdocs\\ownshop-main\\app\\Views\\projects\\widgets\\projects_overview_widget.php', 75)
 2 SYSTEMPATH\View\View.php(224): include('C:\\xamppp\\htdocs\\ownshop-main\\app\\Views\\projects\\widgets\\projects_overview_widget.php')
 3 SYSTEMPATH\View\View.php(227): CodeIgniter\View\View->CodeIgniter\View\{closure}()
 4 SYSTEMPATH\Common.php(1180): CodeIgniter\View\View->render('projects/widgets/projects_overview_widget', [], true)
 5 APPPATH\Libraries\Template.php(38): view('projects/widgets/projects_overview_widget', [...])
 6 APPPATH\Helpers\widget_helper.php(1466): App\Libraries\Template->view('projects/widgets/projects_overview_widget', [...])
 7 APPPATH\Controllers\Dashboard.php(1152): projects_overview_widget()
 8 APPPATH\Controllers\Dashboard.php(1048): App\Controllers\Dashboard->_get_widgets_for_staffs('projects_overview', [...])
 9 APPPATH\Controllers\Dashboard.php(1025): App\Controllers\Dashboard->_make_dashboard_widgets('projects_overview')
10 APPPATH\Controllers\Dashboard.php(38): App\Controllers\Dashboard->make_dashboard([...])
11 SYSTEMPATH\CodeIgniter.php(932): App\Controllers\Dashboard->index()
12 SYSTEMPATH\CodeIgniter.php(497): CodeIgniter\CodeIgniter->runController(Object(App\Controllers\Dashboard))
13 SYSTEMPATH\CodeIgniter.php(366): CodeIgniter\CodeIgniter->handleRequest(null, Object(Config\Cache), false)
14 FCPATH\index.php(80): CodeIgniter\CodeIgniter->run()
CRITICAL - 2024-05-22 13:21:48 --> Table 'rise.team_member_job_info' doesn't exist
in APPPATH\Views\projects\widgets\projects_overview_widget.php on line 21.
 1 APPPATH\Views\projects\widgets\projects_overview_widget.php(21): mysqli->query('SELECT COUNT(*) AS open_count FROM team_member_job_info WHERE salary_term = \'cancelled by customer\'')
 2 SYSTEMPATH\View\View.php(224): include('C:\\xamppp\\htdocs\\ownshop-main\\app\\Views\\projects\\widgets\\projects_overview_widget.php')
 3 SYSTEMPATH\View\View.php(227): CodeIgniter\View\View->CodeIgniter\View\{closure}()
 4 SYSTEMPATH\Common.php(1180): CodeIgniter\View\View->render('projects/widgets/projects_overview_widget', [], true)
 5 APPPATH\Libraries\Template.php(38): view('projects/widgets/projects_overview_widget', [...])
 6 APPPATH\Helpers\widget_helper.php(1466): App\Libraries\Template->view('projects/widgets/projects_overview_widget', [...])
 7 APPPATH\Controllers\Dashboard.php(1152): projects_overview_widget()
 8 APPPATH\Controllers\Dashboard.php(1048): App\Controllers\Dashboard->_get_widgets_for_staffs('projects_overview', [...])
 9 APPPATH\Controllers\Dashboard.php(1025): App\Controllers\Dashboard->_make_dashboard_widgets('projects_overview')
10 APPPATH\Controllers\Dashboard.php(38): App\Controllers\Dashboard->make_dashboard([...])
11 SYSTEMPATH\CodeIgniter.php(932): App\Controllers\Dashboard->index()
12 SYSTEMPATH\CodeIgniter.php(497): CodeIgniter\CodeIgniter->runController(Object(App\Controllers\Dashboard))
13 SYSTEMPATH\CodeIgniter.php(366): CodeIgniter\CodeIgniter->handleRequest(null, Object(Config\Cache), false)
14 FCPATH\index.php(80): CodeIgniter\CodeIgniter->run()
CRITICAL - 2024-05-22 13:21:50 --> Table 'rise.team_member_job_info' doesn't exist
in APPPATH\Views\projects\widgets\projects_overview_widget.php on line 21.
 1 APPPATH\Views\projects\widgets\projects_overview_widget.php(21): mysqli->query('SELECT COUNT(*) AS open_count FROM team_member_job_info WHERE salary_term = \'cancelled by customer\'')
 2 SYSTEMPATH\View\View.php(224): include('C:\\xamppp\\htdocs\\ownshop-main\\app\\Views\\projects\\widgets\\projects_overview_widget.php')
 3 SYSTEMPATH\View\View.php(227): CodeIgniter\View\View->CodeIgniter\View\{closure}()
 4 SYSTEMPATH\Common.php(1180): CodeIgniter\View\View->render('projects/widgets/projects_overview_widget', [], true)
 5 APPPATH\Libraries\Template.php(38): view('projects/widgets/projects_overview_widget', [...])
 6 APPPATH\Helpers\widget_helper.php(1466): App\Libraries\Template->view('projects/widgets/projects_overview_widget', [...])
 7 APPPATH\Controllers\Dashboard.php(1152): projects_overview_widget()
 8 APPPATH\Controllers\Dashboard.php(1048): App\Controllers\Dashboard->_get_widgets_for_staffs('projects_overview', [...])
 9 APPPATH\Controllers\Dashboard.php(1025): App\Controllers\Dashboard->_make_dashboard_widgets('projects_overview')
10 APPPATH\Controllers\Dashboard.php(38): App\Controllers\Dashboard->make_dashboard([...])
11 SYSTEMPATH\CodeIgniter.php(932): App\Controllers\Dashboard->index()
12 SYSTEMPATH\CodeIgniter.php(497): CodeIgniter\CodeIgniter->runController(Object(App\Controllers\Dashboard))
13 SYSTEMPATH\CodeIgniter.php(366): CodeIgniter\CodeIgniter->handleRequest(null, Object(Config\Cache), false)
14 FCPATH\index.php(80): CodeIgniter\CodeIgniter->run()
CRITICAL - 2024-05-22 13:23:14 --> Undefined variable $progress
in APPPATH\Views\projects\widgets\projects_overview_widget.php on line 80.
 1 APPPATH\Views\projects\widgets\projects_overview_widget.php(80): CodeIgniter\Debug\Exceptions->errorHandler(2, 'Undefined variable $progress', 'C:\\xamppp\\htdocs\\ownshop-main\\app\\Views\\projects\\widgets\\projects_overview_widget.php', 80)
 2 SYSTEMPATH\View\View.php(224): include('C:\\xamppp\\htdocs\\ownshop-main\\app\\Views\\projects\\widgets\\projects_overview_widget.php')
 3 SYSTEMPATH\View\View.php(227): CodeIgniter\View\View->CodeIgniter\View\{closure}()
 4 SYSTEMPATH\Common.php(1180): CodeIgniter\View\View->render('projects/widgets/projects_overview_widget', [], true)
 5 APPPATH\Libraries\Template.php(38): view('projects/widgets/projects_overview_widget', [...])
 6 APPPATH\Helpers\widget_helper.php(1466): App\Libraries\Template->view('projects/widgets/projects_overview_widget', [...])
 7 APPPATH\Controllers\Dashboard.php(1152): projects_overview_widget()
 8 APPPATH\Controllers\Dashboard.php(1048): App\Controllers\Dashboard->_get_widgets_for_staffs('projects_overview', [...])
 9 APPPATH\Controllers\Dashboard.php(1025): App\Controllers\Dashboard->_make_dashboard_widgets('projects_overview')
10 APPPATH\Controllers\Dashboard.php(38): App\Controllers\Dashboard->make_dashboard([...])
11 SYSTEMPATH\CodeIgniter.php(932): App\Controllers\Dashboard->index()
12 SYSTEMPATH\CodeIgniter.php(497): CodeIgniter\CodeIgniter->runController(Object(App\Controllers\Dashboard))
13 SYSTEMPATH\CodeIgniter.php(366): CodeIgniter\CodeIgniter->handleRequest(null, Object(Config\Cache), false)
14 FCPATH\index.php(80): CodeIgniter\CodeIgniter->run()
