CRITICAL - 2024-06-04 06:23:20 --> The action you requested is not allowed.
in SYSTEMPATH\Security\Security.php on line 306.
 1 SYSTEMPATH\Security\Security.php(306): CodeIgniter\Security\Exceptions\SecurityException::forDisallowedAction()
 2 SYSTEMPATH\Filters\CSRF.php(55): CodeIgniter\Security\Security->verify(Object(CodeIgniter\HTTP\IncomingRequest))
 3 SYSTEMPATH\Filters\Filters.php(173): CodeIgniter\Filters\CSRF->before(Object(CodeIgniter\HTTP\IncomingRequest), null)
 4 SYSTEMPATH\CodeIgniter.php(471): CodeIgniter\Filters\Filters->run('team_members/delete/undefined', 'before')
 5 SYSTEMPATH\CodeIgniter.php(366): CodeIgniter\CodeIgniter->handleRequest(null, Object(Config\Cache), false)
 6 FCPATH\index.php(80): CodeIgniter\CodeIgniter->run()
CRITICAL - 2024-06-04 09:08:31 --> Undefined array key "last_name"
in APPPATH\Controllers\Team_members.php on line 201.
 1 APPPATH\Controllers\Team_members.php(201): CodeIgniter\Debug\Exceptions->errorHandler(2, 'Undefined array key "last_name"', 'C:\\xamppp\\htdocs\\ownshop-main\\app\\Controllers\\Team_members.php', 201)
 2 SYSTEMPATH\CodeIgniter.php(932): App\Controllers\Team_members->add_team_member()
 3 SYSTEMPATH\CodeIgniter.php(497): CodeIgniter\CodeIgniter->runController(Object(App\Controllers\Team_members))
 4 SYSTEMPATH\CodeIgniter.php(366): CodeIgniter\CodeIgniter->handleRequest(null, Object(Config\Cache), false)
 5 FCPATH\index.php(80): CodeIgniter\CodeIgniter->run()
CRITICAL - 2024-06-04 09:11:00 --> Undefined property: stdClass::$user_type
in APPPATH\Controllers\Security_Controller.php on line 107.
 1 APPPATH\Controllers\Security_Controller.php(107): CodeIgniter\Debug\Exceptions->errorHandler(2, 'Undefined property: stdClass::$user_type', 'C:\\xamppp\\htdocs\\ownshop-main\\app\\Controllers\\Security_Controller.php', 107)
 2 APPPATH\Controllers\Team_members.php(9): App\Controllers\Security_Controller->access_only_team_members()
 3 SYSTEMPATH\CodeIgniter.php(904): App\Controllers\Team_members->__construct()
 4 SYSTEMPATH\CodeIgniter.php(488): CodeIgniter\CodeIgniter->createController()
 5 SYSTEMPATH\CodeIgniter.php(366): CodeIgniter\CodeIgniter->handleRequest(null, Object(Config\Cache), false)
 6 FCPATH\index.php(80): CodeIgniter\CodeIgniter->run()
CRITICAL - 2024-06-04 09:11:04 --> Undefined property: stdClass::$user_type
in APPPATH\Controllers\Security_Controller.php on line 107.
 1 APPPATH\Controllers\Security_Controller.php(107): CodeIgniter\Debug\Exceptions->errorHandler(2, 'Undefined property: stdClass::$user_type', 'C:\\xamppp\\htdocs\\ownshop-main\\app\\Controllers\\Security_Controller.php', 107)
 2 APPPATH\Controllers\Team_members.php(9): App\Controllers\Security_Controller->access_only_team_members()
 3 SYSTEMPATH\CodeIgniter.php(904): App\Controllers\Team_members->__construct()
 4 SYSTEMPATH\CodeIgniter.php(488): CodeIgniter\CodeIgniter->createController()
 5 SYSTEMPATH\CodeIgniter.php(366): CodeIgniter\CodeIgniter->handleRequest(null, Object(Config\Cache), false)
 6 FCPATH\index.php(80): CodeIgniter\CodeIgniter->run()
CRITICAL - 2024-06-04 09:11:07 --> Undefined property: stdClass::$id
in APPPATH\Controllers\Dashboard.php on line 19.
 1 APPPATH\Controllers\Dashboard.php(19): CodeIgniter\Debug\Exceptions->errorHandler(2, 'Undefined property: stdClass::$id', 'C:\\xamppp\\htdocs\\ownshop-main\\app\\Controllers\\Dashboard.php', 19)
 2 SYSTEMPATH\CodeIgniter.php(932): App\Controllers\Dashboard->index()
 3 SYSTEMPATH\CodeIgniter.php(497): CodeIgniter\CodeIgniter->runController(Object(App\Controllers\Dashboard))
 4 SYSTEMPATH\CodeIgniter.php(366): CodeIgniter\CodeIgniter->handleRequest(null, Object(Config\Cache), false)
 5 FCPATH\index.php(80): CodeIgniter\CodeIgniter->run()
CRITICAL - 2024-06-04 09:11:08 --> Undefined property: stdClass::$id
in APPPATH\Controllers\Dashboard.php on line 19.
 1 APPPATH\Controllers\Dashboard.php(19): CodeIgniter\Debug\Exceptions->errorHandler(2, 'Undefined property: stdClass::$id', 'C:\\xamppp\\htdocs\\ownshop-main\\app\\Controllers\\Dashboard.php', 19)
 2 SYSTEMPATH\CodeIgniter.php(932): App\Controllers\Dashboard->index()
 3 SYSTEMPATH\CodeIgniter.php(497): CodeIgniter\CodeIgniter->runController(Object(App\Controllers\Dashboard))
 4 SYSTEMPATH\CodeIgniter.php(366): CodeIgniter\CodeIgniter->handleRequest(null, Object(Config\Cache), false)
 5 FCPATH\index.php(80): CodeIgniter\CodeIgniter->run()
CRITICAL - 2024-06-04 09:11:13 --> Undefined property: stdClass::$id
in APPPATH\Controllers\Dashboard.php on line 19.
 1 APPPATH\Controllers\Dashboard.php(19): CodeIgniter\Debug\Exceptions->errorHandler(2, 'Undefined property: stdClass::$id', 'C:\\xamppp\\htdocs\\ownshop-main\\app\\Controllers\\Dashboard.php', 19)
 2 SYSTEMPATH\CodeIgniter.php(932): App\Controllers\Dashboard->index()
 3 SYSTEMPATH\CodeIgniter.php(497): CodeIgniter\CodeIgniter->runController(Object(App\Controllers\Dashboard))
 4 SYSTEMPATH\CodeIgniter.php(366): CodeIgniter\CodeIgniter->handleRequest(null, Object(Config\Cache), false)
 5 FCPATH\index.php(80): CodeIgniter\CodeIgniter->run()
CRITICAL - 2024-06-04 09:11:31 --> Undefined property: stdClass::$id
in APPPATH\Controllers\Dashboard.php on line 19.
 1 APPPATH\Controllers\Dashboard.php(19): CodeIgniter\Debug\Exceptions->errorHandler(2, 'Undefined property: stdClass::$id', 'C:\\xamppp\\htdocs\\ownshop-main\\app\\Controllers\\Dashboard.php', 19)
 2 SYSTEMPATH\CodeIgniter.php(932): App\Controllers\Dashboard->index()
 3 SYSTEMPATH\CodeIgniter.php(497): CodeIgniter\CodeIgniter->runController(Object(App\Controllers\Dashboard))
 4 SYSTEMPATH\CodeIgniter.php(366): CodeIgniter\CodeIgniter->handleRequest(null, Object(Config\Cache), false)
 5 FCPATH\index.php(80): CodeIgniter\CodeIgniter->run()
CRITICAL - 2024-06-04 09:11:32 --> Undefined property: stdClass::$id
in APPPATH\Controllers\Dashboard.php on line 19.
 1 APPPATH\Controllers\Dashboard.php(19): CodeIgniter\Debug\Exceptions->errorHandler(2, 'Undefined property: stdClass::$id', 'C:\\xamppp\\htdocs\\ownshop-main\\app\\Controllers\\Dashboard.php', 19)
 2 SYSTEMPATH\CodeIgniter.php(932): App\Controllers\Dashboard->index()
 3 SYSTEMPATH\CodeIgniter.php(497): CodeIgniter\CodeIgniter->runController(Object(App\Controllers\Dashboard))
 4 SYSTEMPATH\CodeIgniter.php(366): CodeIgniter\CodeIgniter->handleRequest(null, Object(Config\Cache), false)
 5 FCPATH\index.php(80): CodeIgniter\CodeIgniter->run()
CRITICAL - 2024-06-04 09:11:37 --> Undefined property: stdClass::$id
in APPPATH\Controllers\Dashboard.php on line 19.
 1 APPPATH\Controllers\Dashboard.php(19): CodeIgniter\Debug\Exceptions->errorHandler(2, 'Undefined property: stdClass::$id', 'C:\\xamppp\\htdocs\\ownshop-main\\app\\Controllers\\Dashboard.php', 19)
 2 SYSTEMPATH\CodeIgniter.php(932): App\Controllers\Dashboard->index()
 3 SYSTEMPATH\CodeIgniter.php(497): CodeIgniter\CodeIgniter->runController(Object(App\Controllers\Dashboard))
 4 SYSTEMPATH\CodeIgniter.php(366): CodeIgniter\CodeIgniter->handleRequest(null, Object(Config\Cache), false)
 5 FCPATH\index.php(80): CodeIgniter\CodeIgniter->run()
CRITICAL - 2024-06-04 09:11:37 --> Undefined property: stdClass::$id
in APPPATH\Controllers\Dashboard.php on line 19.
 1 APPPATH\Controllers\Dashboard.php(19): CodeIgniter\Debug\Exceptions->errorHandler(2, 'Undefined property: stdClass::$id', 'C:\\xamppp\\htdocs\\ownshop-main\\app\\Controllers\\Dashboard.php', 19)
 2 SYSTEMPATH\CodeIgniter.php(932): App\Controllers\Dashboard->index()
 3 SYSTEMPATH\CodeIgniter.php(497): CodeIgniter\CodeIgniter->runController(Object(App\Controllers\Dashboard))
 4 SYSTEMPATH\CodeIgniter.php(366): CodeIgniter\CodeIgniter->handleRequest(null, Object(Config\Cache), false)
 5 FCPATH\index.php(80): CodeIgniter\CodeIgniter->run()
CRITICAL - 2024-06-04 09:11:42 --> Undefined property: stdClass::$id
in APPPATH\Controllers\Dashboard.php on line 19.
 1 APPPATH\Controllers\Dashboard.php(19): CodeIgniter\Debug\Exceptions->errorHandler(2, 'Undefined property: stdClass::$id', 'C:\\xamppp\\htdocs\\ownshop-main\\app\\Controllers\\Dashboard.php', 19)
 2 SYSTEMPATH\CodeIgniter.php(932): App\Controllers\Dashboard->index()
 3 SYSTEMPATH\CodeIgniter.php(497): CodeIgniter\CodeIgniter->runController(Object(App\Controllers\Dashboard))
 4 SYSTEMPATH\CodeIgniter.php(366): CodeIgniter\CodeIgniter->handleRequest(null, Object(Config\Cache), false)
 5 FCPATH\index.php(80): CodeIgniter\CodeIgniter->run()
CRITICAL - 2024-06-04 09:11:56 --> Undefined property: stdClass::$id
in APPPATH\Controllers\Dashboard.php on line 19.
 1 APPPATH\Controllers\Dashboard.php(19): CodeIgniter\Debug\Exceptions->errorHandler(2, 'Undefined property: stdClass::$id', 'C:\\xamppp\\htdocs\\ownshop-main\\app\\Controllers\\Dashboard.php', 19)
 2 SYSTEMPATH\CodeIgniter.php(932): App\Controllers\Dashboard->index()
 3 SYSTEMPATH\CodeIgniter.php(497): CodeIgniter\CodeIgniter->runController(Object(App\Controllers\Dashboard))
 4 SYSTEMPATH\CodeIgniter.php(366): CodeIgniter\CodeIgniter->handleRequest(null, Object(Config\Cache), false)
 5 FCPATH\index.php(80): CodeIgniter\CodeIgniter->run()
CRITICAL - 2024-06-04 09:11:57 --> Undefined property: stdClass::$id
in APPPATH\Controllers\Dashboard.php on line 19.
 1 APPPATH\Controllers\Dashboard.php(19): CodeIgniter\Debug\Exceptions->errorHandler(2, 'Undefined property: stdClass::$id', 'C:\\xamppp\\htdocs\\ownshop-main\\app\\Controllers\\Dashboard.php', 19)
 2 SYSTEMPATH\CodeIgniter.php(932): App\Controllers\Dashboard->index()
 3 SYSTEMPATH\CodeIgniter.php(497): CodeIgniter\CodeIgniter->runController(Object(App\Controllers\Dashboard))
 4 SYSTEMPATH\CodeIgniter.php(366): CodeIgniter\CodeIgniter->handleRequest(null, Object(Config\Cache), false)
 5 FCPATH\index.php(80): CodeIgniter\CodeIgniter->run()
CRITICAL - 2024-06-04 09:12:07 --> Undefined property: stdClass::$id
in APPPATH\Controllers\Dashboard.php on line 19.
 1 APPPATH\Controllers\Dashboard.php(19): CodeIgniter\Debug\Exceptions->errorHandler(2, 'Undefined property: stdClass::$id', 'C:\\xamppp\\htdocs\\ownshop-main\\app\\Controllers\\Dashboard.php', 19)
 2 SYSTEMPATH\CodeIgniter.php(932): App\Controllers\Dashboard->index()
 3 SYSTEMPATH\CodeIgniter.php(497): CodeIgniter\CodeIgniter->runController(Object(App\Controllers\Dashboard))
 4 SYSTEMPATH\CodeIgniter.php(366): CodeIgniter\CodeIgniter->handleRequest(null, Object(Config\Cache), false)
 5 FCPATH\index.php(80): CodeIgniter\CodeIgniter->run()
CRITICAL - 2024-06-04 09:12:08 --> Undefined property: stdClass::$id
in APPPATH\Controllers\Dashboard.php on line 19.
 1 APPPATH\Controllers\Dashboard.php(19): CodeIgniter\Debug\Exceptions->errorHandler(2, 'Undefined property: stdClass::$id', 'C:\\xamppp\\htdocs\\ownshop-main\\app\\Controllers\\Dashboard.php', 19)
 2 SYSTEMPATH\CodeIgniter.php(932): App\Controllers\Dashboard->index()
 3 SYSTEMPATH\CodeIgniter.php(497): CodeIgniter\CodeIgniter->runController(Object(App\Controllers\Dashboard))
 4 SYSTEMPATH\CodeIgniter.php(366): CodeIgniter\CodeIgniter->handleRequest(null, Object(Config\Cache), false)
 5 FCPATH\index.php(80): CodeIgniter\CodeIgniter->run()
CRITICAL - 2024-06-04 09:12:12 --> Undefined property: stdClass::$id
in APPPATH\Controllers\Dashboard.php on line 19.
 1 APPPATH\Controllers\Dashboard.php(19): CodeIgniter\Debug\Exceptions->errorHandler(2, 'Undefined property: stdClass::$id', 'C:\\xamppp\\htdocs\\ownshop-main\\app\\Controllers\\Dashboard.php', 19)
 2 SYSTEMPATH\CodeIgniter.php(932): App\Controllers\Dashboard->index()
 3 SYSTEMPATH\CodeIgniter.php(497): CodeIgniter\CodeIgniter->runController(Object(App\Controllers\Dashboard))
 4 SYSTEMPATH\CodeIgniter.php(366): CodeIgniter\CodeIgniter->handleRequest(null, Object(Config\Cache), false)
 5 FCPATH\index.php(80): CodeIgniter\CodeIgniter->run()
CRITICAL - 2024-06-04 09:12:13 --> Undefined property: stdClass::$id
in APPPATH\Controllers\Dashboard.php on line 19.
 1 APPPATH\Controllers\Dashboard.php(19): CodeIgniter\Debug\Exceptions->errorHandler(2, 'Undefined property: stdClass::$id', 'C:\\xamppp\\htdocs\\ownshop-main\\app\\Controllers\\Dashboard.php', 19)
 2 SYSTEMPATH\CodeIgniter.php(932): App\Controllers\Dashboard->index()
 3 SYSTEMPATH\CodeIgniter.php(497): CodeIgniter\CodeIgniter->runController(Object(App\Controllers\Dashboard))
 4 SYSTEMPATH\CodeIgniter.php(366): CodeIgniter\CodeIgniter->handleRequest(null, Object(Config\Cache), false)
 5 FCPATH\index.php(80): CodeIgniter\CodeIgniter->run()
CRITICAL - 2024-06-04 09:14:30 --> The action you requested is not allowed.
in SYSTEMPATH\Security\Security.php on line 306.
 1 SYSTEMPATH\Security\Security.php(306): CodeIgniter\Security\Exceptions\SecurityException::forDisallowedAction()
 2 SYSTEMPATH\Filters\CSRF.php(55): CodeIgniter\Security\Security->verify(Object(CodeIgniter\HTTP\IncomingRequest))
 3 SYSTEMPATH\Filters\Filters.php(173): CodeIgniter\Filters\CSRF->before(Object(CodeIgniter\HTTP\IncomingRequest), null)
 4 SYSTEMPATH\CodeIgniter.php(471): CodeIgniter\Filters\Filters->run('tasks/get_task_statuses_dropdown/', 'before')
 5 SYSTEMPATH\CodeIgniter.php(366): CodeIgniter\CodeIgniter->handleRequest(null, Object(Config\Cache), false)
 6 FCPATH\index.php(80): CodeIgniter\CodeIgniter->run()
CRITICAL - 2024-06-04 09:21:36 --> Undefined array key "last_name"
in APPPATH\Controllers\Team_members.php on line 203.
 1 APPPATH\Controllers\Team_members.php(203): CodeIgniter\Debug\Exceptions->errorHandler(2, 'Undefined array key "last_name"', 'C:\\xamppp\\htdocs\\ownshop-main\\app\\Controllers\\Team_members.php', 203)
 2 SYSTEMPATH\CodeIgniter.php(932): App\Controllers\Team_members->add_team_member()
 3 SYSTEMPATH\CodeIgniter.php(497): CodeIgniter\CodeIgniter->runController(Object(App\Controllers\Team_members))
 4 SYSTEMPATH\CodeIgniter.php(366): CodeIgniter\CodeIgniter->handleRequest(null, Object(Config\Cache), false)
 5 FCPATH\index.php(80): CodeIgniter\CodeIgniter->run()
CRITICAL - 2024-06-04 09:24:36 --> Undefined array key "last_name"
in APPPATH\Controllers\Team_members.php on line 203.
 1 APPPATH\Controllers\Team_members.php(203): CodeIgniter\Debug\Exceptions->errorHandler(2, 'Undefined array key "last_name"', 'C:\\xamppp\\htdocs\\ownshop-main\\app\\Controllers\\Team_members.php', 203)
 2 SYSTEMPATH\CodeIgniter.php(932): App\Controllers\Team_members->add_team_member()
 3 SYSTEMPATH\CodeIgniter.php(497): CodeIgniter\CodeIgniter->runController(Object(App\Controllers\Team_members))
 4 SYSTEMPATH\CodeIgniter.php(366): CodeIgniter\CodeIgniter->handleRequest(null, Object(Config\Cache), false)
 5 FCPATH\index.php(80): CodeIgniter\CodeIgniter->run()
CRITICAL - 2024-06-04 12:02:41 --> The action you requested is not allowed.
in SYSTEMPATH\Security\Security.php on line 306.
 1 SYSTEMPATH\Security\Security.php(306): CodeIgniter\Security\Exceptions\SecurityException::forDisallowedAction()
 2 SYSTEMPATH\Filters\CSRF.php(55): CodeIgniter\Security\Security->verify(Object(CodeIgniter\HTTP\IncomingRequest))
 3 SYSTEMPATH\Filters\Filters.php(173): CodeIgniter\Filters\CSRF->before(Object(CodeIgniter\HTTP\IncomingRequest), null)
 4 SYSTEMPATH\CodeIgniter.php(471): CodeIgniter\Filters\Filters->run('team_members/delete/undefined', 'before')
 5 SYSTEMPATH\CodeIgniter.php(366): CodeIgniter\CodeIgniter->handleRequest(null, Object(Config\Cache), false)
 6 FCPATH\index.php(80): CodeIgniter\CodeIgniter->run()
CRITICAL - 2024-06-04 12:23:34 --> The action you requested is not allowed.
in SYSTEMPATH\Security\Security.php on line 306.
 1 SYSTEMPATH\Security\Security.php(306): CodeIgniter\Security\Exceptions\SecurityException::forDisallowedAction()
 2 SYSTEMPATH\Filters\CSRF.php(55): CodeIgniter\Security\Security->verify(Object(CodeIgniter\HTTP\IncomingRequest))
 3 SYSTEMPATH\Filters\Filters.php(173): CodeIgniter\Filters\CSRF->before(Object(CodeIgniter\HTTP\IncomingRequest), null)
 4 SYSTEMPATH\CodeIgniter.php(471): CodeIgniter\Filters\Filters->run('team_members/delete/undefined', 'before')
 5 SYSTEMPATH\CodeIgniter.php(366): CodeIgniter\CodeIgniter->handleRequest(null, Object(Config\Cache), false)
 6 FCPATH\index.php(80): CodeIgniter\CodeIgniter->run()
