CRITICAL - 2024-05-20 11:34:26 --> Invalid file: "users/profile_image_section.php"
in SYSTEMPATH\Exceptions\FrameworkException.php on line 33.
 1 SYSTEMPATH\View\View.php(212): CodeIgniter\Exceptions\FrameworkException::forInvalidFile('users/profile_image_section.php')
 2 SYSTEMPATH\Common.php(1180): CodeIgniter\View\View->render('users/profile_image_section', [], true)
 3 APPPATH\Views\team_members\view.php(8): view('users/profile_image_section')
 4 SYSTEMPATH\View\View.php(224): include('C:\\xamppp\\htdocs\\ownshop-main\\app\\Views\\team_members\\view.php')
 5 SYSTEMPATH\View\View.php(227): CodeIgniter\View\View->CodeIgniter\View\{closure}()
 6 SYSTEMPATH\Common.php(1180): CodeIgniter\View\View->render('team_members/view', [], true)
 7 APPPATH\Views\layout\index.php(62): view('team_members/view')
 8 SYSTEMPATH\View\View.php(224): include('C:\\xamppp\\htdocs\\ownshop-main\\app\\Views\\layout\\index.php')
 9 SYSTEMPATH\View\View.php(227): CodeIgniter\View\View->CodeIgniter\View\{closure}()
10 SYSTEMPATH\Common.php(1180): CodeIgniter\View\View->render('layout/index', [], true)
11 APPPATH\Libraries\Template.php(38): view('layout/index', [...])
12 APPPATH\Libraries\Template.php(22): App\Libraries\Template->view('layout/index', [...])
13 APPPATH\Controllers\Team_members.php(493): App\Libraries\Template->rander('team_members/view', [...])
14 SYSTEMPATH\CodeIgniter.php(932): App\Controllers\Team_members->view('1', 'general')
15 SYSTEMPATH\CodeIgniter.php(497): CodeIgniter\CodeIgniter->runController(Object(App\Controllers\Team_members))
16 SYSTEMPATH\CodeIgniter.php(366): CodeIgniter\CodeIgniter->handleRequest(null, Object(Config\Cache), false)
17 FCPATH\index.php(80): CodeIgniter\CodeIgniter->run()
CRITICAL - 2024-05-20 11:34:28 --> Invalid file: "users/profile_image_section.php"
in SYSTEMPATH\Exceptions\FrameworkException.php on line 33.
 1 SYSTEMPATH\View\View.php(212): CodeIgniter\Exceptions\FrameworkException::forInvalidFile('users/profile_image_section.php')
 2 SYSTEMPATH\Common.php(1180): CodeIgniter\View\View->render('users/profile_image_section', [], true)
 3 APPPATH\Views\team_members\view.php(8): view('users/profile_image_section')
 4 SYSTEMPATH\View\View.php(224): include('C:\\xamppp\\htdocs\\ownshop-main\\app\\Views\\team_members\\view.php')
 5 SYSTEMPATH\View\View.php(227): CodeIgniter\View\View->CodeIgniter\View\{closure}()
 6 SYSTEMPATH\Common.php(1180): CodeIgniter\View\View->render('team_members/view', [], true)
 7 APPPATH\Views\layout\index.php(62): view('team_members/view')
 8 SYSTEMPATH\View\View.php(224): include('C:\\xamppp\\htdocs\\ownshop-main\\app\\Views\\layout\\index.php')
 9 SYSTEMPATH\View\View.php(227): CodeIgniter\View\View->CodeIgniter\View\{closure}()
10 SYSTEMPATH\Common.php(1180): CodeIgniter\View\View->render('layout/index', [], true)
11 APPPATH\Libraries\Template.php(38): view('layout/index', [...])
12 APPPATH\Libraries\Template.php(22): App\Libraries\Template->view('layout/index', [...])
13 APPPATH\Controllers\Team_members.php(493): App\Libraries\Template->rander('team_members/view', [...])
14 SYSTEMPATH\CodeIgniter.php(932): App\Controllers\Team_members->view('1', 'general')
15 SYSTEMPATH\CodeIgniter.php(497): CodeIgniter\CodeIgniter->runController(Object(App\Controllers\Team_members))
16 SYSTEMPATH\CodeIgniter.php(366): CodeIgniter\CodeIgniter->handleRequest(null, Object(Config\Cache), false)
17 FCPATH\index.php(80): CodeIgniter\CodeIgniter->run()
CRITICAL - 2024-05-20 11:34:30 --> Invalid file: "users/profile_image_section.php"
in SYSTEMPATH\Exceptions\FrameworkException.php on line 33.
 1 SYSTEMPATH\View\View.php(212): CodeIgniter\Exceptions\FrameworkException::forInvalidFile('users/profile_image_section.php')
 2 SYSTEMPATH\Common.php(1180): CodeIgniter\View\View->render('users/profile_image_section', [], true)
 3 APPPATH\Views\team_members\view.php(8): view('users/profile_image_section')
 4 SYSTEMPATH\View\View.php(224): include('C:\\xamppp\\htdocs\\ownshop-main\\app\\Views\\team_members\\view.php')
 5 SYSTEMPATH\View\View.php(227): CodeIgniter\View\View->CodeIgniter\View\{closure}()
 6 SYSTEMPATH\Common.php(1180): CodeIgniter\View\View->render('team_members/view', [], true)
 7 APPPATH\Views\layout\index.php(62): view('team_members/view')
 8 SYSTEMPATH\View\View.php(224): include('C:\\xamppp\\htdocs\\ownshop-main\\app\\Views\\layout\\index.php')
 9 SYSTEMPATH\View\View.php(227): CodeIgniter\View\View->CodeIgniter\View\{closure}()
10 SYSTEMPATH\Common.php(1180): CodeIgniter\View\View->render('layout/index', [], true)
11 APPPATH\Libraries\Template.php(38): view('layout/index', [...])
12 APPPATH\Libraries\Template.php(22): App\Libraries\Template->view('layout/index', [...])
13 APPPATH\Controllers\Team_members.php(493): App\Libraries\Template->rander('team_members/view', [...])
14 SYSTEMPATH\CodeIgniter.php(932): App\Controllers\Team_members->view('1', 'general')
15 SYSTEMPATH\CodeIgniter.php(497): CodeIgniter\CodeIgniter->runController(Object(App\Controllers\Team_members))
16 SYSTEMPATH\CodeIgniter.php(366): CodeIgniter\CodeIgniter->handleRequest(null, Object(Config\Cache), false)
17 FCPATH\index.php(80): CodeIgniter\CodeIgniter->run()
CRITICAL - 2024-05-20 11:34:36 --> Invalid file: "users/profile_image_section.php"
in SYSTEMPATH\Exceptions\FrameworkException.php on line 33.
 1 SYSTEMPATH\View\View.php(212): CodeIgniter\Exceptions\FrameworkException::forInvalidFile('users/profile_image_section.php')
 2 SYSTEMPATH\Common.php(1180): CodeIgniter\View\View->render('users/profile_image_section', [], true)
 3 APPPATH\Views\team_members\view.php(8): view('users/profile_image_section')
 4 SYSTEMPATH\View\View.php(224): include('C:\\xamppp\\htdocs\\ownshop-main\\app\\Views\\team_members\\view.php')
 5 SYSTEMPATH\View\View.php(227): CodeIgniter\View\View->CodeIgniter\View\{closure}()
 6 SYSTEMPATH\Common.php(1180): CodeIgniter\View\View->render('team_members/view', [], true)
 7 APPPATH\Views\layout\index.php(62): view('team_members/view')
 8 SYSTEMPATH\View\View.php(224): include('C:\\xamppp\\htdocs\\ownshop-main\\app\\Views\\layout\\index.php')
 9 SYSTEMPATH\View\View.php(227): CodeIgniter\View\View->CodeIgniter\View\{closure}()
10 SYSTEMPATH\Common.php(1180): CodeIgniter\View\View->render('layout/index', [], true)
11 APPPATH\Libraries\Template.php(38): view('layout/index', [...])
12 APPPATH\Libraries\Template.php(22): App\Libraries\Template->view('layout/index', [...])
13 APPPATH\Controllers\Team_members.php(493): App\Libraries\Template->rander('team_members/view', [...])
14 SYSTEMPATH\CodeIgniter.php(932): App\Controllers\Team_members->view('1', 'general')
15 SYSTEMPATH\CodeIgniter.php(497): CodeIgniter\CodeIgniter->runController(Object(App\Controllers\Team_members))
16 SYSTEMPATH\CodeIgniter.php(366): CodeIgniter\CodeIgniter->handleRequest(null, Object(Config\Cache), false)
17 FCPATH\index.php(80): CodeIgniter\CodeIgniter->run()
CRITICAL - 2024-05-20 11:35:24 --> Invalid file: "users/profile_image_section.php"
in SYSTEMPATH\Exceptions\FrameworkException.php on line 33.
 1 SYSTEMPATH\View\View.php(212): CodeIgniter\Exceptions\FrameworkException::forInvalidFile('users/profile_image_section.php')
 2 SYSTEMPATH\Common.php(1180): CodeIgniter\View\View->render('users/profile_image_section', [], true)
 3 APPPATH\Views\team_members\view.php(8): view('users/profile_image_section')
 4 SYSTEMPATH\View\View.php(224): include('C:\\xamppp\\htdocs\\ownshop-main\\app\\Views\\team_members\\view.php')
 5 SYSTEMPATH\View\View.php(227): CodeIgniter\View\View->CodeIgniter\View\{closure}()
 6 SYSTEMPATH\Common.php(1180): CodeIgniter\View\View->render('team_members/view', [], true)
 7 APPPATH\Views\layout\index.php(62): view('team_members/view')
 8 SYSTEMPATH\View\View.php(224): include('C:\\xamppp\\htdocs\\ownshop-main\\app\\Views\\layout\\index.php')
 9 SYSTEMPATH\View\View.php(227): CodeIgniter\View\View->CodeIgniter\View\{closure}()
10 SYSTEMPATH\Common.php(1180): CodeIgniter\View\View->render('layout/index', [], true)
11 APPPATH\Libraries\Template.php(38): view('layout/index', [...])
12 APPPATH\Libraries\Template.php(22): App\Libraries\Template->view('layout/index', [...])
13 APPPATH\Controllers\Team_members.php(493): App\Libraries\Template->rander('team_members/view', [...])
14 SYSTEMPATH\CodeIgniter.php(932): App\Controllers\Team_members->view('1', 'general')
15 SYSTEMPATH\CodeIgniter.php(497): CodeIgniter\CodeIgniter->runController(Object(App\Controllers\Team_members))
16 SYSTEMPATH\CodeIgniter.php(366): CodeIgniter\CodeIgniter->handleRequest(null, Object(Config\Cache), false)
17 FCPATH\index.php(80): CodeIgniter\CodeIgniter->run()
CRITICAL - 2024-05-20 11:36:35 --> Invalid file: "users/profile_image_section.php"
in SYSTEMPATH\Exceptions\FrameworkException.php on line 33.
 1 SYSTEMPATH\View\View.php(212): CodeIgniter\Exceptions\FrameworkException::forInvalidFile('users/profile_image_section.php')
 2 SYSTEMPATH\Common.php(1180): CodeIgniter\View\View->render('users/profile_image_section', [], true)
 3 APPPATH\Views\team_members\view.php(8): view('users/profile_image_section')
 4 SYSTEMPATH\View\View.php(224): include('C:\\xamppp\\htdocs\\ownshop-main\\app\\Views\\team_members\\view.php')
 5 SYSTEMPATH\View\View.php(227): CodeIgniter\View\View->CodeIgniter\View\{closure}()
 6 SYSTEMPATH\Common.php(1180): CodeIgniter\View\View->render('team_members/view', [], true)
 7 APPPATH\Views\layout\index.php(62): view('team_members/view')
 8 SYSTEMPATH\View\View.php(224): include('C:\\xamppp\\htdocs\\ownshop-main\\app\\Views\\layout\\index.php')
 9 SYSTEMPATH\View\View.php(227): CodeIgniter\View\View->CodeIgniter\View\{closure}()
10 SYSTEMPATH\Common.php(1180): CodeIgniter\View\View->render('layout/index', [], true)
11 APPPATH\Libraries\Template.php(38): view('layout/index', [...])
12 APPPATH\Libraries\Template.php(22): App\Libraries\Template->view('layout/index', [...])
13 APPPATH\Controllers\Team_members.php(493): App\Libraries\Template->rander('team_members/view', [...])
14 SYSTEMPATH\CodeIgniter.php(932): App\Controllers\Team_members->view('1', 'general')
15 SYSTEMPATH\CodeIgniter.php(497): CodeIgniter\CodeIgniter->runController(Object(App\Controllers\Team_members))
16 SYSTEMPATH\CodeIgniter.php(366): CodeIgniter\CodeIgniter->handleRequest(null, Object(Config\Cache), false)
17 FCPATH\index.php(80): CodeIgniter\CodeIgniter->run()
CRITICAL - 2024-05-20 11:36:37 --> Invalid file: "users/profile_image_section.php"
in SYSTEMPATH\Exceptions\FrameworkException.php on line 33.
 1 SYSTEMPATH\View\View.php(212): CodeIgniter\Exceptions\FrameworkException::forInvalidFile('users/profile_image_section.php')
 2 SYSTEMPATH\Common.php(1180): CodeIgniter\View\View->render('users/profile_image_section', [], true)
 3 APPPATH\Views\team_members\view.php(8): view('users/profile_image_section')
 4 SYSTEMPATH\View\View.php(224): include('C:\\xamppp\\htdocs\\ownshop-main\\app\\Views\\team_members\\view.php')
 5 SYSTEMPATH\View\View.php(227): CodeIgniter\View\View->CodeIgniter\View\{closure}()
 6 SYSTEMPATH\Common.php(1180): CodeIgniter\View\View->render('team_members/view', [], true)
 7 APPPATH\Views\layout\index.php(62): view('team_members/view')
 8 SYSTEMPATH\View\View.php(224): include('C:\\xamppp\\htdocs\\ownshop-main\\app\\Views\\layout\\index.php')
 9 SYSTEMPATH\View\View.php(227): CodeIgniter\View\View->CodeIgniter\View\{closure}()
10 SYSTEMPATH\Common.php(1180): CodeIgniter\View\View->render('layout/index', [], true)
11 APPPATH\Libraries\Template.php(38): view('layout/index', [...])
12 APPPATH\Libraries\Template.php(22): App\Libraries\Template->view('layout/index', [...])
13 APPPATH\Controllers\Team_members.php(493): App\Libraries\Template->rander('team_members/view', [...])
14 SYSTEMPATH\CodeIgniter.php(932): App\Controllers\Team_members->view('1', 'general')
15 SYSTEMPATH\CodeIgniter.php(497): CodeIgniter\CodeIgniter->runController(Object(App\Controllers\Team_members))
16 SYSTEMPATH\CodeIgniter.php(366): CodeIgniter\CodeIgniter->handleRequest(null, Object(Config\Cache), false)
17 FCPATH\index.php(80): CodeIgniter\CodeIgniter->run()
CRITICAL - 2024-05-20 11:37:40 --> Invalid file: "users/profile_image_section.php"
in SYSTEMPATH\Exceptions\FrameworkException.php on line 33.
 1 SYSTEMPATH\View\View.php(212): CodeIgniter\Exceptions\FrameworkException::forInvalidFile('users/profile_image_section.php')
 2 SYSTEMPATH\Common.php(1180): CodeIgniter\View\View->render('users/profile_image_section', [], true)
 3 APPPATH\Views\team_members\view.php(8): view('users/profile_image_section')
 4 SYSTEMPATH\View\View.php(224): include('C:\\xamppp\\htdocs\\ownshop-main\\app\\Views\\team_members\\view.php')
 5 SYSTEMPATH\View\View.php(227): CodeIgniter\View\View->CodeIgniter\View\{closure}()
 6 SYSTEMPATH\Common.php(1180): CodeIgniter\View\View->render('team_members/view', [], true)
 7 APPPATH\Views\layout\index.php(62): view('team_members/view')
 8 SYSTEMPATH\View\View.php(224): include('C:\\xamppp\\htdocs\\ownshop-main\\app\\Views\\layout\\index.php')
 9 SYSTEMPATH\View\View.php(227): CodeIgniter\View\View->CodeIgniter\View\{closure}()
10 SYSTEMPATH\Common.php(1180): CodeIgniter\View\View->render('layout/index', [], true)
11 APPPATH\Libraries\Template.php(38): view('layout/index', [...])
12 APPPATH\Libraries\Template.php(22): App\Libraries\Template->view('layout/index', [...])
13 APPPATH\Controllers\Team_members.php(493): App\Libraries\Template->rander('team_members/view', [...])
14 SYSTEMPATH\CodeIgniter.php(932): App\Controllers\Team_members->view('1', 'general')
15 SYSTEMPATH\CodeIgniter.php(497): CodeIgniter\CodeIgniter->runController(Object(App\Controllers\Team_members))
16 SYSTEMPATH\CodeIgniter.php(366): CodeIgniter\CodeIgniter->handleRequest(null, Object(Config\Cache), false)
17 FCPATH\index.php(80): CodeIgniter\CodeIgniter->run()
CRITICAL - 2024-05-20 11:39:04 --> Invalid file: "users/profile_image_section.php"
in SYSTEMPATH\Exceptions\FrameworkException.php on line 33.
 1 SYSTEMPATH\View\View.php(212): CodeIgniter\Exceptions\FrameworkException::forInvalidFile('users/profile_image_section.php')
 2 SYSTEMPATH\Common.php(1180): CodeIgniter\View\View->render('users/profile_image_section', [], true)
 3 APPPATH\Views\team_members\view.php(8): view('users/profile_image_section')
 4 SYSTEMPATH\View\View.php(224): include('C:\\xamppp\\htdocs\\ownshop-main\\app\\Views\\team_members\\view.php')
 5 SYSTEMPATH\View\View.php(227): CodeIgniter\View\View->CodeIgniter\View\{closure}()
 6 SYSTEMPATH\Common.php(1180): CodeIgniter\View\View->render('team_members/view', [], true)
 7 APPPATH\Views\layout\index.php(62): view('team_members/view')
 8 SYSTEMPATH\View\View.php(224): include('C:\\xamppp\\htdocs\\ownshop-main\\app\\Views\\layout\\index.php')
 9 SYSTEMPATH\View\View.php(227): CodeIgniter\View\View->CodeIgniter\View\{closure}()
10 SYSTEMPATH\Common.php(1180): CodeIgniter\View\View->render('layout/index', [], true)
11 APPPATH\Libraries\Template.php(38): view('layout/index', [...])
12 APPPATH\Libraries\Template.php(22): App\Libraries\Template->view('layout/index', [...])
13 APPPATH\Controllers\Team_members.php(493): App\Libraries\Template->rander('team_members/view', [...])
14 SYSTEMPATH\CodeIgniter.php(932): App\Controllers\Team_members->view('1', 'general')
15 SYSTEMPATH\CodeIgniter.php(497): CodeIgniter\CodeIgniter->runController(Object(App\Controllers\Team_members))
16 SYSTEMPATH\CodeIgniter.php(366): CodeIgniter\CodeIgniter->handleRequest(null, Object(Config\Cache), false)
17 FCPATH\index.php(80): CodeIgniter\CodeIgniter->run()
CRITICAL - 2024-05-20 11:39:12 --> Invalid file: "users/profile_image_section.php"
in SYSTEMPATH\Exceptions\FrameworkException.php on line 33.
 1 SYSTEMPATH\View\View.php(212): CodeIgniter\Exceptions\FrameworkException::forInvalidFile('users/profile_image_section.php')
 2 SYSTEMPATH\Common.php(1180): CodeIgniter\View\View->render('users/profile_image_section', [], true)
 3 APPPATH\Views\team_members\view.php(8): view('users/profile_image_section')
 4 SYSTEMPATH\View\View.php(224): include('C:\\xamppp\\htdocs\\ownshop-main\\app\\Views\\team_members\\view.php')
 5 SYSTEMPATH\View\View.php(227): CodeIgniter\View\View->CodeIgniter\View\{closure}()
 6 SYSTEMPATH\Common.php(1180): CodeIgniter\View\View->render('team_members/view', [], true)
 7 APPPATH\Views\layout\index.php(62): view('team_members/view')
 8 SYSTEMPATH\View\View.php(224): include('C:\\xamppp\\htdocs\\ownshop-main\\app\\Views\\layout\\index.php')
 9 SYSTEMPATH\View\View.php(227): CodeIgniter\View\View->CodeIgniter\View\{closure}()
10 SYSTEMPATH\Common.php(1180): CodeIgniter\View\View->render('layout/index', [], true)
11 APPPATH\Libraries\Template.php(38): view('layout/index', [...])
12 APPPATH\Libraries\Template.php(22): App\Libraries\Template->view('layout/index', [...])
13 APPPATH\Controllers\Team_members.php(493): App\Libraries\Template->rander('team_members/view', [...])
14 SYSTEMPATH\CodeIgniter.php(932): App\Controllers\Team_members->view('1', 'general')
15 SYSTEMPATH\CodeIgniter.php(497): CodeIgniter\CodeIgniter->runController(Object(App\Controllers\Team_members))
16 SYSTEMPATH\CodeIgniter.php(366): CodeIgniter\CodeIgniter->handleRequest(null, Object(Config\Cache), false)
17 FCPATH\index.php(80): CodeIgniter\CodeIgniter->run()
CRITICAL - 2024-05-20 11:39:20 --> Invalid file: "users/profile_image_section.php"
in SYSTEMPATH\Exceptions\FrameworkException.php on line 33.
 1 SYSTEMPATH\View\View.php(212): CodeIgniter\Exceptions\FrameworkException::forInvalidFile('users/profile_image_section.php')
 2 SYSTEMPATH\Common.php(1180): CodeIgniter\View\View->render('users/profile_image_section', [], true)
 3 APPPATH\Views\team_members\view.php(8): view('users/profile_image_section')
 4 SYSTEMPATH\View\View.php(224): include('C:\\xamppp\\htdocs\\ownshop-main\\app\\Views\\team_members\\view.php')
 5 SYSTEMPATH\View\View.php(227): CodeIgniter\View\View->CodeIgniter\View\{closure}()
 6 SYSTEMPATH\Common.php(1180): CodeIgniter\View\View->render('team_members/view', [], true)
 7 APPPATH\Views\layout\index.php(62): view('team_members/view')
 8 SYSTEMPATH\View\View.php(224): include('C:\\xamppp\\htdocs\\ownshop-main\\app\\Views\\layout\\index.php')
 9 SYSTEMPATH\View\View.php(227): CodeIgniter\View\View->CodeIgniter\View\{closure}()
10 SYSTEMPATH\Common.php(1180): CodeIgniter\View\View->render('layout/index', [], true)
11 APPPATH\Libraries\Template.php(38): view('layout/index', [...])
12 APPPATH\Libraries\Template.php(22): App\Libraries\Template->view('layout/index', [...])
13 APPPATH\Controllers\Team_members.php(493): App\Libraries\Template->rander('team_members/view', [...])
14 SYSTEMPATH\CodeIgniter.php(932): App\Controllers\Team_members->view('1', 'general')
15 SYSTEMPATH\CodeIgniter.php(497): CodeIgniter\CodeIgniter->runController(Object(App\Controllers\Team_members))
16 SYSTEMPATH\CodeIgniter.php(366): CodeIgniter\CodeIgniter->handleRequest(null, Object(Config\Cache), false)
17 FCPATH\index.php(80): CodeIgniter\CodeIgniter->run()
CRITICAL - 2024-05-20 11:41:59 --> Invalid file: "users/profile_image_section.php"
in SYSTEMPATH\Exceptions\FrameworkException.php on line 33.
 1 SYSTEMPATH\View\View.php(212): CodeIgniter\Exceptions\FrameworkException::forInvalidFile('users/profile_image_section.php')
 2 SYSTEMPATH\Common.php(1180): CodeIgniter\View\View->render('users/profile_image_section', [], true)
 3 APPPATH\Views\team_members\view.php(8): view('users/profile_image_section')
 4 SYSTEMPATH\View\View.php(224): include('C:\\xamppp\\htdocs\\ownshop-main\\app\\Views\\team_members\\view.php')
 5 SYSTEMPATH\View\View.php(227): CodeIgniter\View\View->CodeIgniter\View\{closure}()
 6 SYSTEMPATH\Common.php(1180): CodeIgniter\View\View->render('team_members/view', [], true)
 7 APPPATH\Views\layout\index.php(62): view('team_members/view')
 8 SYSTEMPATH\View\View.php(224): include('C:\\xamppp\\htdocs\\ownshop-main\\app\\Views\\layout\\index.php')
 9 SYSTEMPATH\View\View.php(227): CodeIgniter\View\View->CodeIgniter\View\{closure}()
10 SYSTEMPATH\Common.php(1180): CodeIgniter\View\View->render('layout/index', [], true)
11 APPPATH\Libraries\Template.php(38): view('layout/index', [...])
12 APPPATH\Libraries\Template.php(22): App\Libraries\Template->view('layout/index', [...])
13 APPPATH\Controllers\Team_members.php(493): App\Libraries\Template->rander('team_members/view', [...])
14 SYSTEMPATH\CodeIgniter.php(932): App\Controllers\Team_members->view('1', 'general')
15 SYSTEMPATH\CodeIgniter.php(497): CodeIgniter\CodeIgniter->runController(Object(App\Controllers\Team_members))
16 SYSTEMPATH\CodeIgniter.php(366): CodeIgniter\CodeIgniter->handleRequest(null, Object(Config\Cache), false)
17 FCPATH\index.php(80): CodeIgniter\CodeIgniter->run()
CRITICAL - 2024-05-20 11:43:30 --> Invalid file: "users/profile_image_section.php"
in SYSTEMPATH\Exceptions\FrameworkException.php on line 33.
 1 SYSTEMPATH\View\View.php(212): CodeIgniter\Exceptions\FrameworkException::forInvalidFile('users/profile_image_section.php')
 2 SYSTEMPATH\Common.php(1180): CodeIgniter\View\View->render('users/profile_image_section', [], true)
 3 APPPATH\Views\team_members\view.php(8): view('users/profile_image_section')
 4 SYSTEMPATH\View\View.php(224): include('C:\\xamppp\\htdocs\\ownshop-main\\app\\Views\\team_members\\view.php')
 5 SYSTEMPATH\View\View.php(227): CodeIgniter\View\View->CodeIgniter\View\{closure}()
 6 SYSTEMPATH\Common.php(1180): CodeIgniter\View\View->render('team_members/view', [], true)
 7 APPPATH\Views\layout\index.php(62): view('team_members/view')
 8 SYSTEMPATH\View\View.php(224): include('C:\\xamppp\\htdocs\\ownshop-main\\app\\Views\\layout\\index.php')
 9 SYSTEMPATH\View\View.php(227): CodeIgniter\View\View->CodeIgniter\View\{closure}()
10 SYSTEMPATH\Common.php(1180): CodeIgniter\View\View->render('layout/index', [], true)
11 APPPATH\Libraries\Template.php(38): view('layout/index', [...])
12 APPPATH\Libraries\Template.php(22): App\Libraries\Template->view('layout/index', [...])
13 APPPATH\Controllers\Team_members.php(493): App\Libraries\Template->rander('team_members/view', [...])
14 SYSTEMPATH\CodeIgniter.php(932): App\Controllers\Team_members->view('1', 'general')
15 SYSTEMPATH\CodeIgniter.php(497): CodeIgniter\CodeIgniter->runController(Object(App\Controllers\Team_members))
16 SYSTEMPATH\CodeIgniter.php(366): CodeIgniter\CodeIgniter->handleRequest(null, Object(Config\Cache), false)
17 FCPATH\index.php(80): CodeIgniter\CodeIgniter->run()
CRITICAL - 2024-05-20 11:44:53 --> Invalid file: "users/profile_image_section.php"
in SYSTEMPATH\Exceptions\FrameworkException.php on line 33.
 1 SYSTEMPATH\View\View.php(212): CodeIgniter\Exceptions\FrameworkException::forInvalidFile('users/profile_image_section.php')
 2 SYSTEMPATH\Common.php(1180): CodeIgniter\View\View->render('users/profile_image_section', [], true)
 3 APPPATH\Views\team_members\view.php(8): view('users/profile_image_section')
 4 SYSTEMPATH\View\View.php(224): include('C:\\xamppp\\htdocs\\ownshop-main\\app\\Views\\team_members\\view.php')
 5 SYSTEMPATH\View\View.php(227): CodeIgniter\View\View->CodeIgniter\View\{closure}()
 6 SYSTEMPATH\Common.php(1180): CodeIgniter\View\View->render('team_members/view', [], true)
 7 APPPATH\Views\layout\index.php(62): view('team_members/view')
 8 SYSTEMPATH\View\View.php(224): include('C:\\xamppp\\htdocs\\ownshop-main\\app\\Views\\layout\\index.php')
 9 SYSTEMPATH\View\View.php(227): CodeIgniter\View\View->CodeIgniter\View\{closure}()
10 SYSTEMPATH\Common.php(1180): CodeIgniter\View\View->render('layout/index', [], true)
11 APPPATH\Libraries\Template.php(38): view('layout/index', [...])
12 APPPATH\Libraries\Template.php(22): App\Libraries\Template->view('layout/index', [...])
13 APPPATH\Controllers\Team_members.php(493): App\Libraries\Template->rander('team_members/view', [...])
14 SYSTEMPATH\CodeIgniter.php(932): App\Controllers\Team_members->view('1', 'general')
15 SYSTEMPATH\CodeIgniter.php(497): CodeIgniter\CodeIgniter->runController(Object(App\Controllers\Team_members))
16 SYSTEMPATH\CodeIgniter.php(366): CodeIgniter\CodeIgniter->handleRequest(null, Object(Config\Cache), false)
17 FCPATH\index.php(80): CodeIgniter\CodeIgniter->run()
CRITICAL - 2024-05-20 11:45:07 --> Invalid file: "users/profile_image_section.php"
in SYSTEMPATH\Exceptions\FrameworkException.php on line 33.
 1 SYSTEMPATH\View\View.php(212): CodeIgniter\Exceptions\FrameworkException::forInvalidFile('users/profile_image_section.php')
 2 SYSTEMPATH\Common.php(1180): CodeIgniter\View\View->render('users/profile_image_section', [], true)
 3 APPPATH\Views\team_members\view.php(8): view('users/profile_image_section')
 4 SYSTEMPATH\View\View.php(224): include('C:\\xamppp\\htdocs\\ownshop-main\\app\\Views\\team_members\\view.php')
 5 SYSTEMPATH\View\View.php(227): CodeIgniter\View\View->CodeIgniter\View\{closure}()
 6 SYSTEMPATH\Common.php(1180): CodeIgniter\View\View->render('team_members/view', [], true)
 7 APPPATH\Views\layout\index.php(62): view('team_members/view')
 8 SYSTEMPATH\View\View.php(224): include('C:\\xamppp\\htdocs\\ownshop-main\\app\\Views\\layout\\index.php')
 9 SYSTEMPATH\View\View.php(227): CodeIgniter\View\View->CodeIgniter\View\{closure}()
10 SYSTEMPATH\Common.php(1180): CodeIgniter\View\View->render('layout/index', [], true)
11 APPPATH\Libraries\Template.php(38): view('layout/index', [...])
12 APPPATH\Libraries\Template.php(22): App\Libraries\Template->view('layout/index', [...])
13 APPPATH\Controllers\Team_members.php(493): App\Libraries\Template->rander('team_members/view', [...])
14 SYSTEMPATH\CodeIgniter.php(932): App\Controllers\Team_members->view('1', 'general')
15 SYSTEMPATH\CodeIgniter.php(497): CodeIgniter\CodeIgniter->runController(Object(App\Controllers\Team_members))
16 SYSTEMPATH\CodeIgniter.php(366): CodeIgniter\CodeIgniter->handleRequest(null, Object(Config\Cache), false)
17 FCPATH\index.php(80): CodeIgniter\CodeIgniter->run()
CRITICAL - 2024-05-20 11:45:53 --> Invalid file: "users/profile_image_section.php"
in SYSTEMPATH\Exceptions\FrameworkException.php on line 33.
 1 SYSTEMPATH\View\View.php(212): CodeIgniter\Exceptions\FrameworkException::forInvalidFile('users/profile_image_section.php')
 2 SYSTEMPATH\Common.php(1180): CodeIgniter\View\View->render('users/profile_image_section', [], true)
 3 APPPATH\Views\team_members\view.php(8): view('users/profile_image_section')
 4 SYSTEMPATH\View\View.php(224): include('C:\\xamppp\\htdocs\\ownshop-main\\app\\Views\\team_members\\view.php')
 5 SYSTEMPATH\View\View.php(227): CodeIgniter\View\View->CodeIgniter\View\{closure}()
 6 SYSTEMPATH\Common.php(1180): CodeIgniter\View\View->render('team_members/view', [], true)
 7 APPPATH\Views\layout\index.php(62): view('team_members/view')
 8 SYSTEMPATH\View\View.php(224): include('C:\\xamppp\\htdocs\\ownshop-main\\app\\Views\\layout\\index.php')
 9 SYSTEMPATH\View\View.php(227): CodeIgniter\View\View->CodeIgniter\View\{closure}()
10 SYSTEMPATH\Common.php(1180): CodeIgniter\View\View->render('layout/index', [], true)
11 APPPATH\Libraries\Template.php(38): view('layout/index', [...])
12 APPPATH\Libraries\Template.php(22): App\Libraries\Template->view('layout/index', [...])
13 APPPATH\Controllers\Team_members.php(493): App\Libraries\Template->rander('team_members/view', [...])
14 SYSTEMPATH\CodeIgniter.php(932): App\Controllers\Team_members->view('1', 'general')
15 SYSTEMPATH\CodeIgniter.php(497): CodeIgniter\CodeIgniter->runController(Object(App\Controllers\Team_members))
16 SYSTEMPATH\CodeIgniter.php(366): CodeIgniter\CodeIgniter->handleRequest(null, Object(Config\Cache), false)
17 FCPATH\index.php(80): CodeIgniter\CodeIgniter->run()
CRITICAL - 2024-05-20 11:45:55 --> Invalid file: "users/profile_image_section.php"
in SYSTEMPATH\Exceptions\FrameworkException.php on line 33.
 1 SYSTEMPATH\View\View.php(212): CodeIgniter\Exceptions\FrameworkException::forInvalidFile('users/profile_image_section.php')
 2 SYSTEMPATH\Common.php(1180): CodeIgniter\View\View->render('users/profile_image_section', [], true)
 3 APPPATH\Views\team_members\view.php(8): view('users/profile_image_section')
 4 SYSTEMPATH\View\View.php(224): include('C:\\xamppp\\htdocs\\ownshop-main\\app\\Views\\team_members\\view.php')
 5 SYSTEMPATH\View\View.php(227): CodeIgniter\View\View->CodeIgniter\View\{closure}()
 6 SYSTEMPATH\Common.php(1180): CodeIgniter\View\View->render('team_members/view', [], true)
 7 APPPATH\Views\layout\index.php(62): view('team_members/view')
 8 SYSTEMPATH\View\View.php(224): include('C:\\xamppp\\htdocs\\ownshop-main\\app\\Views\\layout\\index.php')
 9 SYSTEMPATH\View\View.php(227): CodeIgniter\View\View->CodeIgniter\View\{closure}()
10 SYSTEMPATH\Common.php(1180): CodeIgniter\View\View->render('layout/index', [], true)
11 APPPATH\Libraries\Template.php(38): view('layout/index', [...])
12 APPPATH\Libraries\Template.php(22): App\Libraries\Template->view('layout/index', [...])
13 APPPATH\Controllers\Team_members.php(493): App\Libraries\Template->rander('team_members/view', [...])
14 SYSTEMPATH\CodeIgniter.php(932): App\Controllers\Team_members->view('1', 'general')
15 SYSTEMPATH\CodeIgniter.php(497): CodeIgniter\CodeIgniter->runController(Object(App\Controllers\Team_members))
16 SYSTEMPATH\CodeIgniter.php(366): CodeIgniter\CodeIgniter->handleRequest(null, Object(Config\Cache), false)
17 FCPATH\index.php(80): CodeIgniter\CodeIgniter->run()
CRITICAL - 2024-05-20 11:46:28 --> Invalid file: "users/profile_image_section.php"
in SYSTEMPATH\Exceptions\FrameworkException.php on line 33.
 1 SYSTEMPATH\View\View.php(212): CodeIgniter\Exceptions\FrameworkException::forInvalidFile('users/profile_image_section.php')
 2 SYSTEMPATH\Common.php(1180): CodeIgniter\View\View->render('users/profile_image_section', [], true)
 3 APPPATH\Views\team_members\view.php(8): view('users/profile_image_section')
 4 SYSTEMPATH\View\View.php(224): include('C:\\xamppp\\htdocs\\ownshop-main\\app\\Views\\team_members\\view.php')
 5 SYSTEMPATH\View\View.php(227): CodeIgniter\View\View->CodeIgniter\View\{closure}()
 6 SYSTEMPATH\Common.php(1180): CodeIgniter\View\View->render('team_members/view', [], true)
 7 APPPATH\Views\layout\index.php(62): view('team_members/view')
 8 SYSTEMPATH\View\View.php(224): include('C:\\xamppp\\htdocs\\ownshop-main\\app\\Views\\layout\\index.php')
 9 SYSTEMPATH\View\View.php(227): CodeIgniter\View\View->CodeIgniter\View\{closure}()
10 SYSTEMPATH\Common.php(1180): CodeIgniter\View\View->render('layout/index', [], true)
11 APPPATH\Libraries\Template.php(38): view('layout/index', [...])
12 APPPATH\Libraries\Template.php(22): App\Libraries\Template->view('layout/index', [...])
13 APPPATH\Controllers\Team_members.php(493): App\Libraries\Template->rander('team_members/view', [...])
14 SYSTEMPATH\CodeIgniter.php(932): App\Controllers\Team_members->view('1', 'general')
15 SYSTEMPATH\CodeIgniter.php(497): CodeIgniter\CodeIgniter->runController(Object(App\Controllers\Team_members))
16 SYSTEMPATH\CodeIgniter.php(366): CodeIgniter\CodeIgniter->handleRequest(null, Object(Config\Cache), false)
17 FCPATH\index.php(80): CodeIgniter\CodeIgniter->run()
CRITICAL - 2024-05-20 11:46:50 --> Invalid file: "users/profile_image_section.php"
in SYSTEMPATH\Exceptions\FrameworkException.php on line 33.
 1 SYSTEMPATH\View\View.php(212): CodeIgniter\Exceptions\FrameworkException::forInvalidFile('users/profile_image_section.php')
 2 SYSTEMPATH\Common.php(1180): CodeIgniter\View\View->render('users/profile_image_section', [], true)
 3 APPPATH\Views\team_members\view.php(8): view('users/profile_image_section')
 4 SYSTEMPATH\View\View.php(224): include('C:\\xamppp\\htdocs\\ownshop-main\\app\\Views\\team_members\\view.php')
 5 SYSTEMPATH\View\View.php(227): CodeIgniter\View\View->CodeIgniter\View\{closure}()
 6 SYSTEMPATH\Common.php(1180): CodeIgniter\View\View->render('team_members/view', [], true)
 7 APPPATH\Views\layout\index.php(62): view('team_members/view')
 8 SYSTEMPATH\View\View.php(224): include('C:\\xamppp\\htdocs\\ownshop-main\\app\\Views\\layout\\index.php')
 9 SYSTEMPATH\View\View.php(227): CodeIgniter\View\View->CodeIgniter\View\{closure}()
10 SYSTEMPATH\Common.php(1180): CodeIgniter\View\View->render('layout/index', [], true)
11 APPPATH\Libraries\Template.php(38): view('layout/index', [...])
12 APPPATH\Libraries\Template.php(22): App\Libraries\Template->view('layout/index', [...])
13 APPPATH\Controllers\Team_members.php(493): App\Libraries\Template->rander('team_members/view', [...])
14 SYSTEMPATH\CodeIgniter.php(932): App\Controllers\Team_members->view('1', 'general')
15 SYSTEMPATH\CodeIgniter.php(497): CodeIgniter\CodeIgniter->runController(Object(App\Controllers\Team_members))
16 SYSTEMPATH\CodeIgniter.php(366): CodeIgniter\CodeIgniter->handleRequest(null, Object(Config\Cache), false)
17 FCPATH\index.php(80): CodeIgniter\CodeIgniter->run()
CRITICAL - 2024-05-20 11:49:02 --> Invalid file: "users/profile_image_section.php"
in SYSTEMPATH\Exceptions\FrameworkException.php on line 33.
 1 SYSTEMPATH\View\View.php(212): CodeIgniter\Exceptions\FrameworkException::forInvalidFile('users/profile_image_section.php')
 2 SYSTEMPATH\Common.php(1180): CodeIgniter\View\View->render('users/profile_image_section', [], true)
 3 APPPATH\Views\team_members\view.php(8): view('users/profile_image_section')
 4 SYSTEMPATH\View\View.php(224): include('C:\\xamppp\\htdocs\\ownshop-main\\app\\Views\\team_members\\view.php')
 5 SYSTEMPATH\View\View.php(227): CodeIgniter\View\View->CodeIgniter\View\{closure}()
 6 SYSTEMPATH\Common.php(1180): CodeIgniter\View\View->render('team_members/view', [], true)
 7 APPPATH\Views\layout\index.php(62): view('team_members/view')
 8 SYSTEMPATH\View\View.php(224): include('C:\\xamppp\\htdocs\\ownshop-main\\app\\Views\\layout\\index.php')
 9 SYSTEMPATH\View\View.php(227): CodeIgniter\View\View->CodeIgniter\View\{closure}()
10 SYSTEMPATH\Common.php(1180): CodeIgniter\View\View->render('layout/index', [], true)
11 APPPATH\Libraries\Template.php(38): view('layout/index', [...])
12 APPPATH\Libraries\Template.php(22): App\Libraries\Template->view('layout/index', [...])
13 APPPATH\Controllers\Team_members.php(493): App\Libraries\Template->rander('team_members/view', [...])
14 SYSTEMPATH\CodeIgniter.php(932): App\Controllers\Team_members->view('1', 'general')
15 SYSTEMPATH\CodeIgniter.php(497): CodeIgniter\CodeIgniter->runController(Object(App\Controllers\Team_members))
16 SYSTEMPATH\CodeIgniter.php(366): CodeIgniter\CodeIgniter->handleRequest(null, Object(Config\Cache), false)
17 FCPATH\index.php(80): CodeIgniter\CodeIgniter->run()
CRITICAL - 2024-05-20 11:49:06 --> Invalid file: "users/profile_image_section.php"
in SYSTEMPATH\Exceptions\FrameworkException.php on line 33.
 1 SYSTEMPATH\View\View.php(212): CodeIgniter\Exceptions\FrameworkException::forInvalidFile('users/profile_image_section.php')
 2 SYSTEMPATH\Common.php(1180): CodeIgniter\View\View->render('users/profile_image_section', [], true)
 3 APPPATH\Views\team_members\view.php(8): view('users/profile_image_section')
 4 SYSTEMPATH\View\View.php(224): include('C:\\xamppp\\htdocs\\ownshop-main\\app\\Views\\team_members\\view.php')
 5 SYSTEMPATH\View\View.php(227): CodeIgniter\View\View->CodeIgniter\View\{closure}()
 6 SYSTEMPATH\Common.php(1180): CodeIgniter\View\View->render('team_members/view', [], true)
 7 APPPATH\Views\layout\index.php(62): view('team_members/view')
 8 SYSTEMPATH\View\View.php(224): include('C:\\xamppp\\htdocs\\ownshop-main\\app\\Views\\layout\\index.php')
 9 SYSTEMPATH\View\View.php(227): CodeIgniter\View\View->CodeIgniter\View\{closure}()
10 SYSTEMPATH\Common.php(1180): CodeIgniter\View\View->render('layout/index', [], true)
11 APPPATH\Libraries\Template.php(38): view('layout/index', [...])
12 APPPATH\Libraries\Template.php(22): App\Libraries\Template->view('layout/index', [...])
13 APPPATH\Controllers\Team_members.php(493): App\Libraries\Template->rander('team_members/view', [...])
14 SYSTEMPATH\CodeIgniter.php(932): App\Controllers\Team_members->view('1', 'general')
15 SYSTEMPATH\CodeIgniter.php(497): CodeIgniter\CodeIgniter->runController(Object(App\Controllers\Team_members))
16 SYSTEMPATH\CodeIgniter.php(366): CodeIgniter\CodeIgniter->handleRequest(null, Object(Config\Cache), false)
17 FCPATH\index.php(80): CodeIgniter\CodeIgniter->run()
CRITICAL - 2024-05-20 11:50:13 --> Invalid file: "users/profile_image_section.php"
in SYSTEMPATH\Exceptions\FrameworkException.php on line 33.
 1 SYSTEMPATH\View\View.php(212): CodeIgniter\Exceptions\FrameworkException::forInvalidFile('users/profile_image_section.php')
 2 SYSTEMPATH\Common.php(1180): CodeIgniter\View\View->render('users/profile_image_section', [], true)
 3 APPPATH\Views\team_members\view.php(8): view('users/profile_image_section')
 4 SYSTEMPATH\View\View.php(224): include('C:\\xamppp\\htdocs\\ownshop-main\\app\\Views\\team_members\\view.php')
 5 SYSTEMPATH\View\View.php(227): CodeIgniter\View\View->CodeIgniter\View\{closure}()
 6 SYSTEMPATH\Common.php(1180): CodeIgniter\View\View->render('team_members/view', [], true)
 7 APPPATH\Views\layout\index.php(62): view('team_members/view')
 8 SYSTEMPATH\View\View.php(224): include('C:\\xamppp\\htdocs\\ownshop-main\\app\\Views\\layout\\index.php')
 9 SYSTEMPATH\View\View.php(227): CodeIgniter\View\View->CodeIgniter\View\{closure}()
10 SYSTEMPATH\Common.php(1180): CodeIgniter\View\View->render('layout/index', [], true)
11 APPPATH\Libraries\Template.php(38): view('layout/index', [...])
12 APPPATH\Libraries\Template.php(22): App\Libraries\Template->view('layout/index', [...])
13 APPPATH\Controllers\Team_members.php(493): App\Libraries\Template->rander('team_members/view', [...])
14 SYSTEMPATH\CodeIgniter.php(932): App\Controllers\Team_members->view('1', 'general')
15 SYSTEMPATH\CodeIgniter.php(497): CodeIgniter\CodeIgniter->runController(Object(App\Controllers\Team_members))
16 SYSTEMPATH\CodeIgniter.php(366): CodeIgniter\CodeIgniter->handleRequest(null, Object(Config\Cache), false)
17 FCPATH\index.php(80): CodeIgniter\CodeIgniter->run()
CRITICAL - 2024-05-20 11:50:15 --> Invalid file: "users/profile_image_section.php"
in SYSTEMPATH\Exceptions\FrameworkException.php on line 33.
 1 SYSTEMPATH\View\View.php(212): CodeIgniter\Exceptions\FrameworkException::forInvalidFile('users/profile_image_section.php')
 2 SYSTEMPATH\Common.php(1180): CodeIgniter\View\View->render('users/profile_image_section', [], true)
 3 APPPATH\Views\team_members\view.php(8): view('users/profile_image_section')
 4 SYSTEMPATH\View\View.php(224): include('C:\\xamppp\\htdocs\\ownshop-main\\app\\Views\\team_members\\view.php')
 5 SYSTEMPATH\View\View.php(227): CodeIgniter\View\View->CodeIgniter\View\{closure}()
 6 SYSTEMPATH\Common.php(1180): CodeIgniter\View\View->render('team_members/view', [], true)
 7 APPPATH\Views\layout\index.php(62): view('team_members/view')
 8 SYSTEMPATH\View\View.php(224): include('C:\\xamppp\\htdocs\\ownshop-main\\app\\Views\\layout\\index.php')
 9 SYSTEMPATH\View\View.php(227): CodeIgniter\View\View->CodeIgniter\View\{closure}()
10 SYSTEMPATH\Common.php(1180): CodeIgniter\View\View->render('layout/index', [], true)
11 APPPATH\Libraries\Template.php(38): view('layout/index', [...])
12 APPPATH\Libraries\Template.php(22): App\Libraries\Template->view('layout/index', [...])
13 APPPATH\Controllers\Team_members.php(493): App\Libraries\Template->rander('team_members/view', [...])
14 SYSTEMPATH\CodeIgniter.php(932): App\Controllers\Team_members->view('1', 'general')
15 SYSTEMPATH\CodeIgniter.php(497): CodeIgniter\CodeIgniter->runController(Object(App\Controllers\Team_members))
16 SYSTEMPATH\CodeIgniter.php(366): CodeIgniter\CodeIgniter->handleRequest(null, Object(Config\Cache), false)
17 FCPATH\index.php(80): CodeIgniter\CodeIgniter->run()
CRITICAL - 2024-05-20 11:50:29 --> Invalid file: "users/profile_image_section.php"
in SYSTEMPATH\Exceptions\FrameworkException.php on line 33.
 1 SYSTEMPATH\View\View.php(212): CodeIgniter\Exceptions\FrameworkException::forInvalidFile('users/profile_image_section.php')
 2 SYSTEMPATH\Common.php(1180): CodeIgniter\View\View->render('users/profile_image_section', [], true)
 3 APPPATH\Views\team_members\view.php(8): view('users/profile_image_section')
 4 SYSTEMPATH\View\View.php(224): include('C:\\xamppp\\htdocs\\ownshop-main\\app\\Views\\team_members\\view.php')
 5 SYSTEMPATH\View\View.php(227): CodeIgniter\View\View->CodeIgniter\View\{closure}()
 6 SYSTEMPATH\Common.php(1180): CodeIgniter\View\View->render('team_members/view', [], true)
 7 APPPATH\Views\layout\index.php(62): view('team_members/view')
 8 SYSTEMPATH\View\View.php(224): include('C:\\xamppp\\htdocs\\ownshop-main\\app\\Views\\layout\\index.php')
 9 SYSTEMPATH\View\View.php(227): CodeIgniter\View\View->CodeIgniter\View\{closure}()
10 SYSTEMPATH\Common.php(1180): CodeIgniter\View\View->render('layout/index', [], true)
11 APPPATH\Libraries\Template.php(38): view('layout/index', [...])
12 APPPATH\Libraries\Template.php(22): App\Libraries\Template->view('layout/index', [...])
13 APPPATH\Controllers\Team_members.php(493): App\Libraries\Template->rander('team_members/view', [...])
14 SYSTEMPATH\CodeIgniter.php(932): App\Controllers\Team_members->view('1', 'general')
15 SYSTEMPATH\CodeIgniter.php(497): CodeIgniter\CodeIgniter->runController(Object(App\Controllers\Team_members))
16 SYSTEMPATH\CodeIgniter.php(366): CodeIgniter\CodeIgniter->handleRequest(null, Object(Config\Cache), false)
17 FCPATH\index.php(80): CodeIgniter\CodeIgniter->run()
CRITICAL - 2024-05-20 11:50:32 --> Invalid file: "users/profile_image_section.php"
in SYSTEMPATH\Exceptions\FrameworkException.php on line 33.
 1 SYSTEMPATH\View\View.php(212): CodeIgniter\Exceptions\FrameworkException::forInvalidFile('users/profile_image_section.php')
 2 SYSTEMPATH\Common.php(1180): CodeIgniter\View\View->render('users/profile_image_section', [], true)
 3 APPPATH\Views\team_members\view.php(8): view('users/profile_image_section')
 4 SYSTEMPATH\View\View.php(224): include('C:\\xamppp\\htdocs\\ownshop-main\\app\\Views\\team_members\\view.php')
 5 SYSTEMPATH\View\View.php(227): CodeIgniter\View\View->CodeIgniter\View\{closure}()
 6 SYSTEMPATH\Common.php(1180): CodeIgniter\View\View->render('team_members/view', [], true)
 7 APPPATH\Views\layout\index.php(62): view('team_members/view')
 8 SYSTEMPATH\View\View.php(224): include('C:\\xamppp\\htdocs\\ownshop-main\\app\\Views\\layout\\index.php')
 9 SYSTEMPATH\View\View.php(227): CodeIgniter\View\View->CodeIgniter\View\{closure}()
10 SYSTEMPATH\Common.php(1180): CodeIgniter\View\View->render('layout/index', [], true)
11 APPPATH\Libraries\Template.php(38): view('layout/index', [...])
12 APPPATH\Libraries\Template.php(22): App\Libraries\Template->view('layout/index', [...])
13 APPPATH\Controllers\Team_members.php(493): App\Libraries\Template->rander('team_members/view', [...])
14 SYSTEMPATH\CodeIgniter.php(932): App\Controllers\Team_members->view('1', 'general')
15 SYSTEMPATH\CodeIgniter.php(497): CodeIgniter\CodeIgniter->runController(Object(App\Controllers\Team_members))
16 SYSTEMPATH\CodeIgniter.php(366): CodeIgniter\CodeIgniter->handleRequest(null, Object(Config\Cache), false)
17 FCPATH\index.php(80): CodeIgniter\CodeIgniter->run()
CRITICAL - 2024-05-20 11:51:31 --> Invalid file: "users/profile_image_section.php"
in SYSTEMPATH\Exceptions\FrameworkException.php on line 33.
 1 SYSTEMPATH\View\View.php(212): CodeIgniter\Exceptions\FrameworkException::forInvalidFile('users/profile_image_section.php')
 2 SYSTEMPATH\Common.php(1180): CodeIgniter\View\View->render('users/profile_image_section', [], true)
 3 APPPATH\Views\team_members\view.php(8): view('users/profile_image_section')
 4 SYSTEMPATH\View\View.php(224): include('C:\\xamppp\\htdocs\\ownshop-main\\app\\Views\\team_members\\view.php')
 5 SYSTEMPATH\View\View.php(227): CodeIgniter\View\View->CodeIgniter\View\{closure}()
 6 SYSTEMPATH\Common.php(1180): CodeIgniter\View\View->render('team_members/view', [], true)
 7 APPPATH\Views\layout\index.php(62): view('team_members/view')
 8 SYSTEMPATH\View\View.php(224): include('C:\\xamppp\\htdocs\\ownshop-main\\app\\Views\\layout\\index.php')
 9 SYSTEMPATH\View\View.php(227): CodeIgniter\View\View->CodeIgniter\View\{closure}()
10 SYSTEMPATH\Common.php(1180): CodeIgniter\View\View->render('layout/index', [], true)
11 APPPATH\Libraries\Template.php(38): view('layout/index', [...])
12 APPPATH\Libraries\Template.php(22): App\Libraries\Template->view('layout/index', [...])
13 APPPATH\Controllers\Team_members.php(493): App\Libraries\Template->rander('team_members/view', [...])
14 SYSTEMPATH\CodeIgniter.php(932): App\Controllers\Team_members->view('1', 'general')
15 SYSTEMPATH\CodeIgniter.php(497): CodeIgniter\CodeIgniter->runController(Object(App\Controllers\Team_members))
16 SYSTEMPATH\CodeIgniter.php(366): CodeIgniter\CodeIgniter->handleRequest(null, Object(Config\Cache), false)
17 FCPATH\index.php(80): CodeIgniter\CodeIgniter->run()
CRITICAL - 2024-05-20 11:51:33 --> Invalid file: "users/profile_image_section.php"
in SYSTEMPATH\Exceptions\FrameworkException.php on line 33.
 1 SYSTEMPATH\View\View.php(212): CodeIgniter\Exceptions\FrameworkException::forInvalidFile('users/profile_image_section.php')
 2 SYSTEMPATH\Common.php(1180): CodeIgniter\View\View->render('users/profile_image_section', [], true)
 3 APPPATH\Views\team_members\view.php(8): view('users/profile_image_section')
 4 SYSTEMPATH\View\View.php(224): include('C:\\xamppp\\htdocs\\ownshop-main\\app\\Views\\team_members\\view.php')
 5 SYSTEMPATH\View\View.php(227): CodeIgniter\View\View->CodeIgniter\View\{closure}()
 6 SYSTEMPATH\Common.php(1180): CodeIgniter\View\View->render('team_members/view', [], true)
 7 APPPATH\Views\layout\index.php(62): view('team_members/view')
 8 SYSTEMPATH\View\View.php(224): include('C:\\xamppp\\htdocs\\ownshop-main\\app\\Views\\layout\\index.php')
 9 SYSTEMPATH\View\View.php(227): CodeIgniter\View\View->CodeIgniter\View\{closure}()
10 SYSTEMPATH\Common.php(1180): CodeIgniter\View\View->render('layout/index', [], true)
11 APPPATH\Libraries\Template.php(38): view('layout/index', [...])
12 APPPATH\Libraries\Template.php(22): App\Libraries\Template->view('layout/index', [...])
13 APPPATH\Controllers\Team_members.php(493): App\Libraries\Template->rander('team_members/view', [...])
14 SYSTEMPATH\CodeIgniter.php(932): App\Controllers\Team_members->view('1', 'general')
15 SYSTEMPATH\CodeIgniter.php(497): CodeIgniter\CodeIgniter->runController(Object(App\Controllers\Team_members))
16 SYSTEMPATH\CodeIgniter.php(366): CodeIgniter\CodeIgniter->handleRequest(null, Object(Config\Cache), false)
17 FCPATH\index.php(80): CodeIgniter\CodeIgniter->run()
CRITICAL - 2024-05-20 11:54:02 --> Invalid file: "users/profile_image_section.php"
in SYSTEMPATH\Exceptions\FrameworkException.php on line 33.
 1 SYSTEMPATH\View\View.php(212): CodeIgniter\Exceptions\FrameworkException::forInvalidFile('users/profile_image_section.php')
 2 SYSTEMPATH\Common.php(1180): CodeIgniter\View\View->render('users/profile_image_section', [], true)
 3 APPPATH\Views\team_members\view.php(8): view('users/profile_image_section')
 4 SYSTEMPATH\View\View.php(224): include('C:\\xamppp\\htdocs\\ownshop-main\\app\\Views\\team_members\\view.php')
 5 SYSTEMPATH\View\View.php(227): CodeIgniter\View\View->CodeIgniter\View\{closure}()
 6 SYSTEMPATH\Common.php(1180): CodeIgniter\View\View->render('team_members/view', [], true)
 7 APPPATH\Views\layout\index.php(62): view('team_members/view')
 8 SYSTEMPATH\View\View.php(224): include('C:\\xamppp\\htdocs\\ownshop-main\\app\\Views\\layout\\index.php')
 9 SYSTEMPATH\View\View.php(227): CodeIgniter\View\View->CodeIgniter\View\{closure}()
10 SYSTEMPATH\Common.php(1180): CodeIgniter\View\View->render('layout/index', [], true)
11 APPPATH\Libraries\Template.php(38): view('layout/index', [...])
12 APPPATH\Libraries\Template.php(22): App\Libraries\Template->view('layout/index', [...])
13 APPPATH\Controllers\Team_members.php(493): App\Libraries\Template->rander('team_members/view', [...])
14 SYSTEMPATH\CodeIgniter.php(932): App\Controllers\Team_members->view('1', 'general')
15 SYSTEMPATH\CodeIgniter.php(497): CodeIgniter\CodeIgniter->runController(Object(App\Controllers\Team_members))
16 SYSTEMPATH\CodeIgniter.php(366): CodeIgniter\CodeIgniter->handleRequest(null, Object(Config\Cache), false)
17 FCPATH\index.php(80): CodeIgniter\CodeIgniter->run()
CRITICAL - 2024-05-20 11:54:06 --> Invalid file: "users/profile_image_section.php"
in SYSTEMPATH\Exceptions\FrameworkException.php on line 33.
 1 SYSTEMPATH\View\View.php(212): CodeIgniter\Exceptions\FrameworkException::forInvalidFile('users/profile_image_section.php')
 2 SYSTEMPATH\Common.php(1180): CodeIgniter\View\View->render('users/profile_image_section', [], true)
 3 APPPATH\Views\team_members\view.php(8): view('users/profile_image_section')
 4 SYSTEMPATH\View\View.php(224): include('C:\\xamppp\\htdocs\\ownshop-main\\app\\Views\\team_members\\view.php')
 5 SYSTEMPATH\View\View.php(227): CodeIgniter\View\View->CodeIgniter\View\{closure}()
 6 SYSTEMPATH\Common.php(1180): CodeIgniter\View\View->render('team_members/view', [], true)
 7 APPPATH\Views\layout\index.php(62): view('team_members/view')
 8 SYSTEMPATH\View\View.php(224): include('C:\\xamppp\\htdocs\\ownshop-main\\app\\Views\\layout\\index.php')
 9 SYSTEMPATH\View\View.php(227): CodeIgniter\View\View->CodeIgniter\View\{closure}()
10 SYSTEMPATH\Common.php(1180): CodeIgniter\View\View->render('layout/index', [], true)
11 APPPATH\Libraries\Template.php(38): view('layout/index', [...])
12 APPPATH\Libraries\Template.php(22): App\Libraries\Template->view('layout/index', [...])
13 APPPATH\Controllers\Team_members.php(493): App\Libraries\Template->rander('team_members/view', [...])
14 SYSTEMPATH\CodeIgniter.php(932): App\Controllers\Team_members->view('1', 'general')
15 SYSTEMPATH\CodeIgniter.php(497): CodeIgniter\CodeIgniter->runController(Object(App\Controllers\Team_members))
16 SYSTEMPATH\CodeIgniter.php(366): CodeIgniter\CodeIgniter->handleRequest(null, Object(Config\Cache), false)
17 FCPATH\index.php(80): CodeIgniter\CodeIgniter->run()
CRITICAL - 2024-05-20 11:54:10 --> Invalid file: "users/profile_image_section.php"
in SYSTEMPATH\Exceptions\FrameworkException.php on line 33.
 1 SYSTEMPATH\View\View.php(212): CodeIgniter\Exceptions\FrameworkException::forInvalidFile('users/profile_image_section.php')
 2 SYSTEMPATH\Common.php(1180): CodeIgniter\View\View->render('users/profile_image_section', [], true)
 3 APPPATH\Views\team_members\view.php(8): view('users/profile_image_section')
 4 SYSTEMPATH\View\View.php(224): include('C:\\xamppp\\htdocs\\ownshop-main\\app\\Views\\team_members\\view.php')
 5 SYSTEMPATH\View\View.php(227): CodeIgniter\View\View->CodeIgniter\View\{closure}()
 6 SYSTEMPATH\Common.php(1180): CodeIgniter\View\View->render('team_members/view', [], true)
 7 APPPATH\Views\layout\index.php(62): view('team_members/view')
 8 SYSTEMPATH\View\View.php(224): include('C:\\xamppp\\htdocs\\ownshop-main\\app\\Views\\layout\\index.php')
 9 SYSTEMPATH\View\View.php(227): CodeIgniter\View\View->CodeIgniter\View\{closure}()
10 SYSTEMPATH\Common.php(1180): CodeIgniter\View\View->render('layout/index', [], true)
11 APPPATH\Libraries\Template.php(38): view('layout/index', [...])
12 APPPATH\Libraries\Template.php(22): App\Libraries\Template->view('layout/index', [...])
13 APPPATH\Controllers\Team_members.php(493): App\Libraries\Template->rander('team_members/view', [...])
14 SYSTEMPATH\CodeIgniter.php(932): App\Controllers\Team_members->view('1', 'general')
15 SYSTEMPATH\CodeIgniter.php(497): CodeIgniter\CodeIgniter->runController(Object(App\Controllers\Team_members))
16 SYSTEMPATH\CodeIgniter.php(366): CodeIgniter\CodeIgniter->handleRequest(null, Object(Config\Cache), false)
17 FCPATH\index.php(80): CodeIgniter\CodeIgniter->run()
CRITICAL - 2024-05-20 11:54:28 --> Invalid file: "users/profile_image_section.php"
in SYSTEMPATH\Exceptions\FrameworkException.php on line 33.
 1 SYSTEMPATH\View\View.php(212): CodeIgniter\Exceptions\FrameworkException::forInvalidFile('users/profile_image_section.php')
 2 SYSTEMPATH\Common.php(1180): CodeIgniter\View\View->render('users/profile_image_section', [], true)
 3 APPPATH\Views\team_members\view.php(8): view('users/profile_image_section')
 4 SYSTEMPATH\View\View.php(224): include('C:\\xamppp\\htdocs\\ownshop-main\\app\\Views\\team_members\\view.php')
 5 SYSTEMPATH\View\View.php(227): CodeIgniter\View\View->CodeIgniter\View\{closure}()
 6 SYSTEMPATH\Common.php(1180): CodeIgniter\View\View->render('team_members/view', [], true)
 7 APPPATH\Views\layout\index.php(62): view('team_members/view')
 8 SYSTEMPATH\View\View.php(224): include('C:\\xamppp\\htdocs\\ownshop-main\\app\\Views\\layout\\index.php')
 9 SYSTEMPATH\View\View.php(227): CodeIgniter\View\View->CodeIgniter\View\{closure}()
10 SYSTEMPATH\Common.php(1180): CodeIgniter\View\View->render('layout/index', [], true)
11 APPPATH\Libraries\Template.php(38): view('layout/index', [...])
12 APPPATH\Libraries\Template.php(22): App\Libraries\Template->view('layout/index', [...])
13 APPPATH\Controllers\Team_members.php(493): App\Libraries\Template->rander('team_members/view', [...])
14 SYSTEMPATH\CodeIgniter.php(932): App\Controllers\Team_members->view('1', 'general')
15 SYSTEMPATH\CodeIgniter.php(497): CodeIgniter\CodeIgniter->runController(Object(App\Controllers\Team_members))
16 SYSTEMPATH\CodeIgniter.php(366): CodeIgniter\CodeIgniter->handleRequest(null, Object(Config\Cache), false)
17 FCPATH\index.php(80): CodeIgniter\CodeIgniter->run()
CRITICAL - 2024-05-20 11:56:22 --> Invalid file: "users/index.php"
in SYSTEMPATH\Exceptions\FrameworkException.php on line 33.
 1 SYSTEMPATH\View\View.php(212): CodeIgniter\Exceptions\FrameworkException::forInvalidFile('users/index.php')
 2 SYSTEMPATH\Common.php(1180): CodeIgniter\View\View->render('users/index', [], true)
 3 APPPATH\Views\layout\index.php(62): view('users/index')
 4 SYSTEMPATH\View\View.php(224): include('C:\\xamppp\\htdocs\\ownshop-main\\app\\Views\\layout\\index.php')
 5 SYSTEMPATH\View\View.php(227): CodeIgniter\View\View->CodeIgniter\View\{closure}()
 6 SYSTEMPATH\Common.php(1180): CodeIgniter\View\View->render('layout/index', [], true)
 7 APPPATH\Libraries\Template.php(38): view('layout/index', [...])
 8 APPPATH\Libraries\Template.php(22): App\Libraries\Template->view('layout/index', [...])
 9 APPPATH\Controllers\Users.php(41): App\Libraries\Template->rander('users/index', [...])
10 SYSTEMPATH\CodeIgniter.php(932): App\Controllers\Users->index()
11 SYSTEMPATH\CodeIgniter.php(497): CodeIgniter\CodeIgniter->runController(Object(App\Controllers\Users))
12 SYSTEMPATH\CodeIgniter.php(366): CodeIgniter\CodeIgniter->handleRequest(null, Object(Config\Cache), false)
13 FCPATH\index.php(80): CodeIgniter\CodeIgniter->run()
CRITICAL - 2024-05-20 12:01:55 --> Invalid file: "users/client_form_fields.php"
in SYSTEMPATH\Exceptions\FrameworkException.php on line 33.
 1 SYSTEMPATH\View\View.php(212): CodeIgniter\Exceptions\FrameworkException::forInvalidFile('users/client_form_fields.php')
 2 SYSTEMPATH\Common.php(1180): CodeIgniter\View\View->render('users/client_form_fields', [], true)
 3 APPPATH\Views\user\modal_form.php(5): view('users/client_form_fields')
 4 SYSTEMPATH\View\View.php(224): include('C:\\xamppp\\htdocs\\ownshop-main\\app\\Views\\user\\modal_form.php')
 5 SYSTEMPATH\View\View.php(227): CodeIgniter\View\View->CodeIgniter\View\{closure}()
 6 SYSTEMPATH\Common.php(1180): CodeIgniter\View\View->render('user/modal_form', [], true)
 7 APPPATH\Libraries\Template.php(38): view('user/modal_form', [...])
 8 APPPATH\Controllers\Users.php(93): App\Libraries\Template->view('user/modal_form', [...])
 9 SYSTEMPATH\CodeIgniter.php(932): App\Controllers\Users->modal_form()
10 SYSTEMPATH\CodeIgniter.php(497): CodeIgniter\CodeIgniter->runController(Object(App\Controllers\Users))
11 SYSTEMPATH\CodeIgniter.php(366): CodeIgniter\CodeIgniter->handleRequest(null, Object(Config\Cache), false)
12 FCPATH\index.php(80): CodeIgniter\CodeIgniter->run()
CRITICAL - 2024-05-20 12:01:59 --> Invalid file: "users/client_form_fields.php"
in SYSTEMPATH\Exceptions\FrameworkException.php on line 33.
 1 SYSTEMPATH\View\View.php(212): CodeIgniter\Exceptions\FrameworkException::forInvalidFile('users/client_form_fields.php')
 2 SYSTEMPATH\Common.php(1180): CodeIgniter\View\View->render('users/client_form_fields', [], true)
 3 APPPATH\Views\user\modal_form.php(5): view('users/client_form_fields')
 4 SYSTEMPATH\View\View.php(224): include('C:\\xamppp\\htdocs\\ownshop-main\\app\\Views\\user\\modal_form.php')
 5 SYSTEMPATH\View\View.php(227): CodeIgniter\View\View->CodeIgniter\View\{closure}()
 6 SYSTEMPATH\Common.php(1180): CodeIgniter\View\View->render('user/modal_form', [], true)
 7 APPPATH\Libraries\Template.php(38): view('user/modal_form', [...])
 8 APPPATH\Controllers\Users.php(93): App\Libraries\Template->view('user/modal_form', [...])
 9 SYSTEMPATH\CodeIgniter.php(932): App\Controllers\Users->modal_form()
10 SYSTEMPATH\CodeIgniter.php(497): CodeIgniter\CodeIgniter->runController(Object(App\Controllers\Users))
11 SYSTEMPATH\CodeIgniter.php(366): CodeIgniter\CodeIgniter->handleRequest(null, Object(Config\Cache), false)
12 FCPATH\index.php(80): CodeIgniter\CodeIgniter->run()
CRITICAL - 2024-05-20 12:06:36 --> Invalid file: "users/client_form_fields.php"
in SYSTEMPATH\Exceptions\FrameworkException.php on line 33.
 1 SYSTEMPATH\View\View.php(212): CodeIgniter\Exceptions\FrameworkException::forInvalidFile('users/client_form_fields.php')
 2 SYSTEMPATH\Common.php(1180): CodeIgniter\View\View->render('users/client_form_fields', [], true)
 3 APPPATH\Views\user\modal_form.php(5): view('users/client_form_fields')
 4 SYSTEMPATH\View\View.php(224): include('C:\\xamppp\\htdocs\\ownshop-main\\app\\Views\\user\\modal_form.php')
 5 SYSTEMPATH\View\View.php(227): CodeIgniter\View\View->CodeIgniter\View\{closure}()
 6 SYSTEMPATH\Common.php(1180): CodeIgniter\View\View->render('user/modal_form', [], true)
 7 APPPATH\Libraries\Template.php(38): view('user/modal_form', [...])
 8 APPPATH\Controllers\Users.php(93): App\Libraries\Template->view('user/modal_form', [...])
 9 SYSTEMPATH\CodeIgniter.php(932): App\Controllers\Users->modal_form()
10 SYSTEMPATH\CodeIgniter.php(497): CodeIgniter\CodeIgniter->runController(Object(App\Controllers\Users))
11 SYSTEMPATH\CodeIgniter.php(366): CodeIgniter\CodeIgniter->handleRequest(null, Object(Config\Cache), false)
12 FCPATH\index.php(80): CodeIgniter\CodeIgniter->run()
CRITICAL - 2024-05-20 12:07:25 --> Invalid file: "users/client_form_fields.php"
in SYSTEMPATH\Exceptions\FrameworkException.php on line 33.
 1 SYSTEMPATH\View\View.php(212): CodeIgniter\Exceptions\FrameworkException::forInvalidFile('users/client_form_fields.php')
 2 SYSTEMPATH\Common.php(1180): CodeIgniter\View\View->render('users/client_form_fields', [], true)
 3 APPPATH\Views\user\modal_form.php(5): view('users/client_form_fields')
 4 SYSTEMPATH\View\View.php(224): include('C:\\xamppp\\htdocs\\ownshop-main\\app\\Views\\user\\modal_form.php')
 5 SYSTEMPATH\View\View.php(227): CodeIgniter\View\View->CodeIgniter\View\{closure}()
 6 SYSTEMPATH\Common.php(1180): CodeIgniter\View\View->render('user/modal_form', [], true)
 7 APPPATH\Libraries\Template.php(38): view('user/modal_form', [...])
 8 APPPATH\Controllers\Users.php(93): App\Libraries\Template->view('user/modal_form', [...])
 9 SYSTEMPATH\CodeIgniter.php(932): App\Controllers\Users->modal_form()
10 SYSTEMPATH\CodeIgniter.php(497): CodeIgniter\CodeIgniter->runController(Object(App\Controllers\Users))
11 SYSTEMPATH\CodeIgniter.php(366): CodeIgniter\CodeIgniter->handleRequest(null, Object(Config\Cache), false)
12 FCPATH\index.php(80): CodeIgniter\CodeIgniter->run()
CRITICAL - 2024-05-20 12:07:29 --> Invalid file: "users/client_form_fields.php"
in SYSTEMPATH\Exceptions\FrameworkException.php on line 33.
 1 SYSTEMPATH\View\View.php(212): CodeIgniter\Exceptions\FrameworkException::forInvalidFile('users/client_form_fields.php')
 2 SYSTEMPATH\Common.php(1180): CodeIgniter\View\View->render('users/client_form_fields', [], true)
 3 APPPATH\Views\user\modal_form.php(5): view('users/client_form_fields')
 4 SYSTEMPATH\View\View.php(224): include('C:\\xamppp\\htdocs\\ownshop-main\\app\\Views\\user\\modal_form.php')
 5 SYSTEMPATH\View\View.php(227): CodeIgniter\View\View->CodeIgniter\View\{closure}()
 6 SYSTEMPATH\Common.php(1180): CodeIgniter\View\View->render('user/modal_form', [], true)
 7 APPPATH\Libraries\Template.php(38): view('user/modal_form', [...])
 8 APPPATH\Controllers\Users.php(93): App\Libraries\Template->view('user/modal_form', [...])
 9 SYSTEMPATH\CodeIgniter.php(932): App\Controllers\Users->modal_form()
10 SYSTEMPATH\CodeIgniter.php(497): CodeIgniter\CodeIgniter->runController(Object(App\Controllers\Users))
11 SYSTEMPATH\CodeIgniter.php(366): CodeIgniter\CodeIgniter->handleRequest(null, Object(Config\Cache), false)
12 FCPATH\index.php(80): CodeIgniter\CodeIgniter->run()
CRITICAL - 2024-05-20 12:07:37 --> Invalid file: "users/client_form_fields.php"
in SYSTEMPATH\Exceptions\FrameworkException.php on line 33.
 1 SYSTEMPATH\View\View.php(212): CodeIgniter\Exceptions\FrameworkException::forInvalidFile('users/client_form_fields.php')
 2 SYSTEMPATH\Common.php(1180): CodeIgniter\View\View->render('users/client_form_fields', [], true)
 3 APPPATH\Views\user\modal_form.php(5): view('users/client_form_fields')
 4 SYSTEMPATH\View\View.php(224): include('C:\\xamppp\\htdocs\\ownshop-main\\app\\Views\\user\\modal_form.php')
 5 SYSTEMPATH\View\View.php(227): CodeIgniter\View\View->CodeIgniter\View\{closure}()
 6 SYSTEMPATH\Common.php(1180): CodeIgniter\View\View->render('user/modal_form', [], true)
 7 APPPATH\Libraries\Template.php(38): view('user/modal_form', [...])
 8 APPPATH\Controllers\Users.php(93): App\Libraries\Template->view('user/modal_form', [...])
 9 SYSTEMPATH\CodeIgniter.php(932): App\Controllers\Users->modal_form()
10 SYSTEMPATH\CodeIgniter.php(497): CodeIgniter\CodeIgniter->runController(Object(App\Controllers\Users))
11 SYSTEMPATH\CodeIgniter.php(366): CodeIgniter\CodeIgniter->handleRequest(null, Object(Config\Cache), false)
12 FCPATH\index.php(80): CodeIgniter\CodeIgniter->run()
CRITICAL - 2024-05-20 12:09:17 --> Invalid file: "users/client_form_fields.php"
in SYSTEMPATH\Exceptions\FrameworkException.php on line 33.
 1 SYSTEMPATH\View\View.php(212): CodeIgniter\Exceptions\FrameworkException::forInvalidFile('users/client_form_fields.php')
 2 SYSTEMPATH\Common.php(1180): CodeIgniter\View\View->render('users/client_form_fields', [], true)
 3 APPPATH\Views\user\modal_form.php(5): view('users/client_form_fields')
 4 SYSTEMPATH\View\View.php(224): include('C:\\xamppp\\htdocs\\ownshop-main\\app\\Views\\user\\modal_form.php')
 5 SYSTEMPATH\View\View.php(227): CodeIgniter\View\View->CodeIgniter\View\{closure}()
 6 SYSTEMPATH\Common.php(1180): CodeIgniter\View\View->render('user/modal_form', [], true)
 7 APPPATH\Libraries\Template.php(38): view('user/modal_form', [...])
 8 APPPATH\Controllers\Users.php(93): App\Libraries\Template->view('user/modal_form', [...])
 9 SYSTEMPATH\CodeIgniter.php(932): App\Controllers\Users->modal_form()
10 SYSTEMPATH\CodeIgniter.php(497): CodeIgniter\CodeIgniter->runController(Object(App\Controllers\Users))
11 SYSTEMPATH\CodeIgniter.php(366): CodeIgniter\CodeIgniter->handleRequest(null, Object(Config\Cache), false)
12 FCPATH\index.php(80): CodeIgniter\CodeIgniter->run()
CRITICAL - 2024-05-20 12:12:20 --> Invalid file: "users/client_form_fields.php"
in SYSTEMPATH\Exceptions\FrameworkException.php on line 33.
 1 SYSTEMPATH\View\View.php(212): CodeIgniter\Exceptions\FrameworkException::forInvalidFile('users/client_form_fields.php')
 2 SYSTEMPATH\Common.php(1180): CodeIgniter\View\View->render('users/client_form_fields', [], true)
 3 APPPATH\Views\user\modal_form.php(5): view('users/client_form_fields')
 4 SYSTEMPATH\View\View.php(224): include('C:\\xamppp\\htdocs\\ownshop-main\\app\\Views\\user\\modal_form.php')
 5 SYSTEMPATH\View\View.php(227): CodeIgniter\View\View->CodeIgniter\View\{closure}()
 6 SYSTEMPATH\Common.php(1180): CodeIgniter\View\View->render('user/modal_form', [], true)
 7 APPPATH\Libraries\Template.php(38): view('user/modal_form', [...])
 8 APPPATH\Controllers\Users.php(93): App\Libraries\Template->view('user/modal_form', [...])
 9 SYSTEMPATH\CodeIgniter.php(932): App\Controllers\Users->modal_form()
10 SYSTEMPATH\CodeIgniter.php(497): CodeIgniter\CodeIgniter->runController(Object(App\Controllers\Users))
11 SYSTEMPATH\CodeIgniter.php(366): CodeIgniter\CodeIgniter->handleRequest(null, Object(Config\Cache), false)
12 FCPATH\index.php(80): CodeIgniter\CodeIgniter->run()
