CRITICAL - 2024-05-29 11:25:09 --> Undefined variable $progress
in APPPATH\Views\projects\widgets\projects_overview_widget.php on line 138.
 1 APPPATH\Views\projects\widgets\projects_overview_widget.php(138): CodeIgniter\Debug\Exceptions->errorHandler(2, 'Undefined variable $progress', 'C:\\xamppp\\htdocs\\ownshop-main\\app\\Views\\projects\\widgets\\projects_overview_widget.php', 138)
 2 SYSTEMPATH\View\View.php(224): include('C:\\xamppp\\htdocs\\ownshop-main\\app\\Views\\projects\\widgets\\projects_overview_widget.php')
 3 SYSTEMPATH\View\View.php(227): CodeIgniter\View\View->CodeIgniter\View\{closure}()
 4 SYSTEMPATH\Common.php(1180): CodeIgniter\View\View->render('projects/widgets/projects_overview_widget', [], true)
 5 APPPATH\Libraries\Template.php(38): view('projects/widgets/projects_overview_widget', [...])
 6 APPPATH\Helpers\widget_helper.php(1466): App\Libraries\Template->view('projects/widgets/projects_overview_widget', [...])
 7 APPPATH\Controllers\Dashboard.php(1152): projects_overview_widget()
 8 APPPATH\Controllers\Dashboard.php(1048): App\Controllers\Dashboard->_get_widgets_for_staffs('projects_overview', [...])
 9 APPPATH\Controllers\Dashboard.php(1025): App\Controllers\Dashboard->_make_dashboard_widgets('projects_overview')
10 APPPATH\Controllers\Dashboard.php(38): App\Controllers\Dashboard->make_dashboard([...])
11 SYSTEMPATH\CodeIgniter.php(932): App\Controllers\Dashboard->index('1')
12 SYSTEMPATH\CodeIgniter.php(497): CodeIgniter\CodeIgniter->runController(Object(App\Controllers\Dashboard))
13 SYSTEMPATH\CodeIgniter.php(366): CodeIgniter\CodeIgniter->handleRequest(null, Object(Config\Cache), false)
14 FCPATH\index.php(80): CodeIgniter\CodeIgniter->run()
CRITICAL - 2024-05-29 11:26:30 --> Undefined variable $progress
in APPPATH\Views\projects\widgets\projects_overview_widget.php on line 126.
 1 APPPATH\Views\projects\widgets\projects_overview_widget.php(126): CodeIgniter\Debug\Exceptions->errorHandler(2, 'Undefined variable $progress', 'C:\\xamppp\\htdocs\\ownshop-main\\app\\Views\\projects\\widgets\\projects_overview_widget.php', 126)
 2 SYSTEMPATH\View\View.php(224): include('C:\\xamppp\\htdocs\\ownshop-main\\app\\Views\\projects\\widgets\\projects_overview_widget.php')
 3 SYSTEMPATH\View\View.php(227): CodeIgniter\View\View->CodeIgniter\View\{closure}()
 4 SYSTEMPATH\Common.php(1180): CodeIgniter\View\View->render('projects/widgets/projects_overview_widget', [], true)
 5 APPPATH\Libraries\Template.php(38): view('projects/widgets/projects_overview_widget', [...])
 6 APPPATH\Helpers\widget_helper.php(1466): App\Libraries\Template->view('projects/widgets/projects_overview_widget', [...])
 7 APPPATH\Controllers\Dashboard.php(1152): projects_overview_widget()
 8 APPPATH\Controllers\Dashboard.php(1048): App\Controllers\Dashboard->_get_widgets_for_staffs('projects_overview', [...])
 9 APPPATH\Controllers\Dashboard.php(1025): App\Controllers\Dashboard->_make_dashboard_widgets('projects_overview')
10 APPPATH\Controllers\Dashboard.php(38): App\Controllers\Dashboard->make_dashboard([...])
11 SYSTEMPATH\CodeIgniter.php(932): App\Controllers\Dashboard->index('1')
12 SYSTEMPATH\CodeIgniter.php(497): CodeIgniter\CodeIgniter->runController(Object(App\Controllers\Dashboard))
13 SYSTEMPATH\CodeIgniter.php(366): CodeIgniter\CodeIgniter->handleRequest(null, Object(Config\Cache), false)
14 FCPATH\index.php(80): CodeIgniter\CodeIgniter->run()
CRITICAL - 2024-05-29 11:27:24 --> Undefined variable $progress
in APPPATH\Views\projects\widgets\projects_overview_widget.php on line 143.
 1 APPPATH\Views\projects\widgets\projects_overview_widget.php(143): CodeIgniter\Debug\Exceptions->errorHandler(2, 'Undefined variable $progress', 'C:\\xamppp\\htdocs\\ownshop-main\\app\\Views\\projects\\widgets\\projects_overview_widget.php', 143)
 2 SYSTEMPATH\View\View.php(224): include('C:\\xamppp\\htdocs\\ownshop-main\\app\\Views\\projects\\widgets\\projects_overview_widget.php')
 3 SYSTEMPATH\View\View.php(227): CodeIgniter\View\View->CodeIgniter\View\{closure}()
 4 SYSTEMPATH\Common.php(1180): CodeIgniter\View\View->render('projects/widgets/projects_overview_widget', [], true)
 5 APPPATH\Libraries\Template.php(38): view('projects/widgets/projects_overview_widget', [...])
 6 APPPATH\Helpers\widget_helper.php(1466): App\Libraries\Template->view('projects/widgets/projects_overview_widget', [...])
 7 APPPATH\Controllers\Dashboard.php(1152): projects_overview_widget()
 8 APPPATH\Controllers\Dashboard.php(1048): App\Controllers\Dashboard->_get_widgets_for_staffs('projects_overview', [...])
 9 APPPATH\Controllers\Dashboard.php(1025): App\Controllers\Dashboard->_make_dashboard_widgets('projects_overview')
10 APPPATH\Controllers\Dashboard.php(38): App\Controllers\Dashboard->make_dashboard([...])
11 SYSTEMPATH\CodeIgniter.php(932): App\Controllers\Dashboard->index('1')
12 SYSTEMPATH\CodeIgniter.php(497): CodeIgniter\CodeIgniter->runController(Object(App\Controllers\Dashboard))
13 SYSTEMPATH\CodeIgniter.php(366): CodeIgniter\CodeIgniter->handleRequest(null, Object(Config\Cache), false)
14 FCPATH\index.php(80): CodeIgniter\CodeIgniter->run()
CRITICAL - 2024-05-29 11:27:25 --> Undefined variable $progress
in APPPATH\Views\projects\widgets\projects_overview_widget.php on line 143.
 1 APPPATH\Views\projects\widgets\projects_overview_widget.php(143): CodeIgniter\Debug\Exceptions->errorHandler(2, 'Undefined variable $progress', 'C:\\xamppp\\htdocs\\ownshop-main\\app\\Views\\projects\\widgets\\projects_overview_widget.php', 143)
 2 SYSTEMPATH\View\View.php(224): include('C:\\xamppp\\htdocs\\ownshop-main\\app\\Views\\projects\\widgets\\projects_overview_widget.php')
 3 SYSTEMPATH\View\View.php(227): CodeIgniter\View\View->CodeIgniter\View\{closure}()
 4 SYSTEMPATH\Common.php(1180): CodeIgniter\View\View->render('projects/widgets/projects_overview_widget', [], true)
 5 APPPATH\Libraries\Template.php(38): view('projects/widgets/projects_overview_widget', [...])
 6 APPPATH\Helpers\widget_helper.php(1466): App\Libraries\Template->view('projects/widgets/projects_overview_widget', [...])
 7 APPPATH\Controllers\Dashboard.php(1152): projects_overview_widget()
 8 APPPATH\Controllers\Dashboard.php(1048): App\Controllers\Dashboard->_get_widgets_for_staffs('projects_overview', [...])
 9 APPPATH\Controllers\Dashboard.php(1025): App\Controllers\Dashboard->_make_dashboard_widgets('projects_overview')
10 APPPATH\Controllers\Dashboard.php(38): App\Controllers\Dashboard->make_dashboard([...])
11 SYSTEMPATH\CodeIgniter.php(932): App\Controllers\Dashboard->index('1')
12 SYSTEMPATH\CodeIgniter.php(497): CodeIgniter\CodeIgniter->runController(Object(App\Controllers\Dashboard))
13 SYSTEMPATH\CodeIgniter.php(366): CodeIgniter\CodeIgniter->handleRequest(null, Object(Config\Cache), false)
14 FCPATH\index.php(80): CodeIgniter\CodeIgniter->run()
CRITICAL - 2024-05-29 11:27:27 --> Undefined variable $progress
in APPPATH\Views\projects\widgets\projects_overview_widget.php on line 143.
 1 APPPATH\Views\projects\widgets\projects_overview_widget.php(143): CodeIgniter\Debug\Exceptions->errorHandler(2, 'Undefined variable $progress', 'C:\\xamppp\\htdocs\\ownshop-main\\app\\Views\\projects\\widgets\\projects_overview_widget.php', 143)
 2 SYSTEMPATH\View\View.php(224): include('C:\\xamppp\\htdocs\\ownshop-main\\app\\Views\\projects\\widgets\\projects_overview_widget.php')
 3 SYSTEMPATH\View\View.php(227): CodeIgniter\View\View->CodeIgniter\View\{closure}()
 4 SYSTEMPATH\Common.php(1180): CodeIgniter\View\View->render('projects/widgets/projects_overview_widget', [], true)
 5 APPPATH\Libraries\Template.php(38): view('projects/widgets/projects_overview_widget', [...])
 6 APPPATH\Helpers\widget_helper.php(1466): App\Libraries\Template->view('projects/widgets/projects_overview_widget', [...])
 7 APPPATH\Controllers\Dashboard.php(1152): projects_overview_widget()
 8 APPPATH\Controllers\Dashboard.php(1048): App\Controllers\Dashboard->_get_widgets_for_staffs('projects_overview', [...])
 9 APPPATH\Controllers\Dashboard.php(1025): App\Controllers\Dashboard->_make_dashboard_widgets('projects_overview')
10 APPPATH\Controllers\Dashboard.php(38): App\Controllers\Dashboard->make_dashboard([...])
11 SYSTEMPATH\CodeIgniter.php(932): App\Controllers\Dashboard->index()
12 SYSTEMPATH\CodeIgniter.php(497): CodeIgniter\CodeIgniter->runController(Object(App\Controllers\Dashboard))
13 SYSTEMPATH\CodeIgniter.php(366): CodeIgniter\CodeIgniter->handleRequest(null, Object(Config\Cache), false)
14 FCPATH\index.php(80): CodeIgniter\CodeIgniter->run()
CRITICAL - 2024-05-29 11:29:55 --> Undefined variable $progress
in APPPATH\Views\projects\widgets\projects_overview_widget.php on line 134.
 1 APPPATH\Views\projects\widgets\projects_overview_widget.php(134): CodeIgniter\Debug\Exceptions->errorHandler(2, 'Undefined variable $progress', 'C:\\xamppp\\htdocs\\ownshop-main\\app\\Views\\projects\\widgets\\projects_overview_widget.php', 134)
 2 SYSTEMPATH\View\View.php(224): include('C:\\xamppp\\htdocs\\ownshop-main\\app\\Views\\projects\\widgets\\projects_overview_widget.php')
 3 SYSTEMPATH\View\View.php(227): CodeIgniter\View\View->CodeIgniter\View\{closure}()
 4 SYSTEMPATH\Common.php(1180): CodeIgniter\View\View->render('projects/widgets/projects_overview_widget', [], true)
 5 APPPATH\Libraries\Template.php(38): view('projects/widgets/projects_overview_widget', [...])
 6 APPPATH\Helpers\widget_helper.php(1466): App\Libraries\Template->view('projects/widgets/projects_overview_widget', [...])
 7 APPPATH\Controllers\Dashboard.php(1152): projects_overview_widget()
 8 APPPATH\Controllers\Dashboard.php(1048): App\Controllers\Dashboard->_get_widgets_for_staffs('projects_overview', [...])
 9 APPPATH\Controllers\Dashboard.php(1025): App\Controllers\Dashboard->_make_dashboard_widgets('projects_overview')
10 APPPATH\Controllers\Dashboard.php(38): App\Controllers\Dashboard->make_dashboard([...])
11 SYSTEMPATH\CodeIgniter.php(932): App\Controllers\Dashboard->index()
12 SYSTEMPATH\CodeIgniter.php(497): CodeIgniter\CodeIgniter->runController(Object(App\Controllers\Dashboard))
13 SYSTEMPATH\CodeIgniter.php(366): CodeIgniter\CodeIgniter->handleRequest(null, Object(Config\Cache), false)
14 FCPATH\index.php(80): CodeIgniter\CodeIgniter->run()
CRITICAL - 2024-05-29 11:29:56 --> Undefined variable $progress
in APPPATH\Views\projects\widgets\projects_overview_widget.php on line 134.
 1 APPPATH\Views\projects\widgets\projects_overview_widget.php(134): CodeIgniter\Debug\Exceptions->errorHandler(2, 'Undefined variable $progress', 'C:\\xamppp\\htdocs\\ownshop-main\\app\\Views\\projects\\widgets\\projects_overview_widget.php', 134)
 2 SYSTEMPATH\View\View.php(224): include('C:\\xamppp\\htdocs\\ownshop-main\\app\\Views\\projects\\widgets\\projects_overview_widget.php')
 3 SYSTEMPATH\View\View.php(227): CodeIgniter\View\View->CodeIgniter\View\{closure}()
 4 SYSTEMPATH\Common.php(1180): CodeIgniter\View\View->render('projects/widgets/projects_overview_widget', [], true)
 5 APPPATH\Libraries\Template.php(38): view('projects/widgets/projects_overview_widget', [...])
 6 APPPATH\Helpers\widget_helper.php(1466): App\Libraries\Template->view('projects/widgets/projects_overview_widget', [...])
 7 APPPATH\Controllers\Dashboard.php(1152): projects_overview_widget()
 8 APPPATH\Controllers\Dashboard.php(1048): App\Controllers\Dashboard->_get_widgets_for_staffs('projects_overview', [...])
 9 APPPATH\Controllers\Dashboard.php(1025): App\Controllers\Dashboard->_make_dashboard_widgets('projects_overview')
10 APPPATH\Controllers\Dashboard.php(38): App\Controllers\Dashboard->make_dashboard([...])
11 SYSTEMPATH\CodeIgniter.php(932): App\Controllers\Dashboard->index()
12 SYSTEMPATH\CodeIgniter.php(497): CodeIgniter\CodeIgniter->runController(Object(App\Controllers\Dashboard))
13 SYSTEMPATH\CodeIgniter.php(366): CodeIgniter\CodeIgniter->handleRequest(null, Object(Config\Cache), false)
14 FCPATH\index.php(80): CodeIgniter\CodeIgniter->run()
CRITICAL - 2024-05-29 11:34:59 --> Undefined variable $progress
in APPPATH\Views\projects\widgets\projects_overview_widget.php on line 134.
 1 APPPATH\Views\projects\widgets\projects_overview_widget.php(134): CodeIgniter\Debug\Exceptions->errorHandler(2, 'Undefined variable $progress', 'C:\\xamppp\\htdocs\\ownshop-main\\app\\Views\\projects\\widgets\\projects_overview_widget.php', 134)
 2 SYSTEMPATH\View\View.php(224): include('C:\\xamppp\\htdocs\\ownshop-main\\app\\Views\\projects\\widgets\\projects_overview_widget.php')
 3 SYSTEMPATH\View\View.php(227): CodeIgniter\View\View->CodeIgniter\View\{closure}()
 4 SYSTEMPATH\Common.php(1180): CodeIgniter\View\View->render('projects/widgets/projects_overview_widget', [], true)
 5 APPPATH\Libraries\Template.php(38): view('projects/widgets/projects_overview_widget', [...])
 6 APPPATH\Helpers\widget_helper.php(1466): App\Libraries\Template->view('projects/widgets/projects_overview_widget', [...])
 7 APPPATH\Controllers\Dashboard.php(1152): projects_overview_widget()
 8 APPPATH\Controllers\Dashboard.php(1048): App\Controllers\Dashboard->_get_widgets_for_staffs('projects_overview', [...])
 9 APPPATH\Controllers\Dashboard.php(1025): App\Controllers\Dashboard->_make_dashboard_widgets('projects_overview')
10 APPPATH\Controllers\Dashboard.php(38): App\Controllers\Dashboard->make_dashboard([...])
11 SYSTEMPATH\CodeIgniter.php(932): App\Controllers\Dashboard->index()
12 SYSTEMPATH\CodeIgniter.php(497): CodeIgniter\CodeIgniter->runController(Object(App\Controllers\Dashboard))
13 SYSTEMPATH\CodeIgniter.php(366): CodeIgniter\CodeIgniter->handleRequest(null, Object(Config\Cache), false)
14 FCPATH\index.php(80): CodeIgniter\CodeIgniter->run()
CRITICAL - 2024-05-29 11:35:00 --> Undefined variable $progress
in APPPATH\Views\projects\widgets\projects_overview_widget.php on line 134.
 1 APPPATH\Views\projects\widgets\projects_overview_widget.php(134): CodeIgniter\Debug\Exceptions->errorHandler(2, 'Undefined variable $progress', 'C:\\xamppp\\htdocs\\ownshop-main\\app\\Views\\projects\\widgets\\projects_overview_widget.php', 134)
 2 SYSTEMPATH\View\View.php(224): include('C:\\xamppp\\htdocs\\ownshop-main\\app\\Views\\projects\\widgets\\projects_overview_widget.php')
 3 SYSTEMPATH\View\View.php(227): CodeIgniter\View\View->CodeIgniter\View\{closure}()
 4 SYSTEMPATH\Common.php(1180): CodeIgniter\View\View->render('projects/widgets/projects_overview_widget', [], true)
 5 APPPATH\Libraries\Template.php(38): view('projects/widgets/projects_overview_widget', [...])
 6 APPPATH\Helpers\widget_helper.php(1466): App\Libraries\Template->view('projects/widgets/projects_overview_widget', [...])
 7 APPPATH\Controllers\Dashboard.php(1152): projects_overview_widget()
 8 APPPATH\Controllers\Dashboard.php(1048): App\Controllers\Dashboard->_get_widgets_for_staffs('projects_overview', [...])
 9 APPPATH\Controllers\Dashboard.php(1025): App\Controllers\Dashboard->_make_dashboard_widgets('projects_overview')
10 APPPATH\Controllers\Dashboard.php(38): App\Controllers\Dashboard->make_dashboard([...])
11 SYSTEMPATH\CodeIgniter.php(932): App\Controllers\Dashboard->index()
12 SYSTEMPATH\CodeIgniter.php(497): CodeIgniter\CodeIgniter->runController(Object(App\Controllers\Dashboard))
13 SYSTEMPATH\CodeIgniter.php(366): CodeIgniter\CodeIgniter->handleRequest(null, Object(Config\Cache), false)
14 FCPATH\index.php(80): CodeIgniter\CodeIgniter->run()
CRITICAL - 2024-05-29 11:35:01 --> Undefined variable $progress
in APPPATH\Views\projects\widgets\projects_overview_widget.php on line 134.
 1 APPPATH\Views\projects\widgets\projects_overview_widget.php(134): CodeIgniter\Debug\Exceptions->errorHandler(2, 'Undefined variable $progress', 'C:\\xamppp\\htdocs\\ownshop-main\\app\\Views\\projects\\widgets\\projects_overview_widget.php', 134)
 2 SYSTEMPATH\View\View.php(224): include('C:\\xamppp\\htdocs\\ownshop-main\\app\\Views\\projects\\widgets\\projects_overview_widget.php')
 3 SYSTEMPATH\View\View.php(227): CodeIgniter\View\View->CodeIgniter\View\{closure}()
 4 SYSTEMPATH\Common.php(1180): CodeIgniter\View\View->render('projects/widgets/projects_overview_widget', [], true)
 5 APPPATH\Libraries\Template.php(38): view('projects/widgets/projects_overview_widget', [...])
 6 APPPATH\Helpers\widget_helper.php(1466): App\Libraries\Template->view('projects/widgets/projects_overview_widget', [...])
 7 APPPATH\Controllers\Dashboard.php(1152): projects_overview_widget()
 8 APPPATH\Controllers\Dashboard.php(1048): App\Controllers\Dashboard->_get_widgets_for_staffs('projects_overview', [...])
 9 APPPATH\Controllers\Dashboard.php(1025): App\Controllers\Dashboard->_make_dashboard_widgets('projects_overview')
10 APPPATH\Controllers\Dashboard.php(38): App\Controllers\Dashboard->make_dashboard([...])
11 SYSTEMPATH\CodeIgniter.php(932): App\Controllers\Dashboard->index()
12 SYSTEMPATH\CodeIgniter.php(497): CodeIgniter\CodeIgniter->runController(Object(App\Controllers\Dashboard))
13 SYSTEMPATH\CodeIgniter.php(366): CodeIgniter\CodeIgniter->handleRequest(null, Object(Config\Cache), false)
14 FCPATH\index.php(80): CodeIgniter\CodeIgniter->run()
CRITICAL - 2024-05-29 11:35:02 --> Undefined variable $progress
in APPPATH\Views\projects\widgets\projects_overview_widget.php on line 134.
 1 APPPATH\Views\projects\widgets\projects_overview_widget.php(134): CodeIgniter\Debug\Exceptions->errorHandler(2, 'Undefined variable $progress', 'C:\\xamppp\\htdocs\\ownshop-main\\app\\Views\\projects\\widgets\\projects_overview_widget.php', 134)
 2 SYSTEMPATH\View\View.php(224): include('C:\\xamppp\\htdocs\\ownshop-main\\app\\Views\\projects\\widgets\\projects_overview_widget.php')
 3 SYSTEMPATH\View\View.php(227): CodeIgniter\View\View->CodeIgniter\View\{closure}()
 4 SYSTEMPATH\Common.php(1180): CodeIgniter\View\View->render('projects/widgets/projects_overview_widget', [], true)
 5 APPPATH\Libraries\Template.php(38): view('projects/widgets/projects_overview_widget', [...])
 6 APPPATH\Helpers\widget_helper.php(1466): App\Libraries\Template->view('projects/widgets/projects_overview_widget', [...])
 7 APPPATH\Controllers\Dashboard.php(1152): projects_overview_widget()
 8 APPPATH\Controllers\Dashboard.php(1048): App\Controllers\Dashboard->_get_widgets_for_staffs('projects_overview', [...])
 9 APPPATH\Controllers\Dashboard.php(1025): App\Controllers\Dashboard->_make_dashboard_widgets('projects_overview')
10 APPPATH\Controllers\Dashboard.php(38): App\Controllers\Dashboard->make_dashboard([...])
11 SYSTEMPATH\CodeIgniter.php(932): App\Controllers\Dashboard->index()
12 SYSTEMPATH\CodeIgniter.php(497): CodeIgniter\CodeIgniter->runController(Object(App\Controllers\Dashboard))
13 SYSTEMPATH\CodeIgniter.php(366): CodeIgniter\CodeIgniter->handleRequest(null, Object(Config\Cache), false)
14 FCPATH\index.php(80): CodeIgniter\CodeIgniter->run()
CRITICAL - 2024-05-29 11:35:31 --> Undefined variable $progress
in APPPATH\Views\projects\widgets\projects_overview_widget.php on line 132.
 1 APPPATH\Views\projects\widgets\projects_overview_widget.php(132): CodeIgniter\Debug\Exceptions->errorHandler(2, 'Undefined variable $progress', 'C:\\xamppp\\htdocs\\ownshop-main\\app\\Views\\projects\\widgets\\projects_overview_widget.php', 132)
 2 SYSTEMPATH\View\View.php(224): include('C:\\xamppp\\htdocs\\ownshop-main\\app\\Views\\projects\\widgets\\projects_overview_widget.php')
 3 SYSTEMPATH\View\View.php(227): CodeIgniter\View\View->CodeIgniter\View\{closure}()
 4 SYSTEMPATH\Common.php(1180): CodeIgniter\View\View->render('projects/widgets/projects_overview_widget', [], true)
 5 APPPATH\Libraries\Template.php(38): view('projects/widgets/projects_overview_widget', [...])
 6 APPPATH\Helpers\widget_helper.php(1466): App\Libraries\Template->view('projects/widgets/projects_overview_widget', [...])
 7 APPPATH\Controllers\Dashboard.php(1152): projects_overview_widget()
 8 APPPATH\Controllers\Dashboard.php(1048): App\Controllers\Dashboard->_get_widgets_for_staffs('projects_overview', [...])
 9 APPPATH\Controllers\Dashboard.php(1025): App\Controllers\Dashboard->_make_dashboard_widgets('projects_overview')
10 APPPATH\Controllers\Dashboard.php(38): App\Controllers\Dashboard->make_dashboard([...])
11 SYSTEMPATH\CodeIgniter.php(932): App\Controllers\Dashboard->index()
12 SYSTEMPATH\CodeIgniter.php(497): CodeIgniter\CodeIgniter->runController(Object(App\Controllers\Dashboard))
13 SYSTEMPATH\CodeIgniter.php(366): CodeIgniter\CodeIgniter->handleRequest(null, Object(Config\Cache), false)
14 FCPATH\index.php(80): CodeIgniter\CodeIgniter->run()
CRITICAL - 2024-05-29 11:45:29 --> Undefined variable $progress
in APPPATH\Views\projects\widgets\projects_overview_widget.php on line 132.
 1 APPPATH\Views\projects\widgets\projects_overview_widget.php(132): CodeIgniter\Debug\Exceptions->errorHandler(2, 'Undefined variable $progress', 'C:\\xamppp\\htdocs\\ownshop-main\\app\\Views\\projects\\widgets\\projects_overview_widget.php', 132)
 2 SYSTEMPATH\View\View.php(224): include('C:\\xamppp\\htdocs\\ownshop-main\\app\\Views\\projects\\widgets\\projects_overview_widget.php')
 3 SYSTEMPATH\View\View.php(227): CodeIgniter\View\View->CodeIgniter\View\{closure}()
 4 SYSTEMPATH\Common.php(1180): CodeIgniter\View\View->render('projects/widgets/projects_overview_widget', [], true)
 5 APPPATH\Libraries\Template.php(38): view('projects/widgets/projects_overview_widget', [...])
 6 APPPATH\Helpers\widget_helper.php(1466): App\Libraries\Template->view('projects/widgets/projects_overview_widget', [...])
 7 APPPATH\Controllers\Dashboard.php(1152): projects_overview_widget()
 8 APPPATH\Controllers\Dashboard.php(1048): App\Controllers\Dashboard->_get_widgets_for_staffs('projects_overview', [...])
 9 APPPATH\Controllers\Dashboard.php(1025): App\Controllers\Dashboard->_make_dashboard_widgets('projects_overview')
10 APPPATH\Controllers\Dashboard.php(38): App\Controllers\Dashboard->make_dashboard([...])
11 SYSTEMPATH\CodeIgniter.php(932): App\Controllers\Dashboard->index()
12 SYSTEMPATH\CodeIgniter.php(497): CodeIgniter\CodeIgniter->runController(Object(App\Controllers\Dashboard))
13 SYSTEMPATH\CodeIgniter.php(366): CodeIgniter\CodeIgniter->handleRequest(null, Object(Config\Cache), false)
14 FCPATH\index.php(80): CodeIgniter\CodeIgniter->run()
CRITICAL - 2024-05-29 11:50:24 --> Undefined variable $progress
in APPPATH\Views\projects\widgets\projects_overview_widget.php on line 144.
 1 APPPATH\Views\projects\widgets\projects_overview_widget.php(144): CodeIgniter\Debug\Exceptions->errorHandler(2, 'Undefined variable $progress', 'C:\\xamppp\\htdocs\\ownshop-main\\app\\Views\\projects\\widgets\\projects_overview_widget.php', 144)
 2 SYSTEMPATH\View\View.php(224): include('C:\\xamppp\\htdocs\\ownshop-main\\app\\Views\\projects\\widgets\\projects_overview_widget.php')
 3 SYSTEMPATH\View\View.php(227): CodeIgniter\View\View->CodeIgniter\View\{closure}()
 4 SYSTEMPATH\Common.php(1180): CodeIgniter\View\View->render('projects/widgets/projects_overview_widget', [], true)
 5 APPPATH\Libraries\Template.php(38): view('projects/widgets/projects_overview_widget', [...])
 6 APPPATH\Helpers\widget_helper.php(1466): App\Libraries\Template->view('projects/widgets/projects_overview_widget', [...])
 7 APPPATH\Controllers\Dashboard.php(1152): projects_overview_widget()
 8 APPPATH\Controllers\Dashboard.php(1048): App\Controllers\Dashboard->_get_widgets_for_staffs('projects_overview', [...])
 9 APPPATH\Controllers\Dashboard.php(1025): App\Controllers\Dashboard->_make_dashboard_widgets('projects_overview')
10 APPPATH\Controllers\Dashboard.php(38): App\Controllers\Dashboard->make_dashboard([...])
11 SYSTEMPATH\CodeIgniter.php(932): App\Controllers\Dashboard->index()
12 SYSTEMPATH\CodeIgniter.php(497): CodeIgniter\CodeIgniter->runController(Object(App\Controllers\Dashboard))
13 SYSTEMPATH\CodeIgniter.php(366): CodeIgniter\CodeIgniter->handleRequest(null, Object(Config\Cache), false)
14 FCPATH\index.php(80): CodeIgniter\CodeIgniter->run()
CRITICAL - 2024-05-29 11:51:54 --> Undefined variable $progress
in APPPATH\Views\projects\widgets\projects_overview_widget.php on line 126.
 1 APPPATH\Views\projects\widgets\projects_overview_widget.php(126): CodeIgniter\Debug\Exceptions->errorHandler(2, 'Undefined variable $progress', 'C:\\xamppp\\htdocs\\ownshop-main\\app\\Views\\projects\\widgets\\projects_overview_widget.php', 126)
 2 SYSTEMPATH\View\View.php(224): include('C:\\xamppp\\htdocs\\ownshop-main\\app\\Views\\projects\\widgets\\projects_overview_widget.php')
 3 SYSTEMPATH\View\View.php(227): CodeIgniter\View\View->CodeIgniter\View\{closure}()
 4 SYSTEMPATH\Common.php(1180): CodeIgniter\View\View->render('projects/widgets/projects_overview_widget', [], true)
 5 APPPATH\Libraries\Template.php(38): view('projects/widgets/projects_overview_widget', [...])
 6 APPPATH\Helpers\widget_helper.php(1466): App\Libraries\Template->view('projects/widgets/projects_overview_widget', [...])
 7 APPPATH\Controllers\Dashboard.php(1152): projects_overview_widget()
 8 APPPATH\Controllers\Dashboard.php(1048): App\Controllers\Dashboard->_get_widgets_for_staffs('projects_overview', [...])
 9 APPPATH\Controllers\Dashboard.php(1025): App\Controllers\Dashboard->_make_dashboard_widgets('projects_overview')
10 APPPATH\Controllers\Dashboard.php(38): App\Controllers\Dashboard->make_dashboard([...])
11 SYSTEMPATH\CodeIgniter.php(932): App\Controllers\Dashboard->index()
12 SYSTEMPATH\CodeIgniter.php(497): CodeIgniter\CodeIgniter->runController(Object(App\Controllers\Dashboard))
13 SYSTEMPATH\CodeIgniter.php(366): CodeIgniter\CodeIgniter->handleRequest(null, Object(Config\Cache), false)
14 FCPATH\index.php(80): CodeIgniter\CodeIgniter->run()
CRITICAL - 2024-05-29 11:51:56 --> Undefined variable $progress
in APPPATH\Views\projects\widgets\projects_overview_widget.php on line 126.
 1 APPPATH\Views\projects\widgets\projects_overview_widget.php(126): CodeIgniter\Debug\Exceptions->errorHandler(2, 'Undefined variable $progress', 'C:\\xamppp\\htdocs\\ownshop-main\\app\\Views\\projects\\widgets\\projects_overview_widget.php', 126)
 2 SYSTEMPATH\View\View.php(224): include('C:\\xamppp\\htdocs\\ownshop-main\\app\\Views\\projects\\widgets\\projects_overview_widget.php')
 3 SYSTEMPATH\View\View.php(227): CodeIgniter\View\View->CodeIgniter\View\{closure}()
 4 SYSTEMPATH\Common.php(1180): CodeIgniter\View\View->render('projects/widgets/projects_overview_widget', [], true)
 5 APPPATH\Libraries\Template.php(38): view('projects/widgets/projects_overview_widget', [...])
 6 APPPATH\Helpers\widget_helper.php(1466): App\Libraries\Template->view('projects/widgets/projects_overview_widget', [...])
 7 APPPATH\Controllers\Dashboard.php(1152): projects_overview_widget()
 8 APPPATH\Controllers\Dashboard.php(1048): App\Controllers\Dashboard->_get_widgets_for_staffs('projects_overview', [...])
 9 APPPATH\Controllers\Dashboard.php(1025): App\Controllers\Dashboard->_make_dashboard_widgets('projects_overview')
10 APPPATH\Controllers\Dashboard.php(38): App\Controllers\Dashboard->make_dashboard([...])
11 SYSTEMPATH\CodeIgniter.php(932): App\Controllers\Dashboard->index()
12 SYSTEMPATH\CodeIgniter.php(497): CodeIgniter\CodeIgniter->runController(Object(App\Controllers\Dashboard))
13 SYSTEMPATH\CodeIgniter.php(366): CodeIgniter\CodeIgniter->handleRequest(null, Object(Config\Cache), false)
14 FCPATH\index.php(80): CodeIgniter\CodeIgniter->run()
CRITICAL - 2024-05-29 12:40:17 --> Undefined variable $progress
in APPPATH\Views\projects\widgets\projects_overview_widget.php on line 132.
 1 APPPATH\Views\projects\widgets\projects_overview_widget.php(132): CodeIgniter\Debug\Exceptions->errorHandler(2, 'Undefined variable $progress', 'C:\\xamppp\\htdocs\\ownshop-main\\app\\Views\\projects\\widgets\\projects_overview_widget.php', 132)
 2 SYSTEMPATH\View\View.php(224): include('C:\\xamppp\\htdocs\\ownshop-main\\app\\Views\\projects\\widgets\\projects_overview_widget.php')
 3 SYSTEMPATH\View\View.php(227): CodeIgniter\View\View->CodeIgniter\View\{closure}()
 4 SYSTEMPATH\Common.php(1180): CodeIgniter\View\View->render('projects/widgets/projects_overview_widget', [], true)
 5 APPPATH\Libraries\Template.php(38): view('projects/widgets/projects_overview_widget', [...])
 6 APPPATH\Helpers\widget_helper.php(1466): App\Libraries\Template->view('projects/widgets/projects_overview_widget', [...])
 7 APPPATH\Controllers\Dashboard.php(1152): projects_overview_widget()
 8 APPPATH\Controllers\Dashboard.php(1048): App\Controllers\Dashboard->_get_widgets_for_staffs('projects_overview', [...])
 9 APPPATH\Controllers\Dashboard.php(1025): App\Controllers\Dashboard->_make_dashboard_widgets('projects_overview')
10 APPPATH\Controllers\Dashboard.php(38): App\Controllers\Dashboard->make_dashboard([...])
11 SYSTEMPATH\CodeIgniter.php(932): App\Controllers\Dashboard->index()
12 SYSTEMPATH\CodeIgniter.php(497): CodeIgniter\CodeIgniter->runController(Object(App\Controllers\Dashboard))
13 SYSTEMPATH\CodeIgniter.php(366): CodeIgniter\CodeIgniter->handleRequest(null, Object(Config\Cache), false)
14 FCPATH\index.php(80): CodeIgniter\CodeIgniter->run()
CRITICAL - 2024-05-29 12:40:17 --> Undefined variable $progress
in APPPATH\Views\projects\widgets\projects_overview_widget.php on line 132.
 1 APPPATH\Views\projects\widgets\projects_overview_widget.php(132): CodeIgniter\Debug\Exceptions->errorHandler(2, 'Undefined variable $progress', 'C:\\xamppp\\htdocs\\ownshop-main\\app\\Views\\projects\\widgets\\projects_overview_widget.php', 132)
 2 SYSTEMPATH\View\View.php(224): include('C:\\xamppp\\htdocs\\ownshop-main\\app\\Views\\projects\\widgets\\projects_overview_widget.php')
 3 SYSTEMPATH\View\View.php(227): CodeIgniter\View\View->CodeIgniter\View\{closure}()
 4 SYSTEMPATH\Common.php(1180): CodeIgniter\View\View->render('projects/widgets/projects_overview_widget', [], true)
 5 APPPATH\Libraries\Template.php(38): view('projects/widgets/projects_overview_widget', [...])
 6 APPPATH\Helpers\widget_helper.php(1466): App\Libraries\Template->view('projects/widgets/projects_overview_widget', [...])
 7 APPPATH\Controllers\Dashboard.php(1152): projects_overview_widget()
 8 APPPATH\Controllers\Dashboard.php(1048): App\Controllers\Dashboard->_get_widgets_for_staffs('projects_overview', [...])
 9 APPPATH\Controllers\Dashboard.php(1025): App\Controllers\Dashboard->_make_dashboard_widgets('projects_overview')
10 APPPATH\Controllers\Dashboard.php(38): App\Controllers\Dashboard->make_dashboard([...])
11 SYSTEMPATH\CodeIgniter.php(932): App\Controllers\Dashboard->index()
12 SYSTEMPATH\CodeIgniter.php(497): CodeIgniter\CodeIgniter->runController(Object(App\Controllers\Dashboard))
13 SYSTEMPATH\CodeIgniter.php(366): CodeIgniter\CodeIgniter->handleRequest(null, Object(Config\Cache), false)
14 FCPATH\index.php(80): CodeIgniter\CodeIgniter->run()
CRITICAL - 2024-05-29 12:40:28 --> Undefined variable $progress
in APPPATH\Views\projects\widgets\projects_overview_widget.php on line 132.
 1 APPPATH\Views\projects\widgets\projects_overview_widget.php(132): CodeIgniter\Debug\Exceptions->errorHandler(2, 'Undefined variable $progress', 'C:\\xamppp\\htdocs\\ownshop-main\\app\\Views\\projects\\widgets\\projects_overview_widget.php', 132)
 2 SYSTEMPATH\View\View.php(224): include('C:\\xamppp\\htdocs\\ownshop-main\\app\\Views\\projects\\widgets\\projects_overview_widget.php')
 3 SYSTEMPATH\View\View.php(227): CodeIgniter\View\View->CodeIgniter\View\{closure}()
 4 SYSTEMPATH\Common.php(1180): CodeIgniter\View\View->render('projects/widgets/projects_overview_widget', [], true)
 5 APPPATH\Libraries\Template.php(38): view('projects/widgets/projects_overview_widget', [...])
 6 APPPATH\Helpers\widget_helper.php(1466): App\Libraries\Template->view('projects/widgets/projects_overview_widget', [...])
 7 APPPATH\Controllers\Dashboard.php(1152): projects_overview_widget()
 8 APPPATH\Controllers\Dashboard.php(1048): App\Controllers\Dashboard->_get_widgets_for_staffs('projects_overview', [...])
 9 APPPATH\Controllers\Dashboard.php(1025): App\Controllers\Dashboard->_make_dashboard_widgets('projects_overview')
10 APPPATH\Controllers\Dashboard.php(38): App\Controllers\Dashboard->make_dashboard([...])
11 SYSTEMPATH\CodeIgniter.php(932): App\Controllers\Dashboard->index()
12 SYSTEMPATH\CodeIgniter.php(497): CodeIgniter\CodeIgniter->runController(Object(App\Controllers\Dashboard))
13 SYSTEMPATH\CodeIgniter.php(366): CodeIgniter\CodeIgniter->handleRequest(null, Object(Config\Cache), false)
14 FCPATH\index.php(80): CodeIgniter\CodeIgniter->run()
CRITICAL - 2024-05-29 12:40:30 --> Undefined variable $progress
in APPPATH\Views\projects\widgets\projects_overview_widget.php on line 132.
 1 APPPATH\Views\projects\widgets\projects_overview_widget.php(132): CodeIgniter\Debug\Exceptions->errorHandler(2, 'Undefined variable $progress', 'C:\\xamppp\\htdocs\\ownshop-main\\app\\Views\\projects\\widgets\\projects_overview_widget.php', 132)
 2 SYSTEMPATH\View\View.php(224): include('C:\\xamppp\\htdocs\\ownshop-main\\app\\Views\\projects\\widgets\\projects_overview_widget.php')
 3 SYSTEMPATH\View\View.php(227): CodeIgniter\View\View->CodeIgniter\View\{closure}()
 4 SYSTEMPATH\Common.php(1180): CodeIgniter\View\View->render('projects/widgets/projects_overview_widget', [], true)
 5 APPPATH\Libraries\Template.php(38): view('projects/widgets/projects_overview_widget', [...])
 6 APPPATH\Helpers\widget_helper.php(1466): App\Libraries\Template->view('projects/widgets/projects_overview_widget', [...])
 7 APPPATH\Controllers\Dashboard.php(1152): projects_overview_widget()
 8 APPPATH\Controllers\Dashboard.php(1048): App\Controllers\Dashboard->_get_widgets_for_staffs('projects_overview', [...])
 9 APPPATH\Controllers\Dashboard.php(1025): App\Controllers\Dashboard->_make_dashboard_widgets('projects_overview')
10 APPPATH\Controllers\Dashboard.php(38): App\Controllers\Dashboard->make_dashboard([...])
11 SYSTEMPATH\CodeIgniter.php(932): App\Controllers\Dashboard->index()
12 SYSTEMPATH\CodeIgniter.php(497): CodeIgniter\CodeIgniter->runController(Object(App\Controllers\Dashboard))
13 SYSTEMPATH\CodeIgniter.php(366): CodeIgniter\CodeIgniter->handleRequest(null, Object(Config\Cache), false)
14 FCPATH\index.php(80): CodeIgniter\CodeIgniter->run()
CRITICAL - 2024-05-29 13:00:59 --> The action you requested is not allowed.
in SYSTEMPATH\Security\Security.php on line 306.
 1 SYSTEMPATH\Security\Security.php(306): CodeIgniter\Security\Exceptions\SecurityException::forDisallowedAction()
 2 SYSTEMPATH\Filters\CSRF.php(55): CodeIgniter\Security\Security->verify(Object(CodeIgniter\HTTP\IncomingRequest))
 3 SYSTEMPATH\Filters\Filters.php(173): CodeIgniter\Filters\CSRF->before(Object(CodeIgniter\HTTP\IncomingRequest), null)
 4 SYSTEMPATH\CodeIgniter.php(471): CodeIgniter\Filters\Filters->run('tasks/get_task_statuses_dropdown/', 'before')
 5 SYSTEMPATH\CodeIgniter.php(366): CodeIgniter\CodeIgniter->handleRequest(null, Object(Config\Cache), false)
 6 FCPATH\index.php(80): CodeIgniter\CodeIgniter->run()
CRITICAL - 2024-05-29 13:00:59 --> The action you requested is not allowed.
in SYSTEMPATH\Security\Security.php on line 306.
 1 SYSTEMPATH\Security\Security.php(306): CodeIgniter\Security\Exceptions\SecurityException::forDisallowedAction()
 2 SYSTEMPATH\Filters\CSRF.php(55): CodeIgniter\Security\Security->verify(Object(CodeIgniter\HTTP\IncomingRequest))
 3 SYSTEMPATH\Filters\Filters.php(173): CodeIgniter\Filters\CSRF->before(Object(CodeIgniter\HTTP\IncomingRequest), null)
 4 SYSTEMPATH\CodeIgniter.php(471): CodeIgniter\Filters\Filters->run('expenses/income_vs_expenses_chart_data', 'before')
 5 SYSTEMPATH\CodeIgniter.php(366): CodeIgniter\CodeIgniter->handleRequest(null, Object(Config\Cache), false)
 6 FCPATH\index.php(80): CodeIgniter\CodeIgniter->run()
CRITICAL - 2024-05-29 13:09:54 --> The action you requested is not allowed.
in SYSTEMPATH\Security\Security.php on line 306.
 1 SYSTEMPATH\Security\Security.php(306): CodeIgniter\Security\Exceptions\SecurityException::forDisallowedAction()
 2 SYSTEMPATH\Filters\CSRF.php(55): CodeIgniter\Security\Security->verify(Object(CodeIgniter\HTTP\IncomingRequest))
 3 SYSTEMPATH\Filters\Filters.php(173): CodeIgniter\Filters\CSRF->before(Object(CodeIgniter\HTTP\IncomingRequest), null)
 4 SYSTEMPATH\CodeIgniter.php(471): CodeIgniter\Filters\Filters->run('expenses/income_vs_expenses_chart_data', 'before')
 5 SYSTEMPATH\CodeIgniter.php(366): CodeIgniter\CodeIgniter->handleRequest(null, Object(Config\Cache), false)
 6 FCPATH\index.php(80): CodeIgniter\CodeIgniter->run()
CRITICAL - 2024-05-29 13:09:54 --> The action you requested is not allowed.
in SYSTEMPATH\Security\Security.php on line 306.
 1 SYSTEMPATH\Security\Security.php(306): CodeIgniter\Security\Exceptions\SecurityException::forDisallowedAction()
 2 SYSTEMPATH\Filters\CSRF.php(55): CodeIgniter\Security\Security->verify(Object(CodeIgniter\HTTP\IncomingRequest))
 3 SYSTEMPATH\Filters\Filters.php(173): CodeIgniter\Filters\CSRF->before(Object(CodeIgniter\HTTP\IncomingRequest), null)
 4 SYSTEMPATH\CodeIgniter.php(471): CodeIgniter\Filters\Filters->run('tasks/get_task_statuses_dropdown/', 'before')
 5 SYSTEMPATH\CodeIgniter.php(366): CodeIgniter\CodeIgniter->handleRequest(null, Object(Config\Cache), false)
 6 FCPATH\index.php(80): CodeIgniter\CodeIgniter->run()
CRITICAL - 2024-05-29 13:10:26 --> The action you requested is not allowed.
in SYSTEMPATH\Security\Security.php on line 306.
 1 SYSTEMPATH\Security\Security.php(306): CodeIgniter\Security\Exceptions\SecurityException::forDisallowedAction()
 2 SYSTEMPATH\Filters\CSRF.php(55): CodeIgniter\Security\Security->verify(Object(CodeIgniter\HTTP\IncomingRequest))
 3 SYSTEMPATH\Filters\Filters.php(173): CodeIgniter\Filters\CSRF->before(Object(CodeIgniter\HTTP\IncomingRequest), null)
 4 SYSTEMPATH\CodeIgniter.php(471): CodeIgniter\Filters\Filters->run('tasks/get_task_statuses_dropdown/', 'before')
 5 SYSTEMPATH\CodeIgniter.php(366): CodeIgniter\CodeIgniter->handleRequest(null, Object(Config\Cache), false)
 6 FCPATH\index.php(80): CodeIgniter\CodeIgniter->run()
CRITICAL - 2024-05-29 13:10:26 --> The action you requested is not allowed.
in SYSTEMPATH\Security\Security.php on line 306.
 1 SYSTEMPATH\Security\Security.php(306): CodeIgniter\Security\Exceptions\SecurityException::forDisallowedAction()
 2 SYSTEMPATH\Filters\CSRF.php(55): CodeIgniter\Security\Security->verify(Object(CodeIgniter\HTTP\IncomingRequest))
 3 SYSTEMPATH\Filters\Filters.php(173): CodeIgniter\Filters\CSRF->before(Object(CodeIgniter\HTTP\IncomingRequest), null)
 4 SYSTEMPATH\CodeIgniter.php(471): CodeIgniter\Filters\Filters->run('expenses/income_vs_expenses_chart_data', 'before')
 5 SYSTEMPATH\CodeIgniter.php(366): CodeIgniter\CodeIgniter->handleRequest(null, Object(Config\Cache), false)
 6 FCPATH\index.php(80): CodeIgniter\CodeIgniter->run()
CRITICAL - 2024-05-29 13:10:39 --> The action you requested is not allowed.
in SYSTEMPATH\Security\Security.php on line 306.
 1 SYSTEMPATH\Security\Security.php(306): CodeIgniter\Security\Exceptions\SecurityException::forDisallowedAction()
 2 SYSTEMPATH\Filters\CSRF.php(55): CodeIgniter\Security\Security->verify(Object(CodeIgniter\HTTP\IncomingRequest))
 3 SYSTEMPATH\Filters\Filters.php(173): CodeIgniter\Filters\CSRF->before(Object(CodeIgniter\HTTP\IncomingRequest), null)
 4 SYSTEMPATH\CodeIgniter.php(471): CodeIgniter\Filters\Filters->run('tasks/get_task_statuses_dropdown/', 'before')
 5 SYSTEMPATH\CodeIgniter.php(366): CodeIgniter\CodeIgniter->handleRequest(null, Object(Config\Cache), false)
 6 FCPATH\index.php(80): CodeIgniter\CodeIgniter->run()
CRITICAL - 2024-05-29 13:10:39 --> The action you requested is not allowed.
in SYSTEMPATH\Security\Security.php on line 306.
 1 SYSTEMPATH\Security\Security.php(306): CodeIgniter\Security\Exceptions\SecurityException::forDisallowedAction()
 2 SYSTEMPATH\Filters\CSRF.php(55): CodeIgniter\Security\Security->verify(Object(CodeIgniter\HTTP\IncomingRequest))
 3 SYSTEMPATH\Filters\Filters.php(173): CodeIgniter\Filters\CSRF->before(Object(CodeIgniter\HTTP\IncomingRequest), null)
 4 SYSTEMPATH\CodeIgniter.php(471): CodeIgniter\Filters\Filters->run('expenses/income_vs_expenses_chart_data', 'before')
 5 SYSTEMPATH\CodeIgniter.php(366): CodeIgniter\CodeIgniter->handleRequest(null, Object(Config\Cache), false)
 6 FCPATH\index.php(80): CodeIgniter\CodeIgniter->run()
CRITICAL - 2024-05-29 13:12:42 --> The action you requested is not allowed.
in SYSTEMPATH\Security\Security.php on line 306.
 1 SYSTEMPATH\Security\Security.php(306): CodeIgniter\Security\Exceptions\SecurityException::forDisallowedAction()
 2 SYSTEMPATH\Filters\CSRF.php(55): CodeIgniter\Security\Security->verify(Object(CodeIgniter\HTTP\IncomingRequest))
 3 SYSTEMPATH\Filters\Filters.php(173): CodeIgniter\Filters\CSRF->before(Object(CodeIgniter\HTTP\IncomingRequest), null)
 4 SYSTEMPATH\CodeIgniter.php(471): CodeIgniter\Filters\Filters->run('expenses/income_vs_expenses_chart_data', 'before')
 5 SYSTEMPATH\CodeIgniter.php(366): CodeIgniter\CodeIgniter->handleRequest(null, Object(Config\Cache), false)
 6 FCPATH\index.php(80): CodeIgniter\CodeIgniter->run()
CRITICAL - 2024-05-29 13:12:42 --> The action you requested is not allowed.
in SYSTEMPATH\Security\Security.php on line 306.
 1 SYSTEMPATH\Security\Security.php(306): CodeIgniter\Security\Exceptions\SecurityException::forDisallowedAction()
 2 SYSTEMPATH\Filters\CSRF.php(55): CodeIgniter\Security\Security->verify(Object(CodeIgniter\HTTP\IncomingRequest))
 3 SYSTEMPATH\Filters\Filters.php(173): CodeIgniter\Filters\CSRF->before(Object(CodeIgniter\HTTP\IncomingRequest), null)
 4 SYSTEMPATH\CodeIgniter.php(471): CodeIgniter\Filters\Filters->run('tasks/get_task_statuses_dropdown/', 'before')
 5 SYSTEMPATH\CodeIgniter.php(366): CodeIgniter\CodeIgniter->handleRequest(null, Object(Config\Cache), false)
 6 FCPATH\index.php(80): CodeIgniter\CodeIgniter->run()
CRITICAL - 2024-05-29 13:15:13 --> The action you requested is not allowed.
in SYSTEMPATH\Security\Security.php on line 306.
 1 SYSTEMPATH\Security\Security.php(306): CodeIgniter\Security\Exceptions\SecurityException::forDisallowedAction()
 2 SYSTEMPATH\Filters\CSRF.php(55): CodeIgniter\Security\Security->verify(Object(CodeIgniter\HTTP\IncomingRequest))
 3 SYSTEMPATH\Filters\Filters.php(173): CodeIgniter\Filters\CSRF->before(Object(CodeIgniter\HTTP\IncomingRequest), null)
 4 SYSTEMPATH\CodeIgniter.php(471): CodeIgniter\Filters\Filters->run('expenses/income_vs_expenses_chart_data', 'before')
 5 SYSTEMPATH\CodeIgniter.php(366): CodeIgniter\CodeIgniter->handleRequest(null, Object(Config\Cache), false)
 6 FCPATH\index.php(80): CodeIgniter\CodeIgniter->run()
CRITICAL - 2024-05-29 13:15:13 --> The action you requested is not allowed.
in SYSTEMPATH\Security\Security.php on line 306.
 1 SYSTEMPATH\Security\Security.php(306): CodeIgniter\Security\Exceptions\SecurityException::forDisallowedAction()
 2 SYSTEMPATH\Filters\CSRF.php(55): CodeIgniter\Security\Security->verify(Object(CodeIgniter\HTTP\IncomingRequest))
 3 SYSTEMPATH\Filters\Filters.php(173): CodeIgniter\Filters\CSRF->before(Object(CodeIgniter\HTTP\IncomingRequest), null)
 4 SYSTEMPATH\CodeIgniter.php(471): CodeIgniter\Filters\Filters->run('tasks/get_task_statuses_dropdown/', 'before')
 5 SYSTEMPATH\CodeIgniter.php(366): CodeIgniter\CodeIgniter->handleRequest(null, Object(Config\Cache), false)
 6 FCPATH\index.php(80): CodeIgniter\CodeIgniter->run()
CRITICAL - 2024-05-29 13:16:13 --> The action you requested is not allowed.
in SYSTEMPATH\Security\Security.php on line 306.
 1 SYSTEMPATH\Security\Security.php(306): CodeIgniter\Security\Exceptions\SecurityException::forDisallowedAction()
 2 SYSTEMPATH\Filters\CSRF.php(55): CodeIgniter\Security\Security->verify(Object(CodeIgniter\HTTP\IncomingRequest))
 3 SYSTEMPATH\Filters\Filters.php(173): CodeIgniter\Filters\CSRF->before(Object(CodeIgniter\HTTP\IncomingRequest), null)
 4 SYSTEMPATH\CodeIgniter.php(471): CodeIgniter\Filters\Filters->run('tasks/get_task_statuses_dropdown/', 'before')
 5 SYSTEMPATH\CodeIgniter.php(366): CodeIgniter\CodeIgniter->handleRequest(null, Object(Config\Cache), false)
 6 FCPATH\index.php(80): CodeIgniter\CodeIgniter->run()
CRITICAL - 2024-05-29 13:16:13 --> The action you requested is not allowed.
in SYSTEMPATH\Security\Security.php on line 306.
 1 SYSTEMPATH\Security\Security.php(306): CodeIgniter\Security\Exceptions\SecurityException::forDisallowedAction()
 2 SYSTEMPATH\Filters\CSRF.php(55): CodeIgniter\Security\Security->verify(Object(CodeIgniter\HTTP\IncomingRequest))
 3 SYSTEMPATH\Filters\Filters.php(173): CodeIgniter\Filters\CSRF->before(Object(CodeIgniter\HTTP\IncomingRequest), null)
 4 SYSTEMPATH\CodeIgniter.php(471): CodeIgniter\Filters\Filters->run('expenses/income_vs_expenses_chart_data', 'before')
 5 SYSTEMPATH\CodeIgniter.php(366): CodeIgniter\CodeIgniter->handleRequest(null, Object(Config\Cache), false)
 6 FCPATH\index.php(80): CodeIgniter\CodeIgniter->run()
CRITICAL - 2024-05-29 13:16:21 --> The action you requested is not allowed.
in SYSTEMPATH\Security\Security.php on line 306.
 1 SYSTEMPATH\Security\Security.php(306): CodeIgniter\Security\Exceptions\SecurityException::forDisallowedAction()
 2 SYSTEMPATH\Filters\CSRF.php(55): CodeIgniter\Security\Security->verify(Object(CodeIgniter\HTTP\IncomingRequest))
 3 SYSTEMPATH\Filters\Filters.php(173): CodeIgniter\Filters\CSRF->before(Object(CodeIgniter\HTTP\IncomingRequest), null)
 4 SYSTEMPATH\CodeIgniter.php(471): CodeIgniter\Filters\Filters->run('expenses/income_vs_expenses_chart_data', 'before')
 5 SYSTEMPATH\CodeIgniter.php(366): CodeIgniter\CodeIgniter->handleRequest(null, Object(Config\Cache), false)
 6 FCPATH\index.php(80): CodeIgniter\CodeIgniter->run()
CRITICAL - 2024-05-29 13:16:21 --> The action you requested is not allowed.
in SYSTEMPATH\Security\Security.php on line 306.
 1 SYSTEMPATH\Security\Security.php(306): CodeIgniter\Security\Exceptions\SecurityException::forDisallowedAction()
 2 SYSTEMPATH\Filters\CSRF.php(55): CodeIgniter\Security\Security->verify(Object(CodeIgniter\HTTP\IncomingRequest))
 3 SYSTEMPATH\Filters\Filters.php(173): CodeIgniter\Filters\CSRF->before(Object(CodeIgniter\HTTP\IncomingRequest), null)
 4 SYSTEMPATH\CodeIgniter.php(471): CodeIgniter\Filters\Filters->run('tasks/get_task_statuses_dropdown/', 'before')
 5 SYSTEMPATH\CodeIgniter.php(366): CodeIgniter\CodeIgniter->handleRequest(null, Object(Config\Cache), false)
 6 FCPATH\index.php(80): CodeIgniter\CodeIgniter->run()
CRITICAL - 2024-05-29 13:16:37 --> The action you requested is not allowed.
in SYSTEMPATH\Security\Security.php on line 306.
 1 SYSTEMPATH\Security\Security.php(306): CodeIgniter\Security\Exceptions\SecurityException::forDisallowedAction()
 2 SYSTEMPATH\Filters\CSRF.php(55): CodeIgniter\Security\Security->verify(Object(CodeIgniter\HTTP\IncomingRequest))
 3 SYSTEMPATH\Filters\Filters.php(173): CodeIgniter\Filters\CSRF->before(Object(CodeIgniter\HTTP\IncomingRequest), null)
 4 SYSTEMPATH\CodeIgniter.php(471): CodeIgniter\Filters\Filters->run('expenses/income_vs_expenses_chart_data', 'before')
 5 SYSTEMPATH\CodeIgniter.php(366): CodeIgniter\CodeIgniter->handleRequest(null, Object(Config\Cache), false)
 6 FCPATH\index.php(80): CodeIgniter\CodeIgniter->run()
CRITICAL - 2024-05-29 13:16:37 --> The action you requested is not allowed.
in SYSTEMPATH\Security\Security.php on line 306.
 1 SYSTEMPATH\Security\Security.php(306): CodeIgniter\Security\Exceptions\SecurityException::forDisallowedAction()
 2 SYSTEMPATH\Filters\CSRF.php(55): CodeIgniter\Security\Security->verify(Object(CodeIgniter\HTTP\IncomingRequest))
 3 SYSTEMPATH\Filters\Filters.php(173): CodeIgniter\Filters\CSRF->before(Object(CodeIgniter\HTTP\IncomingRequest), null)
 4 SYSTEMPATH\CodeIgniter.php(471): CodeIgniter\Filters\Filters->run('tasks/get_task_statuses_dropdown/', 'before')
 5 SYSTEMPATH\CodeIgniter.php(366): CodeIgniter\CodeIgniter->handleRequest(null, Object(Config\Cache), false)
 6 FCPATH\index.php(80): CodeIgniter\CodeIgniter->run()
CRITICAL - 2024-05-29 13:16:45 --> The action you requested is not allowed.
in SYSTEMPATH\Security\Security.php on line 306.
 1 SYSTEMPATH\Security\Security.php(306): CodeIgniter\Security\Exceptions\SecurityException::forDisallowedAction()
 2 SYSTEMPATH\Filters\CSRF.php(55): CodeIgniter\Security\Security->verify(Object(CodeIgniter\HTTP\IncomingRequest))
 3 SYSTEMPATH\Filters\Filters.php(173): CodeIgniter\Filters\CSRF->before(Object(CodeIgniter\HTTP\IncomingRequest), null)
 4 SYSTEMPATH\CodeIgniter.php(471): CodeIgniter\Filters\Filters->run('tasks/get_task_statuses_dropdown/', 'before')
 5 SYSTEMPATH\CodeIgniter.php(366): CodeIgniter\CodeIgniter->handleRequest(null, Object(Config\Cache), false)
 6 FCPATH\index.php(80): CodeIgniter\CodeIgniter->run()
CRITICAL - 2024-05-29 13:16:45 --> The action you requested is not allowed.
in SYSTEMPATH\Security\Security.php on line 306.
 1 SYSTEMPATH\Security\Security.php(306): CodeIgniter\Security\Exceptions\SecurityException::forDisallowedAction()
 2 SYSTEMPATH\Filters\CSRF.php(55): CodeIgniter\Security\Security->verify(Object(CodeIgniter\HTTP\IncomingRequest))
 3 SYSTEMPATH\Filters\Filters.php(173): CodeIgniter\Filters\CSRF->before(Object(CodeIgniter\HTTP\IncomingRequest), null)
 4 SYSTEMPATH\CodeIgniter.php(471): CodeIgniter\Filters\Filters->run('expenses/income_vs_expenses_chart_data', 'before')
 5 SYSTEMPATH\CodeIgniter.php(366): CodeIgniter\CodeIgniter->handleRequest(null, Object(Config\Cache), false)
 6 FCPATH\index.php(80): CodeIgniter\CodeIgniter->run()
